Iteration	Posterior	Likelihood	Prior	rate_log_sd	rate_loss	tree_length
0	-75.6524	-112.0074	36.35498	1.623736	37.89341	0.3046931
6	-77.27037	-115.5833	38.31297	1.623736	12.89541	0.3474803
12	-77.36296	-112.3913	35.02837	1.623736	77.19351	0.4328912
18	-68.07792	-104.0273	35.94937	1.66697	34.91735	0.1273531
24	-75.92378	-117.8854	41.96161	0.8017317	1.691287	0.6679399
30	-69.82496	-107.7448	37.91985	1.549471	16.14478	0.2727471
36	-70.02992	-111.7534	41.72343	1.031932	1.634899	0.7469087
42	-68.59784	-110.4008	41.80295	1.031932	1.634899	0.5849036
48	-70.97379	-113.3768	42.40297	0.5637595	1.070544	1.026948
54	-71.82993	-112.8656	41.03564	0.7938782	2.898972	1.026948
60	-75.73598	-117.5257	41.78968	0.8083496	1.379868	1.122834
66	-76.64345	-117.4147	40.7713	1.323048	3.017319	0.6023515
72	-76.99511	-117.927	40.93184	0.7283584	4.249013	0.5242497
78	-73.78638	-117.2878	43.50141	0.5989766	0.3118175	0.9570335
84	-74.69464	-118.5898	43.89514	0.082343	0.4859907	0.6725592
90	-70.77627	-113.8399	43.06362	0.5883555	0.7020099	0.6861689
96	-78.67906	-119.5055	40.82647	1.050854	3.38705	0.3199772
102	-80.77892	-124.119	43.34008	0.4844089	0.2657817	1.305077
108	-80.31529	-122.4781	42.1628	1.618458	0.5454549	0.2745396
114	-80.70182	-122.5991	41.89724	0.03413422	3.055841	0.8449472
120	-76.31521	-119.4041	43.08885	0.0430505	1.07774	0.8411885
126	-78.03804	-120.3881	42.35007	0.5333418	1.378043	0.8294037
132	-71.51769	-114.6182	43.10049	0.5626574	0.716366	0.623216
138	-67.08807	-109.8895	42.8014	0.7843041	0.716366	0.7633503
144	-67.1996	-109.9588	42.75916	0.7843041	0.8023015	0.6558515
150	-69.7765	-110.7401	40.96359	0.5998143	3.78333	0.9459411
156	-70.46192	-114.3628	43.90093	0.9765653	0.1262068	0.6239896
162	-66.78232	-110.164	43.38168	1.090988	0.2652051	0.5461974
168	-67.54907	-110.4628	42.91375	0.6476039	0.3726751	1.323483
174	-68.76971	-111.8867	43.11699	0.8416935	0.3403998	1.035939
180	-71.64119	-113.153	41.51181	0.1252375	1.485181	1.79891
186	-68.5254	-111.1915	42.66613	0.1674455	1.485181	0.7878015
192	-65.88665	-108.0485	42.16186	0.65235	1.566102	0.7301924
198	-70.56208	-112.234	41.67194	0.25051	2.95738	0.9041621
204	-67.73011	-109.0948	41.36473	0.3712696	1.929578	1.515664
210	-72.69384	-114.4612	41.76741	0.4876762	2.127981	0.9810574
216	-68.35198	-110.6588	42.30679	0.9890544	1.047208	0.6263622
222	-71.53601	-112.8338	41.29776	1.474241	1.733074	0.4327821
228	-69.16274	-111.5494	42.38664	0.9162742	1.067947	0.4852884
234	-72.22898	-114.0733	41.84436	0.8520879	1.504511	0.9347923
240	-70.7384	-113.5238	42.78543	0.9730926	0.6589572	0.5590145
246	-76.04657	-116.7812	40.73461	1.179888	3.510984	0.4684475
252	-71.78239	-114.2133	42.43087	0.940009	0.9477647	0.6791201
258	-71.57981	-113.375	41.79519	0.940009	1.481183	0.9112718
264	-68.02627	-109.9183	41.89204	0.5171982	1.709907	1.078225
270	-69.67963	-112.4393	42.75963	1.036998	0.4956721	0.9011916
276	-69.46833	-113.0003	43.53197	0.2078496	0.6274589	0.7089842
282	-68.07777	-110.4154	42.33764	0.5692073	1.512332	0.6272258
288	-70.80225	-114.1413	43.33904	0.5078006	0.5973415	0.5509962
294	-71.93895	-113.3459	41.40697	1.023293	1.992773	0.875037
300	-74.04419	-116.3385	42.29428	0.8485738	1.164419	0.7139002
306	-76.5243	-119.0765	42.55218	1.223098	0.6463364	0.5614425
312	-72.81061	-115.9886	43.17796	0.1321092	0.4726249	1.375325
318	-71.10193	-112.4552	41.35328	0.1484565	1.353242	1.960034
324	-72.51915	-113.7343	41.21517	0.2054186	3.352667	1.227064
330	-68.06767	-110.6413	42.5736	0.2613762	1.233989	1.011963
336	-67.57775	-110.0745	42.49679	0.5538274	0.9278305	1.083095
342	-79.00039	-120.1039	41.10352	0.3680724	3.417061	1.161834
348	-73.57286	-116.9515	43.37865	0.4006732	0.6478258	0.4791853
354	-67.85386	-110.4818	42.62789	0.8324551	0.9117325	0.4824251
360	-73.45548	-114.2564	40.80089	0.9224515	3.873509	0.3429551
366	-69.80768	-111.1073	41.29959	0.475522	3.873509	0.5783988
372	-75.36413	-116.7179	41.35374	1.299287	1.695054	0.2712376
378	-75.58254	-118.8093	43.22672	1.11855	0.2988871	0.6747105
384	-75.34025	-116.6572	41.31693	1.11855	2.264605	0.6402139
390	-69.82553	-112.3229	42.49738	0.6461428	0.9545316	0.9648932
396	-67.49295	-109.2336	41.74067	0.1657799	2.387394	1.177383
402	-71.58504	-113.4019	41.81681	0.6449702	2.1786	0.6816259
408	-67.37931	-108.8017	41.42242	1.017029	2.258904	0.6380744
414	-68.92106	-110.7897	41.86863	0.3069219	2.199137	1.021312
420	-70.1142	-112.1181	42.00389	0.9521275	1.37238	0.7347029
426	-69.45933	-111.6193	42.16002	0.6151277	1.568269	0.7853919
432	-67.15983	-109.6609	42.50107	0.3280288	1.26882	0.9884505
438	-70.87958	-113.4646	42.58499	0.7318326	0.7784928	0.9884505
444	-75.72303	-118.5548	42.83172	0.7881188	0.761083	0.5867002
450	-65.17973	-108.6181	43.43841	0.1549206	0.6330353	0.8945664
456	-73.10669	-114.692	41.58532	0.8632909	1.933422	0.8945664
462	-82.1428	-122.8614	40.71861	0.06948052	3.465563	1.678237
468	-87.85698	-129.4611	41.60408	0.1540542	1.555117	1.678237
474	-83.90334	-125.6605	41.75711	0.4356875	2.148852	1.031427
480	-78.79263	-120.6788	41.88614	0.3352735	2.340206	0.8948168
486	-78.96648	-120.6732	41.70673	0.8583878	1.324655	1.190509
492	-76.11313	-119.2378	43.12468	0.01397862	0.4270495	1.566746
498	-75.30287	-117.0417	41.73884	0.06554985	1.712162	1.566746
504	-71.50424	-113.5466	42.04233	0.7292868	1.126169	1.159125
510	-85.5687	-126.5468	40.9781	0.5958706	3.178867	1.154293
516	-83.99428	-124.8231	40.82884	0.3115929	2.539239	1.70889
522	-77.91145	-119.425	41.51354	0.7797771	1.753955	1.156963
528	-86.8837	-126.3477	39.46403	0.7797771	1.753955	2.583368
534	-87.51748	-129.2616	41.74415	0.742794	0.7948653	1.649719
540	-89.44759	-129.1526	39.70505	1.066612	6.546951	0.9703413
546	-86.34557	-123.9472	37.60168	1.448492	20.74152	0.2810981
552	-85.84838	-123.8596	38.01125	1.448492	16.59449	0.2973006
558	-89.47683	-130.5956	41.11873	1.025758	2.942075	0.5155651
564	-73.57679	-115.1168	41.54005	0.6057109	2.920739	0.5678041
570	-77.99454	-121.1453	43.15077	0.5966756	0.6717563	0.5116148
576	-73.98566	-116.6508	42.66511	0.7462146	0.7701761	0.8985498
582	-78.682	-122.2256	43.54362	0.8318942	0.2922625	0.6443857
588	-78.63464	-120.8847	42.25005	0.5034786	1.566467	0.8158863
594	-75.07573	-116.9071	41.83135	0.4484283	1.212525	1.493337
600	-85.52546	-125.9535	40.42808	0.9164527	5.15775	0.6716971
606	-85.28053	-128.0278	42.74727	0.5698893	0.8165772	0.941334
612	-79.14232	-120.4567	41.31439	0.7895879	2.717013	0.8147731
618	-77.67544	-119.1844	41.50899	0.1736938	2.717013	1.23227
624	-73.35345	-116.462	43.10851	0.5655147	0.5243759	0.9820491
630	-73.12263	-115.8826	42.75999	0.7597799	0.8428481	0.4129517
636	-70.41412	-113.4954	43.08125	0.8498003	0.543076	0.5362463
642	-73.10435	-115.7268	42.62244	0.7905837	0.8819122	0.7279925
648	-72.27328	-114.9843	42.71105	0.2659371	1.252553	0.8398983
654	-73.00343	-113.3009	40.2975	1.35476	3.427118	0.2069568
660	-70.42962	-112.8409	42.41126	0.2538251	1.731309	0.7837509
666	-70.45043	-111.0094	40.559	0.2750146	6.992358	0.7837509
672	-71.09414	-112.1274	41.03322	1.277174	2.568017	0.4520162
678	-75.06188	-116.7501	41.68825	0.8688373	1.936688	0.7536225
684	-72.88687	-114.6664	41.7795	0.8434204	1.885626	0.6976168
690	-74.65892	-118.0232	43.36425	0.4815064	0.4804986	0.8741578
696	-79.26112	-121.2797	42.01862	1.001477	1.344453	0.6604749
702	-69.46865	-111.4522	41.98351	1.078976	1.341793	0.4665835
708	-72.54258	-114.6648	42.12217	0.362487	1.451454	1.174544
714	-70.87843	-113.3133	42.43487	0.09330666	1.965676	0.7704395
720	-69.64944	-112.8808	43.23134	0.186961	0.5072804	1.240595
726	-72.11541	-115.3032	43.18781	0.4979712	0.4118079	1.154921
732	-77.25182	-119.6057	42.35384	0.2586458	1.703105	0.8736895
738	-78.85983	-121.4152	42.55535	0.7178579	0.7888545	1.019532
744	-70.02672	-113.7226	43.69586	0.4161146	0.3661344	0.8082403
750	-68.777	-110.4912	41.71421	0.2677632	1.957083	1.312446
756	-73.0301	-115.0691	42.03897	0.5991365	1.957083	0.5443805
762	-77.25648	-117.3063	40.04982	0.9609729	6.720107	0.4943174
768	-74.187	-115.9199	41.73285	1.551088	1.082712	0.4496452
774	-81.05625	-119.9246	38.86838	1.551088	9.181425	0.2943794
780	-75.17943	-116.4456	41.2662	1.11112	2.175794	0.2802812
786	-75.94173	-118.2023	42.26058	0.07775371	2.483863	0.6009994
792	-75.03149	-118.9855	43.95403	0.1288993	0.4002774	0.7544423
798	-68.84072	-110.952	42.11129	0.7096624	1.668104	0.5476288
804	-70.81794	-113.5749	42.75692	1.223459	0.4786292	0.6905509
810	-73.57454	-116.2274	42.65289	0.7342461	0.8462529	0.8208352
816	-73.31601	-115.3751	42.05913	0.5493562	1.204133	1.239443
822	-77.99663	-119.7749	41.77826	0.08089677	1.480902	1.644598
828	-70.6935	-112.5569	41.86341	0.3355034	2.007948	1.101215
834	-79.26405	-121.2559	41.99189	0.8796716	1.259404	0.9527872
840	-77.26201	-118.6732	41.41115	0.4660317	1.933074	1.406726
846	-78.0613	-120.2315	42.17016	0.04107398	1.933074	1.130312
852	-72.99781	-114.5311	41.53334	0.5579467	2.09317	1.153863
858	-77.14372	-118.093	40.94932	0.7969673	3.99056	0.5024181
864	-80.07864	-123.8438	43.76519	0.6419	0.2703243	0.6879197
870	-84.26585	-126.9532	42.68732	0.4976818	0.8574335	1.028248
876	-80.80663	-123.0039	42.19725	0.4851722	1.838925	0.6365497
882	-73.19383	-115.6912	42.49732	1.689056	0.3548804	0.3210809
888	-67.38337	-109.6168	42.23342	0.3103233	1.729432	0.9312586
894	-72.12915	-115.5076	43.37846	0.2587913	0.4277025	1.171479
900	-83.21274	-126.1528	42.94008	1.413949	0.3073607	0.4036264
906	-86.54978	-128.6272	42.07742	1.134014	1.098363	0.3425557
912	-76.16185	-119.6198	43.45793	0.6931545	0.4089968	0.5839093
918	-77.81535	-120.627	42.81162	1.281871	0.4471687	0.5002717
924	-75.44587	-119.1327	43.68682	0.9574071	0.194527	0.3916296
930	-67.58766	-110.8923	43.3046	0.9574071	0.3565589	0.4474143
936	-67.80726	-111.4505	43.64328	0.6300705	0.3110939	0.7484705
942	-74.29487	-116.4007	42.10584	1.034133	1.249094	0.5234299
948	-68.1017	-111.3536	43.25192	0.4312169	0.3305851	1.296548
954	-81.96724	-125.9698	44.00254	1.021773	0.09504622	0.4455098
960	-67.96183	-110.6237	42.66191	0.3045169	0.5551952	1.535033
966	-70.38923	-113.8623	43.47306	0.07015779	0.6380789	0.941868
972	-71.51344	-114.3595	42.84609	0.6971288	0.6380789	0.941868
978	-71.26211	-114.8578	43.59572	0.5883813	0.3721135	0.6789007
984	-76.66255	-118.8306	42.16807	0.5883813	1.507173	0.8650442
990	-74.7745	-117.8693	43.09483	0.9094941	0.2798919	1.122225
996	-69.66997	-111.4451	41.77516	0.2135489	1.236741	1.690487
1002	-83.72741	-125.4892	41.76175	0.9448797	1.394518	1.009737
1008	-78.49109	-120.4739	41.9828	0.8462517	0.6636753	1.521037
1014	-72.79352	-113.2925	40.49901	1.005164	4.763121	0.5021117
1020	-69.36955	-111.6644	42.2948	1.182505	0.881067	0.4135081
1026	-82.82971	-124.1874	41.35769	0.9515888	2.580054	0.4888013
1032	-71.04325	-112.2553	41.21203	0.4768034	4.16315	0.4888013
1038	-66.3791	-108.1628	41.78374	0.4768034	2.549886	0.6999839
1044	-75.99176	-119.0045	43.01273	0.03337724	0.8517206	1.162081
1050	-77.74426	-119.18	41.43574	0.2262215	1.724169	1.664148
1056	-77.79681	-118.5604	40.76364	0.6221646	1.752576	1.844328
1062	-72.30391	-113.7788	41.47488	0.0529697	4.377252	0.7475221
1068	-72.78072	-115.9985	43.21783	0.2560664	0.5059868	1.195232
1074	-74.63141	-115.3987	40.76728	1.052836	3.725647	0.601105
1080	-80.33108	-121.2315	40.9004	0.03463617	4.221389	1.37247
1086	-85.9385	-124.9494	39.01086	0.5777152	8.894344	1.5721
1092	-74.94613	-117.6336	42.6875	0.4455473	1.147364	0.753329
1098	-74.19348	-116.0912	41.89771	0.3621569	2.064856	1.012075
1104	-71.00907	-113.3442	42.33513	0.2795256	0.7953723	1.556475
1110	-83.69904	-124.4914	40.79237	1.721066	2.010531	0.3109824
1116	-83.95891	-125.7289	41.77	1.727062	0.8675514	0.4260951
1122	-83.97674	-124.4351	40.45836	2.088064	1.603924	0.1978315
1128	-74.75756	-115.4189	40.66131	2.021952	0.9665209	0.1119752
1134	-72.16855	-115.3987	43.23013	1.617679	0.1020951	0.2719911
1140	-71.34419	-113.5239	42.17974	0.7887615	1.367759	0.7205606
1146	-71.54377	-113.8684	42.32465	0.7887615	0.7354729	1.223104
1152	-84.77926	-125.8772	41.09792	1.208985	2.559231	0.4246511
1158	-75.11058	-117.9219	42.81128	1.14631	0.5100994	0.6291799
1164	-69.06657	-110.9827	41.91617	0.6907912	1.84827	0.7599637
1170	-69.61768	-113.2801	43.66238	0.1299336	0.509934	0.8793215
1176	-69.9122	-113.5135	43.60133	0.2165395	0.4764472	0.9136478
1182	-71.55161	-113.637	42.0854	0.3265299	1.126343	1.451273
1188	-71.22586	-113.0665	41.84069	0.01711219	2.459758	1.187939
1194	-80.99812	-122.9036	41.90548	0.4638331	1.723636	1.106667
1200	-73.38086	-114.8636	41.48273	0.7831681	2.163604	0.9493287
1206	-73.35545	-114.7707	41.41523	0.5879647	2.218908	1.17015
1212	-75.33069	-115.4603	40.12965	0.7380606	5.34183	1.157345
1218	-76.35221	-119.9021	43.54985	0.05288905	0.7362771	0.6961328
1224	-80.37197	-121.2808	40.90879	0.5932942	4.767692	0.4806517
1230	-75.41363	-116.3629	40.94923	0.3911671	3.639816	1.203545
1236	-73.96102	-114.8665	40.90545	0.3531076	1.890978	1.871594
1242	-73.7798	-115.7741	41.99427	0.1557035	2.172984	1.059704
1248	-71.67841	-114.5864	42.90802	0.07346926	0.9448054	1.1299
1254	-83.09293	-125.723	42.63002	0.2654444	0.6775297	1.457042
1260	-78.38947	-121.2697	42.88028	0.6766125	0.8069722	0.610864
1266	-71.91691	-113.7294	41.81253	1.313182	1.261928	0.4539368
1272	-73.9184	-116.2027	42.28426	0.4010993	1.644433	0.8334802
1278	-78.93146	-121.1461	42.21462	0.103914	0.9124523	1.675453
1284	-73.61029	-116.0195	42.40925	0.01510797	1.384175	1.269279
1290	-74.16463	-115.266	41.10136	0.1894147	2.713403	1.540765
1296	-70.94304	-113.3955	42.45249	0.2257595	1.715696	0.7797569
1302	-77.52501	-120.5285	43.00352	0.383123	0.7941652	0.8939094
1308	-77.73213	-119.5396	41.8075	0.612172	2.293729	0.6411301
1314	-70.81598	-111.9926	41.17666	1.00605	2.391774	0.9085204
1320	-74.48684	-115.4072	40.92034	0.2302167	5.294637	0.8920142
1326	-71.85187	-114.9319	43.08001	0.2832866	0.6271258	1.13098
1332	-74.9494	-116.6959	41.74647	0.5081124	1.294702	1.460017
1338	-77.96064	-120.7634	42.80277	0.2444081	0.5677732	1.460017
1344	-80.2793	-121.917	41.63772	1.364587	1.136577	0.9276561
1350	-78.76908	-116.3143	37.54525	1.830363	18.08424	0.3564323
1356	-75.29934	-115.2844	39.98507	1.665165	2.711385	0.1316837
1362	-77.74188	-118.8465	41.10462	0.4089061	2.040233	1.630876
1368	-72.1921	-114.8339	42.64181	0.2829516	1.484262	0.6337797
1374	-75.68523	-118.4553	42.77005	0.3205405	0.5264502	1.475749
1380	-75.27179	-116.6566	41.38486	0.7482304	2.624288	0.8327615
1386	-79.09379	-119.6602	40.56644	0.7482304	5.356148	0.619392
1392	-75.37672	-118.7294	43.35265	0.09479822	0.6937645	0.963565
1398	-74.16132	-116.0665	41.90518	0.2078603	2.370902	0.9932973
1404	-72.65874	-115.183	42.52428	0.8342096	0.9976065	0.5868514
1410	-81.86693	-123.2652	41.39828	1.017045	1.704657	1.075802
1416	-75.81414	-119.5313	43.71712	0.3749536	0.3890301	0.772887
1422	-73.81734	-116.8293	43.01197	0.2740754	0.768468	1.030955
1428	-74.27383	-117.3156	43.04181	0.2020828	0.8037212	1.030955
1434	-79.97862	-121.1474	41.16878	1.028917	2.80632	0.4432782
1440	-80.17209	-120.6193	40.44718	1.533711	2.32688	0.1610331
1446	-78.20402	-118.966	40.76195	1.736153	1.297245	0.1307486
1452	-76.58155	-116.7408	40.15929	1.736153	2.788044	0.199617
1458	-77.4101	-120.1822	42.7721	1.421412	0.3935143	0.5043092
1464	-82.50017	-124.8446	42.34445	0.9692707	0.779938	0.9898288
1470	-78.84786	-120.1814	41.33354	0.5351685	3.016901	0.9352342
1476	-70.72888	-112.1477	41.41879	0.5529726	3.139574	0.7433975
1482	-86.92763	-127.7763	40.84866	0.8638673	2.94327	1.118547
1488	-88.86492	-130.9277	42.06276	1.110018	0.8411321	1.057672
1494	-76.79985	-119.7968	42.99693	0.5286236	0.8149356	0.662316
1500	-77.45816	-118.6636	41.20542	1.000709	2.76453	0.5991277
1506	-73.29343	-116.841	43.54757	0.9708395	0.2263947	0.6953137
1512	-73.53096	-116.0573	42.52637	0.236161	1.247888	1.070305
1518	-71.01121	-113.4317	42.42048	0.02249538	1.672138	1.070305
1524	-74.30084	-117.2468	42.94598	1.786016	0.1053606	0.2223761
1530	-76.6413	-119.46	42.81871	0.6896112	0.3440884	1.412038
1536	-72.60311	-116.15	43.54689	0.3436923	0.3440884	1.092738
1542	-80.27282	-121.8525	41.57968	0.8616877	1.385069	1.254616
1548	-81.54908	-124.9343	43.3852	0.7319521	0.407157	0.6754227
1554	-76.30125	-118.7069	42.40567	0.8761719	0.9518296	0.8090651
1560	-75.48645	-117.4241	41.9376	0.1766583	1.074709	1.704567
1566	-75.93603	-115.7209	39.78491	1.387654	6.006596	0.5356157
1572	-77.36311	-119.6348	42.27169	0.4361067	1.039532	1.28237
1578	-71.20544	-113.3055	42.10008	0.5969328	1.469533	0.9615477
1584	-73.5517	-115.6453	42.09361	0.165552	1.114977	1.573212
1590	-81.19773	-122.7063	41.50858	0.3270518	2.931785	1.006899
1596	-82.89237	-125.0264	42.13408	0.868992	1.187929	0.8753042
1602	-72.34228	-113.7208	41.3785	0.6458203	2.810824	0.8607753
1608	-74.21617	-115.4044	41.18827	0.9513072	2.354419	0.974941
1614	-78.40022	-120.1827	41.78246	0.6754806	2.143393	0.722105
1620	-78.39437	-118.8961	40.50169	1.185613	3.614192	0.2510254
1626	-75.08819	-117.2862	42.19798	1.185613	0.887237	0.7637964
1632	-72.9399	-114.2528	41.3129	1.185613	2.205499	0.5320555
1638	-75.50961	-114.9947	39.48513	1.10426	8.537709	0.6953661
1644	-74.70362	-115.3526	40.64901	0.08909725	4.389668	1.482971
1650	-75.5896	-116.5188	40.92922	0.4253874	2.76386	1.475768
1656	-72.95342	-115.2339	42.28053	0.07918706	1.001627	1.579173
1662	-75.68444	-117.5928	41.90837	0.06175491	2.559612	1.041544
1668	-75.7883	-116.9184	41.13014	0.1037172	3.256219	1.408243
1674	-71.61263	-114.0392	42.42662	0.2487433	0.7529553	1.549529
1680	-72.44192	-115.223	42.78105	0.04895347	1.118912	1.112917
1686	-70.85517	-112.5808	41.72561	0.575448	1.375157	1.374154
1692	-78.33299	-118.8912	40.55816	1.482725	3.18342	0.5409804
1698	-75.8584	-117.861	42.00259	0.388288	1.642799	1.136189
1704	-79.18707	-121.4959	42.30878	0.1050701	2.274509	0.6744468
1710	-77.65496	-120.0263	42.37138	1.050285	0.9295133	0.6078934
1716	-72.98504	-115.5338	42.54878	0.4050649	1.239276	0.8809604
1722	-69.20751	-112.6969	43.48941	0.02932174	0.5663349	1.06988
1728	-73.83732	-116.932	43.09466	0.5637669	0.4792821	1.06988
1734	-73.59341	-116.8156	43.2222	0.7867087	0.4792821	0.6292605
1740	-80.82374	-122.2413	41.41759	0.2993695	3.349382	0.9532757
1746	-85.90208	-127.0307	41.12862	0.6439546	3.349382	0.8925735
1752	-77.18745	-119.3242	42.13679	0.9348778	1.303303	0.6184636
1758	-76.53334	-118.7162	42.18289	0.3523933	1.709336	0.9543992
1764	-79.5462	-121.3608	41.81464	0.4483016	2.375767	0.8231649
1770	-72.10977	-114.8194	42.70962	0.8963936	0.6672279	0.8231649
1776	-74.48416	-115.5286	41.04448	0.9169344	3.391503	0.5161521
1782	-70.66375	-112.6895	42.02574	0.33293	2.252579	0.781589
1788	-73.12174	-115.4195	42.2978	0.1403693	1.45439	1.212644
1794	-75.45446	-118.3129	42.85842	0.1690602	1.066646	0.9698037
1800	-77.54949	-118.7372	41.18775	1.082491	2.561962	0.3606667
1806	-78.00492	-115.8749	37.86998	1.767445	13.03931	0.1923689
1812	-79.0934	-116.6544	37.56095	2.035993	12.46737	0.1613306
1818	-73.78901	-114.0312	40.24214	1.469967	2.921106	0.1641981
1824	-70.92829	-112.2365	41.3082	1.478491	1.645901	0.353627
1830	-64.28395	-106.645	42.36104	0.7838467	1.19479	0.6609328
1836	-71.55356	-114.8379	43.28437	0.6209285	0.3127902	1.141682
1842	-72.81938	-115.0416	42.2222	0.2820727	0.9686284	1.496794
1848	-76.21256	-118.4157	42.2031	0.1713754	0.8004	1.724985
1854	-71.313	-113.9377	42.62466	0.6191883	0.9024505	0.9165788
1860	-75.43054	-117.8088	42.37827	0.03699707	1.086422	1.476837
1866	-78.28199	-120.378	42.09605	1.093116	1.086422	0.7532647
1872	-78.15069	-121.2301	43.07941	0.08946725	0.5390773	1.400428
1878	-78.30696	-120.7933	42.48636	1.06236	0.7512195	0.7532961
1884	-74.52812	-116.9893	42.46115	1.202489	0.7323902	0.4502268
1890	-70.2928	-113.9265	43.63365	0.5702786	0.331752	0.7821976
1896	-78.63985	-120.5139	41.87407	0.5716104	1.692205	1.055018
1902	-72.75772	-115.438	42.68023	0.07708761	1.488223	0.8803353
1908	-73.1851	-115.543	42.35791	0.05989919	1.677883	1.090133
1914	-70.08445	-113.0391	42.95469	0.4360992	0.6638241	1.059072
1920	-80.5787	-122.9403	42.36165	0.354885	0.5650935	1.7049
1926	-78.115	-121.1016	42.98664	0.5268981	0.7544764	0.7972104
1932	-77.40642	-119.4997	42.09323	1.117335	0.9478291	0.9000904
1938	-78.69973	-120.8882	42.18843	0.752419	0.6489412	1.451938
1944	-71.3419	-113.152	41.81009	0.5032287	1.397341	1.350802
1950	-72.89464	-115.1935	42.29885	0.5719432	1.34377	0.8774076
1956	-70.92061	-112.7585	41.83785	0.1487863	2.713277	0.9522729
1962	-71.92322	-113.3354	41.41221	0.5084311	2.581275	1.078524
1968	-71.47073	-114.9813	43.51058	0.4571365	0.3524582	1.001951
1974	-77.2227	-119.5665	42.34378	0.7895418	0.8863925	1.04716
1980	-76.37767	-118.2729	41.89524	0.6770716	2.069527	0.4572341
1986	-75.41956	-117.4327	42.01318	0.7255388	1.133043	1.182359
1992	-75.65829	-117.4925	41.83421	0.4020444	2.12004	1.004507
1998	-73.36533	-115.4713	42.10599	0.6045935	1.396212	1.004507
2004	-74.24605	-115.7886	41.54255	0.935591	2.0971	0.7313102
2010	-86.69153	-128.8663	42.17475	0.3416743	1.775687	0.9282541
2016	-84.74284	-127.3005	42.55763	0.9072536	0.4418103	1.294899
2022	-78.84627	-121.1043	42.25803	0.9878588	1.06048	0.7018695
2028	-75.79238	-118.6947	42.90232	0.7133921	0.7234093	0.7018695
2034	-77.31979	-119.7613	42.44149	0.6375853	1.15815	0.8145177
2040	-77.64513	-119.6056	41.96051	0.1761931	2.516421	0.890289
2046	-68.57497	-110.3248	41.7498	0.3665347	2.148303	1.103654
2052	-67.77258	-109.3218	41.5492	1.151821	1.859252	0.5136676
2058	-74.96093	-117.3257	42.36476	0.08078915	0.9182119	1.579327
2064	-71.17056	-113.8042	42.63367	0.645269	0.8729706	0.9134157
2070	-72.0855	-114.4268	42.34126	0.7027688	1.287253	0.7027929
2076	-74.32256	-117.3954	43.07286	0.7027688	0.6048854	0.7027929
2082	-75.93296	-117.1072	41.17423	0.2913525	4.044129	0.9548379
2088	-75.06508	-117.8666	42.80157	0.2010392	1.088876	0.9737771
2094	-78.66617	-119.7196	41.05342	0.06116482	3.404496	1.455379
2100	-73.99265	-115.0951	41.10249	0.3188463	4.207579	0.944903
2106	-77.5414	-119.6904	42.14898	0.618887	1.483483	0.8721308
2112	-79.10025	-120.9946	41.89433	1.140964	1.370403	0.5606997
2118	-74.51889	-116.3464	41.82749	1.175679	1.411689	0.5606997
2124	-80.24393	-123.0958	42.85184	0.5744233	0.7806514	0.866727
2130	-73.09128	-115.2622	42.17092	0.63207	1.470974	0.8411033
2136	-72.05793	-115.011	42.95305	0.7653872	0.5778104	0.8411033
2142	-70.97538	-112.477	41.50166	0.1167052	3.494135	0.9976807
2148	-71.80176	-112.8937	41.09191	0.4021508	3.837934	0.9976807
2154	-70.24934	-112.4663	42.21699	0.0654804	1.839271	1.118063
2160	-78.57357	-119.9007	41.32716	0.9205513	2.027598	1.044789
2166	-80.78584	-122.5638	41.77797	0.1224982	2.027598	1.344528
2172	-81.57849	-123.9536	42.37513	0.7346512	1.180862	0.7433784
2178	-80.06152	-122.377	42.31549	0.7346512	1.249961	0.7433784
2184	-80.13249	-121.6982	41.56566	0.5581557	1.630719	1.365955
2190	-79.75979	-121.9387	42.17888	0.1864653	1.356998	1.334556
2196	-75.43138	-115.618	40.18661	0.3156326	5.187142	1.485777
2202	-75.00024	-116.3984	41.39819	0.4457475	3.045589	0.9487572
2208	-77.86315	-118.427	40.56386	0.904598	3.686951	1.074093
2214	-80.63269	-122.1893	41.55657	0.263939	3.752923	0.5657576
2220	-72.50456	-115.0049	42.50039	0.2529962	1.309337	1.030347
2226	-75.53593	-116.9863	41.45035	0.6894358	2.681062	0.7892939
2232	-81.09132	-123.3036	42.21224	0.3310529	1.394856	1.161124
2238	-78.222	-120.4899	42.26794	0.4508247	1.645155	0.7892924
2244	-74.61878	-115.8965	41.27769	0.3841917	4.003491	0.7276048
2250	-73.51562	-114.7745	41.2589	0.1305668	4.003491	1.044658
2256	-72.50098	-114.3122	41.81126	0.3197432	2.236972	1.044658
2262	-77.46082	-119.1472	41.68641	1.516953	1.027249	0.2803277
2268	-74.28167	-117.1611	42.87941	0.3278758	1.147719	0.6128786
2274	-74.04971	-115.8295	41.77978	0.06901913	1.926641	1.431634
2280	-70.70642	-112.8007	42.09428	0.1539075	1.673752	1.241239
2286	-73.22735	-115.0248	41.79741	0.4739169	2.65498	0.537612
2292	-71.7115	-114.3419	42.6304	0.3523885	1.214714	0.8717563
2298	-75.7114	-117.9887	42.2773	0.4822219	0.7206489	1.517138
2304	-74.07637	-117.4075	43.33112	0.009453169	0.8149023	0.9181113
2310	-77.41321	-120.2673	42.85409	0.6819832	0.7797006	0.7188645
2316	-76.86894	-119.7917	42.92271	0.6819832	0.7797006	0.4470188
2322	-75.23281	-118.4794	43.24655	1.631618	0.1004339	0.2867658
2328	-73.05747	-115.8292	42.77172	1.631618	0.1879908	0.2096465
2334	-74.16129	-116.9827	42.82136	0.79587	0.6191837	0.8895964
2340	-72.29963	-115.1029	42.80327	0.021898	1.267171	0.9938056
2346	-73.50899	-116.4641	42.95508	0.2244893	0.3910673	1.58682
2352	-70.26637	-112.1302	41.86385	0.3016882	2.623543	0.7909666
2358	-70.51562	-113.2278	42.71213	0.1318033	0.977594	1.220252
2364	-76.20722	-119.0906	42.88337	0.66335	0.6052808	0.9865289
2370	-75.25718	-117.8062	42.54905	0.4691171	1.010293	1.033804
2376	-72.76434	-115.0122	42.24788	0.2608636	1.53938	1.095141
2382	-75.44472	-117.3587	41.91395	1.271445	1.148417	0.6622455
2388	-77.15909	-119.1278	41.9687	0.1328887	0.8114131	1.904452
2394	-70.8485	-115.187	44.3385	0.09534156	0.2648117	0.6630211
2400	-68.08267	-110.911	42.82838	0.5945758	0.6430191	1.055551
2406	-70.68328	-113.2831	42.5998	0.06749208	0.9052077	1.42347
2412	-68.37582	-110.481	42.10523	0.6099281	1.301166	1.073152
2418	-73.65914	-116.3463	42.68712	1.254299	0.4485276	0.273898
2424	-71.07482	-112.018	40.94316	1.987666	0.5062419	0.07373298
2430	-70.90273	-112.3401	41.43735	2.119276	0.2189521	0.07531796
2436	-69.78447	-113.6586	43.87409	0.6204225	0.2578769	0.4802286
2442	-68.80198	-112.2186	43.41659	1.02462	0.1929769	0.230534
2448	-71.19064	-112.9844	41.79381	1.492206	0.679037	0.1617709
2454	-79.12267	-121.104	41.98136	0.01978009	1.922025	1.313978
2460	-72.54428	-115.2114	42.66711	1.375136	0.3393617	0.2195623
2466	-70.54663	-113.8004	43.25373	1.375136	0.2081034	0.4655263
2472	-66.66279	-109.2012	42.53841	1.785297	0.2051273	0.1999737
2478	-74.63117	-114.28	39.64883	2.345631	1.424137	0.07873591
2484	-70.02373	-110.2061	40.18235	2.371606	0.8764647	0.08465158
2490	-88.1432	-128.8506	40.70739	0.1956816	2.080582	2.035309
2496	-73.05988	-114.7418	41.68195	0.05400976	2.224148	1.387562
2502	-71.95913	-114.085	42.12591	0.3554565	1.839437	0.9223466
2508	-70.19989	-110.9713	40.77141	0.6999147	4.098528	0.9294908
2514	-69.99601	-111.6669	41.67087	0.3924332	3.135157	0.514922
2520	-71.73598	-112.0118	40.27586	0.7375697	4.662311	1.196488
2526	-69.90362	-110.6027	40.69903	0.5361649	4.662311	0.9917805
2532	-78.44001	-119.1006	40.6606	0.4141309	4.180539	1.27071
2538	-73.56734	-115.4859	41.91861	0.1346712	1.95395	1.255577
2544	-71.15923	-113.3797	42.2205	0.3792444	1.487195	1.045459
2550	-72.54232	-112.2067	39.66441	0.4428279	9.801832	1.02148
2556	-75.80666	-115.4607	39.65409	1.213594	7.306174	0.6034894
2562	-66.56353	-109.5118	42.94828	0.121044	1.297145	0.6366519
2568	-73.03521	-113.026	39.99081	0.4861472	9.540638	0.5246815
2574	-72.30802	-111.9554	39.64741	0.7529672	9.96585	0.5714397
2580	-70.2184	-111.9307	41.71231	0.6783049	2.295724	0.6966864
2586	-70.93904	-111.429	40.49	0.5641819	5.426376	0.9589119
2592	-77.08496	-118.4612	41.37623	0.007042353	3.845152	1.101161
2598	-76.38723	-118.3329	41.94572	0.01815299	3.38634	0.504677
2604	-74.27197	-116.0497	41.77775	0.5126067	2.391318	0.7759586
2610	-78.44678	-120.4694	42.02261	1.169679	1.189165	0.4869772
2616	-77.66476	-120.3146	42.64983	1.022288	0.7270989	0.5431013
2622	-74.49751	-116.0777	41.58015	0.9650554	1.837667	0.8503344
2628	-71.04057	-113.8061	42.76548	0.5839523	0.6019839	1.174952
2634	-66.22506	-107.4051	41.18008	0.9038245	2.739525	0.8272408
2640	-68.31137	-109.6885	41.37717	0.2190883	3.307806	1.087717
2646	-69.34813	-112.838	43.48985	0.5149869	0.4171942	0.8176498
2652	-74.78619	-117.6371	42.85095	1.104714	0.5288818	0.5110391
2658	-76.78768	-118.5784	41.79067	0.02871288	2.852955	1.056148
2664	-75.40127	-118.7468	43.3455	0.1418363	0.5750422	1.086921
2670	-74.29302	-115.5165	41.22351	0.03660859	4.261098	1.086921
2676	-76.45856	-117.5086	41.05007	0.5740884	2.877635	1.220728
2682	-71.12945	-113.8158	42.68639	0.3320009	1.181202	0.8642482
2688	-74.64726	-116.273	41.62572	0.6040318	2.53908	0.7574507
2694	-79.50432	-121.0411	41.53673	0.9614293	1.730273	0.9785321
2700	-73.64426	-116.5628	42.91851	0.1249892	1.19496	0.8184085
2706	-74.84858	-116.04	41.19143	0.335392	3.715394	1.00812
2712	-77.09851	-118.335	41.23652	0.9788657	2.150962	1.00812
2718	-73.61667	-116.223	42.60637	0.04413393	1.470415	1.00812
2724	-78.31768	-119.8291	41.51146	0.6644536	1.542178	1.373953
2730	-75.33976	-116.3145	40.97477	0.1568836	1.92686	1.942798
2736	-74.84172	-118.1818	43.34013	0.01155464	0.4693716	1.346862
2742	-74.96669	-118.3331	43.36642	0.1963496	0.5144388	1.10437
2748	-79.88207	-123.4151	43.53299	0.1098698	0.4666596	1.10437
2754	-77.93234	-119.875	41.94269	0.08751765	1.059336	1.77383
2760	-76.71574	-119.0869	42.3712	0.5959221	1.33903	0.7579839
2766	-77.11986	-117.9163	40.79641	1.211656	3.212864	0.6180198
2772	-78.5022	-120.9412	42.43903	0.5144618	0.7222884	1.367009
2778	-80.92024	-121.0283	40.10803	0.08269032	3.144811	2.168013
2784	-77.70722	-119.6718	41.96462	0.9580702	1.02711	1.107825
2790	-76.88938	-119.3759	42.4865	0.1796163	1.098859	1.270249
2796	-74.60008	-117.0463	42.44627	0.1896293	1.173196	1.239226
2802	-70.80925	-112.8994	42.09013	0.6589048	1.774897	0.5553579
2808	-71.5109	-112.8745	41.36358	0.287954	2.642502	1.286838
2814	-78.95827	-119.414	40.45574	0.7840407	5.741018	0.4853071
2820	-75.68126	-116.9905	41.30919	0.4898601	2.343373	1.286838
2826	-80.03642	-122.093	42.05658	0.6201042	1.066195	1.286838
2832	-73.78469	-115.847	42.06234	0.4613234	2.094141	0.6519544
2838	-78.62219	-122.386	43.76377	0.65582	0.2825207	0.5894994
2844	-75.36546	-117.4305	42.06504	1.110814	1.104014	0.3136738
2850	-71.10485	-113.8719	42.76709	0.5477892	0.9720374	0.7322946
2856	-74.43084	-116.5382	42.10738	0.9750981	1.296604	0.408814
2862	-73.56249	-115.3891	41.8266	1.308952	1.249044	0.4492593
2868	-75.25603	-118.0855	42.82942	0.6953566	0.8525623	0.5247565
2874	-70.96368	-111.8076	40.84396	0.1515314	1.759534	2.1028
2880	-74.08564	-115.3497	41.26409	0.4117424	1.25774	1.895193
2886	-70.14119	-111.6268	41.48563	0.9454346	1.612162	1.11906
2892	-71.09208	-112.6291	41.53699	0.6640928	2.019694	1.092926
2898	-74.66066	-116.3887	41.72799	0.3231126	2.435013	1.022477
2904	-77.9924	-120.0402	42.04778	0.02695034	2.435013	0.9990991
2910	-70.07583	-113.0188	42.94294	0.2771548	0.8524925	0.9990991
2916	-69.7058	-111.367	41.66125	0.4782859	2.079312	1.11779
2922	-75.33693	-116.8176	41.48068	0.3560027	2.348147	1.253772
2928	-78.00153	-117.5653	39.56376	1.073138	8.608887	0.4824423
2934	-75.49735	-117.6067	42.10937	0.907163	1.248253	0.7935731
2940	-80.51273	-122.5588	42.04605	0.1758232	1.960771	1.105683
2946	-80.3429	-122.4195	42.07664	0.2077443	1.662076	1.217387
2952	-78.26383	-119.4017	41.13786	0.3450866	3.223642	1.217387
2958	-67.09016	-109.5786	42.48843	0.3843366	1.543809	0.653023
2964	-70.85708	-112.715	41.8579	1.09262	1.438433	0.653023
2970	-70.20299	-111.9233	41.72031	0.9211852	1.896208	0.6488574
2976	-74.31179	-116.9187	42.60695	1.158325	0.6553237	0.5498492
2982	-76.97778	-116.0025	39.0247	1.44795	9.469375	0.4128998
2988	-77.26893	-118.8452	41.57624	1.183567	1.552998	0.8201541
2994	-74.00358	-116.048	42.04442	0.6045987	1.583346	0.9248587
3000	-75.83186	-115.2193	39.38749	0.8686058	10.95407	0.4587708
3006	-79.92767	-119.2438	39.31611	0.9244385	9.764245	0.8876047
3012	-77.05954	-117.4797	40.42012	0.9244385	4.371259	0.9707699
3018	-77.78973	-119.9134	42.12362	0.7347893	1.1998	1.017911
3024	-82.08874	-123.1865	41.09773	0.0349358	3.159898	1.514644
3030	-79.25047	-120.3592	41.10874	0.04088553	3.118512	1.514644
3036	-75.87947	-116.8907	41.01124	0.08115354	3.259984	1.514644
3042	-77.60072	-120.0673	42.46657	0.6757631	1.196883	0.6624082
3048	-77.95471	-118.9505	40.99578	0.9751036	2.953252	0.8498648
3054	-75.01626	-117.2409	42.2246	0.8852202	1.15498	0.776965
3060	-74.23736	-114.564	40.32666	1.187633	4.696591	0.5718007
3066	-75.42768	-114.1825	38.75481	0.8468214	11.71979	1.221261
3072	-78.28311	-118.0187	39.73562	1.098193	7.371315	0.65385
3078	-74.02187	-116.1715	42.14958	1.098193	1.078432	0.6666552
3084	-73.21934	-113.9431	40.72377	1.424668	2.934004	0.4977755
3090	-76.89676	-116.3927	39.49595	1.301106	7.683773	0.4216683
3096	-74.07478	-114.1906	40.11582	0.9453208	5.853079	0.8275698
3102	-68.62541	-109.4496	40.82422	0.9390729	3.894707	0.5937765
3108	-67.14034	-108.7491	41.60878	0.1672688	3.31501	0.9037865
3114	-72.09616	-113.279	41.18287	0.04811982	5.494445	0.7145783
3120	-67.87826	-108.2375	40.35924	0.1137772	8.734797	0.8159415
3126	-77.90465	-117.382	39.47738	0.8404325	10.46746	0.5892508
3132	-78.94664	-119.8594	40.91281	0.9444193	2.58738	1.13373
3138	-75.92364	-116.868	40.9444	0.9400217	2.010099	1.365315
3144	-79.39722	-119.2776	39.8804	0.314741	4.23005	1.90494
3150	-80.32997	-120.7076	40.37767	0.314741	7.979544	0.695826
3156	-77.18983	-112.8165	35.62664	1.732421	41.81606	0.14353
3162	-79.65364	-120.8973	41.24369	1.012263	2.007726	1.04799
3168	-76.78573	-117.9543	41.16859	0.5112688	3.787363	0.8085204
3174	-79.93091	-119.8271	39.89614	1.517781	5.062972	0.4520283
3180	-76.9557	-117.4571	40.50143	1.328294	3.735537	0.4520283
3186	-76.93488	-115.9315	38.99662	1.273884	10.33817	0.3245524
3192	-73.21543	-114.5971	41.38162	0.5868969	1.57562	1.514402
3198	-68.15122	-110.7115	42.56027	1.180395	0.6262541	0.3359058
3204	-66.93674	-109.4948	42.55806	0.2041673	1.414077	0.9369975
3210	-71.74162	-113.9484	42.20678	0.2145162	1.51565	1.188262
3216	-67.74216	-110.3765	42.63431	0.3122314	0.8286084	1.26905
3222	-67.25258	-109.8373	42.58476	0.7415229	1.006378	0.6486023
3228	-69.06622	-112.0775	43.01131	0.1938149	1.085076	0.7307305
3234	-67.6109	-109.8521	42.24123	0.131115	1.223501	1.415591
3240	-72.75715	-114.7436	41.98649	0.108239	1.581188	1.415591
3246	-70.4536	-112.3237	41.87006	1.445063	1.014047	0.656196
3252	-67.9739	-109.6249	41.651	0.3877794	2.196019	1.149796
3258	-70.61053	-112.34	41.72944	0.4009203	1.735842	1.304282
3264	-67.361	-109.0477	41.68672	0.800422	2.187521	0.6153879
3270	-73.24445	-115.3896	42.14516	0.04956136	1.775925	1.229602
3276	-77.00109	-119.0007	41.99966	0.2530531	1.409833	1.3909
3282	-69.22289	-111.6695	42.44661	1.027759	0.8879088	0.5828858
3288	-72.2147	-115.9499	43.7352	0.2131135	0.5324562	0.5316966
3294	-71.74308	-114.7191	42.97601	0.1526258	0.9404419	0.9950659
3300	-71.8917	-114.2687	42.37704	0.7752913	1.18422	0.6646403
3306	-71.85115	-113.6847	41.83359	0.5130905	2.289943	0.7705787
3312	-74.88899	-117.5109	42.62186	1.159116	0.6302402	0.6168252
3318	-83.83232	-124.655	40.82263	1.159116	3.280014	0.6168252
3324	-81.56237	-124.5798	43.01741	1.159116	0.3754888	0.6803638
3330	-79.83184	-122.1512	42.31939	1.159116	0.8753713	0.6123975
3336	-70.36343	-112.3968	42.03337	0.21671	2.445507	0.793756
3342	-68.73237	-110.7956	42.06319	0.7324488	1.711682	0.5144064
3348	-74.31327	-115.622	41.30876	0.4080165	3.00966	1.088713
3354	-75.646	-117.4578	41.81182	0.09516631	2.71902	1.030014
3360	-70.43141	-112.6147	42.18329	0.4866738	1.563758	0.9171053
3366	-74.39294	-115.4818	41.08884	0.7603999	2.39235	1.224238
3372	-73.84834	-114.0964	40.24803	1.065045	5.261634	0.3562328
3378	-73.56753	-113.7022	40.1347	0.5927446	5.424859	1.258367
3384	-75.83882	-115.7282	39.88937	1.048938	7.054893	0.5156535
3390	-75.77472	-115.2916	39.51691	1.130311	8.553098	0.4877676
3396	-76.1954	-118.9065	42.71108	1.130311	0.5796226	0.647391
3402	-71.39872	-113.5588	42.16004	0.1412347	0.8949747	1.701105
3408	-71.44614	-113.4975	42.05139	0.1116494	1.146421	1.622307
3414	-75.29924	-118.3466	43.04734	0.5543039	0.5398303	1.029702
3420	-75.95585	-119.6179	43.66206	0.5639295	0.2337184	1.025971
3426	-82.73306	-125.6187	42.88564	0.3538754	1.045652	0.7357694
3432	-79.08061	-119.5028	40.42222	0.3254187	4.192628	1.522775
3438	-80.7627	-121.9806	41.21793	0.3847714	2.31776	1.452076
3444	-70.96155	-113.4212	42.45962	0.8009618	1.105413	0.4409513
3450	-71.38074	-113.3988	42.01807	0.7846051	1.698856	0.5314759
3456	-73.99237	-117.0179	43.02555	0.247507	1.093689	0.5569082
3462	-74.43526	-115.2696	40.83436	0.5412401	4.398927	0.9288616
3468	-73.35164	-114.8903	41.53862	0.6912759	0.818446	1.811065
3474	-75.60849	-118.7283	43.11977	0.1592645	0.5527912	1.295907
3480	-67.82515	-111.5662	43.74108	0.07119116	0.501889	0.871437
3486	-70.8314	-112.4814	41.64997	0.3145927	3.333694	0.6061115
3492	-67.46472	-110.0257	42.56093	0.8701639	0.7795751	0.8625317
3498	-72.527	-115.5599	43.03293	0.733202	0.5518115	0.8308562
3504	-71.00703	-114.8557	43.84863	0.5294862	0.2438204	0.8308562
3510	-71.75871	-114.7349	42.97614	0.917642	0.5402192	0.6638101
3516	-66.27393	-109.5848	43.31085	0.425209	0.4793337	0.9944751
3522	-72.17035	-115.4164	43.24606	0.5603832	0.3972501	1.070618
3528	-70.31718	-113.0018	42.68461	0.2377999	0.8013679	1.314607
3534	-67.93967	-111.1044	43.16475	0.3552034	0.6375733	0.9670419
3540	-70.74104	-114.4263	43.68522	0.2210315	0.4161668	0.9349229
3546	-65.51001	-108.3619	42.85191	1.012483	0.5459543	0.7020023
3552	-70.86723	-114.9731	44.10587	0.2079689	0.3289034	0.4230455
3558	-70.8554	-113.0978	42.24244	0.9243675	1.216996	0.5290673
3564	-74.91565	-116.8128	41.89712	0.1455038	1.281256	1.625107
3570	-74.68369	-117.0997	42.41601	0.4805488	1.369176	0.8215698
3576	-80.06851	-121.1956	41.12706	0.9520585	2.418998	1.002765
3582	-71.60122	-114.7893	43.18804	0.8497105	0.446219	0.6891255
3588	-72.80561	-116.2986	43.49299	0.8497105	0.3083792	0.6335447
3594	-70.77224	-112.0014	41.22917	0.931788	2.741831	0.7159243
3600	-71.14777	-112.842	41.69427	0.08577849	3.328128	0.8934876
3606	-70.34521	-112.5602	42.21497	0.6047461	1.366753	0.9145608
3612	-80.83814	-122.4484	41.61029	0.4980009	2.999117	0.582355
3618	-73.99428	-116.8564	42.86215	0.809599	0.6169548	0.8281194
3624	-78.4731	-120.2464	41.77327	0.552127	2.398498	0.7173257
3630	-85.67611	-127.63	41.95389	0.9777503	1.469973	0.3803721
3636	-76.73599	-119.1374	42.40142	1.431162	0.5890128	0.3850357
3642	-76.78899	-118.8159	42.02688	0.5493273	1.616148	0.9774654
3648	-72.89539	-114.3008	41.40541	0.2676605	2.993616	1.134627
3654	-86.71496	-128.2472	41.5322	0.1697059	2.520422	1.293489
3660	-74.09474	-115.8408	41.74608	1.025985	1.483448	0.8672334
3666	-74.37443	-115.5873	41.21291	0.9395936	2.722729	0.7432723
3672	-75.39846	-117.8094	42.41091	0.5363725	1.479522	0.5795464
3678	-79.3826	-122.4052	43.02263	0.1534285	0.8191822	1.078287
3684	-81.33589	-123.2413	41.90543	0.6313118	1.494428	1.099484
3690	-73.10276	-114.8807	41.77795	1.479098	1.108402	0.4381449
3696	-75.2945	-117.0861	41.79158	1.346766	1.25212	0.4918185
3702	-78.28226	-120.1147	41.83246	0.6380517	2.227399	0.6013276
3708	-79.50172	-121.7812	42.27953	0.3016929	2.008493	0.633245
3714	-71.49631	-114.2844	42.78804	0.06566177	1.273169	0.9594398
3720	-74.34074	-117.4979	43.15714	0.569132	0.6740918	0.6018805
3726	-74.10373	-116.9703	42.86659	1.145205	0.4385424	0.7539885
3732	-67.34802	-109.7623	42.41432	0.3548817	1.722014	0.6068199
3738	-73.22859	-116.7185	43.4899	0.02451604	0.7040732	0.8753721
3744	-71.72585	-114.3426	42.61671	0.2696419	1.041019	1.128425
3750	-73.96113	-116.2111	42.25002	0.4487979	0.5874802	1.693719
3756	-71.28526	-113.3859	42.10067	0.9187067	1.143034	0.9023875
3762	-92.04288	-130.2371	38.19427	1.502693	15.3267	0.5805916
3768	-82.9118	-123.2915	40.37968	0.7080778	6.062411	0.7174787
3774	-80.05726	-120.1551	40.09785	0.9079144	5.03435	1.108675
3780	-73.10738	-115.5975	42.49012	0.7026838	1.090042	0.7426535
3786	-75.92178	-117.1825	41.26069	0.7733651	2.156697	1.172893
3792	-73.29594	-115.6299	42.33392	0.6666689	1.04468	1.018081
3798	-80.05188	-120.1392	40.08728	0.1781814	4.722518	1.752361
3804	-84.85665	-128.4469	43.5902	0.2959973	0.5322847	0.7013631
3810	-78.584	-121.3225	42.73853	0.2801902	0.6678947	1.371684
3816	-79.55023	-121.6592	42.109	0.1712083	2.007515	1.024673
3822	-71.507	-113.3798	41.87277	0.5152866	2.298408	0.6987107
3828	-65.29901	-106.7924	41.49343	0.2552301	2.485655	1.269151
3834	-78.57851	-120.4467	41.86814	0.9458894	1.684526	0.4919255
3840	-71.61803	-111.2135	39.59546	0.5095763	12.04493	0.5305357
3846	-71.26396	-114.3161	43.0521	0.1164746	1.108337	0.7535062
3852	-77.61182	-120.9526	43.3408	0.2545188	0.7191694	0.7437332
3858	-70.81786	-113.2887	42.4708	1.147199	0.773618	0.5061441
3864	-71.64163	-113.954	42.31235	1.147199	0.9111278	0.5328841
3870	-73.46796	-114.6942	41.22622	1.561246	1.708353	0.4300924
3876	-80.097	-122.1849	42.08793	1.561246	0.7456032	0.4607723
3882	-82.24637	-124.4196	42.17319	1.176011	0.7805588	0.952494
3888	-80.64268	-121.8904	41.24769	1.176011	2.258387	0.3602205
3894	-80.16354	-123.4144	43.25088	0.9879324	0.3707252	0.5041107
3900	-78.66749	-120.4051	41.73765	0.2456577	1.146049	1.750316
3906	-84.62944	-126.7988	42.16931	1.365647	0.8442752	0.513762
3912	-84.8254	-125.4356	40.61017	1.378977	3.316406	0.5318287
3918	-78.08096	-118.6032	40.52228	1.471896	3.280109	0.4288301
3924	-74.08407	-115.1151	41.03101	1.244276	2.367851	0.2802108
3930	-73.89241	-111.1261	37.23367	1.350099	28.94712	0.4535838
3936	-72.27912	-111.8069	39.52775	1.350099	7.337526	0.4670164
3942	-70.42183	-110.5997	40.1779	1.350099	4.319897	0.3000413
3948	-71.85129	-111.3697	39.51836	1.350099	7.327089	0.4214713
3954	-71.64016	-112.0891	40.4489	2.023442	1.371961	0.1370142
3960	-75.14062	-115.6713	40.53066	2.023442	1.370663	0.1535199
3966	-77.84812	-115.0854	37.23725	2.023442	15.15958	0.1583641
3972	-72.70841	-111.9227	39.21432	1.545368	6.890948	0.2399743
3978	-70.76732	-110.195	39.42772	1.535005	5.606014	0.2015687
3984	-73.62732	-114.4079	40.78053	1.535005	2.40388	0.3249314
3990	-73.65925	-117.011	43.35179	0.8559663	0.2953278	0.8810632
3996	-77.01806	-119.6158	42.59772	0.9962271	0.65544	0.8577965
4002	-74.44811	-116.7369	42.2888	0.2104663	1.404656	1.192796
4008	-74.05509	-116.468	42.41294	0.4452098	1.404656	0.8351101
4014	-84.74474	-125.4626	40.7179	0.8744579	4.224906	0.3288349
4020	-80.55697	-121.8035	41.24652	0.9157618	2.889412	0.4490443
4026	-79.85823	-121.0057	41.1475	0.228839	2.889412	1.416383
4032	-78.95523	-118.3908	39.43561	1.115101	8.951674	0.6242558
4038	-91.6923	-129.5825	37.89016	1.249271	17.70892	1.016617
4044	-80.99025	-122.8409	41.85061	0.9539723	1.60198	0.3395777
4050	-82.98264	-123.36	40.37732	0.06940037	8.696025	0.8571573
4056	-85.33139	-124.6308	39.29943	0.598845	6.999509	1.611171
4062	-71.08072	-112.2871	41.20636	1.075506	1.86258	1.105411
4068	-77.49792	-119.7866	42.28863	0.9026849	0.8093985	1.074684
4074	-74.8201	-117.6247	42.8046	0.7818197	0.7656792	0.6577761
4080	-79.93193	-122.7461	42.81413	1.186703	0.4846793	0.3917279
4086	-79.95719	-122.6098	42.65257	1.186703	0.5866434	0.6281843
4092	-70.40628	-112.8845	42.47819	0.180412	1.209374	1.193028
4098	-70.06676	-113.0919	43.02511	0.1191262	0.7694048	1.160456
4104	-73.5816	-116.8549	43.2733	0.1418216	0.7694048	0.8953181
4110	-71.87907	-113.2907	41.41162	0.3939842	3.471741	0.7942798
4116	-73.16653	-114.1693	41.00279	0.6781117	3.635983	0.87404
4122	-69.34423	-111.499	42.15475	0.6781117	1.598115	0.6560639
4128	-76.27811	-118.6547	42.37662	0.6781117	1.197804	0.8004654
4134	-79.94718	-123.1912	43.24397	0.869192	0.4345533	0.5402934
4140	-72.87012	-111.4916	38.62143	1.586539	11.1817	0.4092256
4146	-71.30985	-111.2292	39.91935	0.9223554	6.359962	0.9414482
4152	-70.01474	-111.4488	41.43402	0.3683234	2.740041	1.118915
4158	-70.30049	-111.0393	40.73878	1.183824	3.295096	0.3287072
4164	-73.01312	-115.5916	42.57849	0.266499	1.303765	0.9419928
4170	-69.44732	-110.3026	40.85526	1.177216	3.160823	0.4048733
4176	-72.02393	-114.3397	42.31578	1.007866	0.8426552	0.9014718
4182	-80.75919	-121.5521	40.79287	0.1615725	1.528502	2.232292
4188	-82.21872	-122.5636	40.34491	0.9421102	4.505573	0.9871152
4194	-76.05045	-119.2056	43.15516	0.3773143	0.5650983	1.058684
4200	-75.36096	-117.6857	42.32477	0.5705815	1.095656	1.072529
4206	-74.91624	-116.6496	41.73339	0.1892374	1.855232	1.408445
4212	-70.86963	-112.9952	42.1256	0.89643	1.265162	0.7660889
4218	-75.31408	-117.9919	42.67784	0.89643	0.4800261	1.145448
4224	-68.50176	-109.9774	41.47567	0.04403196	3.552829	1.071966
4230	-67.34426	-108.7035	41.35924	0.2225145	3.932099	0.8679555
4236	-68.78653	-110.7978	42.01129	1.514875	0.6782205	0.2404905
4242	-71.57791	-113.1428	41.56486	1.514875	1.274617	0.3717365
4248	-76.84848	-115.2888	38.44036	1.438183	13.67814	0.4065705
4254	-72.3062	-115.0654	42.75917	0.3170765	1.123351	0.8572591
4260	-73.43237	-113.6397	40.20736	0.9715119	5.547951	0.7730337
4266	-79.59841	-120.6151	41.01672	1.439504	2.217187	0.3746442
4272	-74.54583	-115.925	41.37918	0.5807608	2.924007	0.8778531
4278	-75.73161	-117.1402	41.4086	0.7587066	2.620857	0.7902884
4284	-73.57209	-115.5763	42.00418	0.004958413	1.80156	1.367233
4290	-75.01821	-115.9139	40.89564	0.09107495	2.35186	1.880484
4296	-70.15148	-111.8219	41.67041	0.03340858	3.321124	0.9783371
4302	-71.1032	-113.7463	42.64306	0.03897488	0.8992462	1.417059
4308	-72.59344	-114.4932	41.89978	0.6643851	0.8992462	1.506644
4314	-77.35867	-118.7526	41.39388	0.4402093	0.8992462	2.017726
4320	-75.57508	-117.3894	41.81429	0.09217367	2.995323	0.903892
4326	-76.01681	-120.0725	44.05574	0.04293238	0.3177874	0.944621
4332	-72.89042	-115.5531	42.66265	0.03561773	1.281929	1.10343
4338	-69.52201	-111.2615	41.73947	0.3856894	2.639707	0.8335751
4344	-71.90691	-112.3944	40.48751	0.4193624	6.382102	0.8625799
4350	-79.33782	-120.2605	40.9227	0.5638638	4.054363	0.9288434
4356	-77.56439	-120.0541	42.48973	0.4048002	0.9983848	1.158494
4362	-78.10283	-119.695	41.59213	0.6388558	2.293453	0.9114514
4368	-78.6468	-120.1928	41.54599	0.9117284	1.713357	1.029927
4374	-78.32689	-117.5904	39.26354	1.625505	6.338283	0.2429074
4380	-74.28615	-116.3922	42.10601	1.091831	1.073842	0.7579847
4386	-73.8427	-116.2512	42.40854	0.1865483	1.277954	1.197632
4392	-75.46035	-118.3514	42.89102	0.1095829	0.5655759	1.497719
4398	-77.21594	-119.0587	41.84276	0.8709416	1.790014	0.6358299
4404	-72.59624	-115.8717	43.27546	0.07863457	0.4687551	1.345793
4410	-78.17763	-120.9919	42.81427	1.035963	0.5912156	0.4311582
4416	-76.73993	-118.8823	42.14234	1.177037	1.03481	0.4160603
4422	-78.7072	-121.0127	42.30553	1.177037	0.8901293	0.470852
4428	-78.97674	-119.5421	40.56539	1.557529	2.773789	0.7527921
4434	-70.01678	-113.5956	43.57883	0.6169396	0.3100381	0.8550009
4440	-75.11855	-117.3687	42.25015	0.5036461	0.6318611	1.608522
4446	-73.52091	-116.7499	43.229	0.2100468	0.6318611	1.055021
4452	-75.57333	-118.5212	42.94789	0.528056	0.6059092	1.055021
4458	-81.08439	-123.341	42.25661	1.169319	0.5979295	1.112218
4464	-73.95182	-116.6573	42.70545	0.5189663	0.7480823	1.112218
4470	-75.67427	-117.977	42.3027	0.972836	1.049343	0.6666534
4476	-72.86143	-114.944	42.08258	0.7574663	1.312165	0.9399512
4482	-69.80497	-111.2049	41.39988	0.4109038	1.797375	1.52105
4488	-66.2588	-109.1978	42.93903	0.02592448	0.5685072	1.52105
4494	-70.03718	-113.1577	43.1205	0.5505199	0.4556314	1.096241
4500	-68.33292	-111.7166	43.38364	0.8980878	0.3490965	0.4700076
4506	-76.04749	-118.5858	42.53836	0.9321676	0.7421346	0.2535145
4512	-73.59979	-115.8691	42.26927	1.243706	0.8625405	0.5306379
4518	-76.84644	-118.462	41.61553	0.06781761	3.92913	0.7335376
4524	-73.4334	-116.2179	42.7845	0.3124308	1.172657	0.7729043
4530	-72.6804	-116.018	43.33763	0.4186179	0.4714725	0.9876873
4536	-77.37612	-119.081	41.70489	0.1885555	2.128404	1.304063
4542	-80.91217	-121.8836	40.97143	0.8397	3.057072	0.9778631
4548	-68.54002	-111.8672	43.32717	0.7028274	0.4720453	0.6064417
4554	-66.22546	-108.8029	42.57743	0.06877023	1.126133	1.265911
4560	-65.87663	-107.9447	42.06809	0.8154592	1.561182	0.5943584
4566	-70.91579	-114.1908	43.27497	0.7656816	0.476318	0.4698723
4572	-69.97716	-111.1451	41.16789	1.582214	1.295931	0.188684
4578	-69.72513	-110.6251	40.89998	1.582214	2.235584	0.4687383
4584	-76.56129	-119.5254	42.96412	0.4417173	0.8406068	0.8048689
4590	-77.60186	-118.5984	40.99653	0.5989763	3.689033	0.9474923
4596	-72.44213	-114.6489	42.20673	0.5681964	1.384974	0.9474923
4602	-69.89881	-111.1324	41.23362	0.914241	2.7851	0.7048936
4608	-75.75118	-114.5339	38.78276	0.914241	15.17146	0.3893727
4614	-72.13557	-114.7763	42.64072	0.4375741	0.8075172	1.178337
4620	-68.9816	-110.7546	41.77297	0.2499102	1.999703	1.258332
4626	-71.78489	-113.3053	41.52042	0.293618	1.999703	1.424916
4632	-74.40232	-115.9556	41.5533	0.122142	1.703085	1.66449
4638	-76.17993	-118.3557	42.17581	0.04222846	1.703085	1.250007
4644	-73.25667	-115.1032	41.84656	0.3484049	1.798275	1.217285
4650	-76.73395	-117.4469	40.7129	0.4245622	3.229676	1.48993
4656	-74.03072	-115.7217	41.69098	0.1518893	2.603848	1.13953
4662	-75.24599	-115.7707	40.52471	0.6547756	5.3534	0.8392184
4668	-73.73496	-115.8896	42.1546	0.007718529	1.680598	1.308099
4674	-77.13514	-118.4412	41.30611	0.8218639	2.737372	0.7695648
4680	-78.01629	-118.9707	40.95443	0.3049403	4.562442	0.9975623
4686	-71.91221	-112.2827	40.37047	0.4203931	7.780183	0.4772154
4692	-71.91951	-113.9499	42.03041	1.542677	0.7467113	0.3276512
4698	-70.06482	-113.0894	43.02457	0.1548644	0.7157716	1.188029
4704	-75.10265	-116.4697	41.36704	0.4973176	2.473754	1.17623
4710	-75.43122	-116.6401	41.20893	0.685404	2.977021	0.9258733
4716	-74.95532	-115.5927	40.63743	0.7665785	4.259958	0.9454299
4722	-81.28389	-123.0301	41.74625	0.07137713	2.859595	1.05503
4728	-81.006	-124.2647	43.25868	0.6624823	0.3719606	1.008295
4734	-78.99824	-119.4653	40.46709	0.6624823	6.060499	0.3831839
4740	-79.50833	-120.8421	41.33373	0.3855387	2.093986	1.455892
4746	-81.14088	-122.1657	41.02483	0.1930496	2.543625	1.652254
4752	-72.43575	-115.0637	42.62796	0.1982548	1.474335	0.8084382
4758	-75.0337	-116.4807	41.44696	0.05901307	2.927117	1.300787
4764	-75.20512	-116.092	40.88686	1.11791	3.09995	0.7169068
4770	-74.18437	-115.904	41.71962	0.08165559	2.861291	1.069762
4776	-77.79572	-120.7869	42.99118	0.04094897	0.8754959	1.151038
4782	-72.23202	-114.0222	41.79021	0.5822061	2.081669	0.8825074
4788	-71.5526	-114.1093	42.55672	0.1586526	0.9787338	1.325207
4794	-81.95514	-122.9239	40.96873	0.9604567	2.019768	1.325207
4800	-77.86662	-120.4273	42.56073	0.08588278	1.794167	0.7518557
4806	-73.28067	-115.1077	41.82704	0.5268351	2.300692	0.7518557
4812	-74.03574	-115.5142	41.47844	0.9295487	2.300692	0.6585314
4818	-73.7334	-114.3906	40.65717	0.9295487	4.457316	0.5707733
4824	-72.96766	-115.1964	42.22878	0.6208787	1.025455	1.174288
4830	-79.22216	-119.3948	40.17263	1.700043	3.629353	0.5102118
4836	-74.49012	-112.4781	37.98794	1.583286	15.1205	0.2676413
4842	-72.47788	-114.9049	42.42704	0.4448296	1.527636	0.6782795
4848	-70.56298	-113.6678	43.10484	0.05622235	0.8998752	1.005809
4854	-76.66195	-117.9367	41.27473	0.2206732	2.824521	1.345528
4860	-70.69614	-113.9586	43.26241	0.3286787	0.7141285	0.7596745
4866	-72.78185	-113.702	40.92019	0.3466173	2.00779	1.817965
4872	-77.81362	-119.5549	41.74127	0.64386	1.55995	1.191932
4878	-78.3729	-120.6226	42.24969	0.6248998	0.830985	1.325371
4884	-77.33324	-117.8979	40.56462	0.2568206	3.092327	1.7589
4890	-71.68546	-115.1332	43.4477	0.8116927	0.3589202	0.5440089
4896	-76.87791	-120.9048	44.02691	0.236114	0.3589202	0.4959727
4902	-84.66262	-128.1423	43.47966	0.8796847	0.2141198	0.9462421
4908	-76.95875	-119.3673	42.40856	1.197092	0.7737591	0.5824313
4914	-73.77188	-116.6296	42.85774	1.617271	0.2110085	0.2749664
4920	-69.59421	-112.1028	42.5086	1.436465	0.4886205	0.3289279
4926	-69.02643	-112.0559	43.02946	1.436465	0.252741	0.3678451
4932	-73.06308	-116.1357	43.07258	1.287213	0.2935621	0.6707783
4938	-70.17679	-113.1262	42.94943	0.3487657	0.7529029	1.037649
4944	-72.6234	-114.9678	42.34445	0.0988276	0.9690144	1.541958
4950	-71.68198	-114.1171	42.43514	0.02353565	0.9979344	1.508714
4956	-74.78273	-115.9132	41.13047	0.4387562	2.814189	1.289758
4962	-76.41972	-117.5181	41.09834	0.7180004	3.728362	0.6091837
4968	-72.61066	-111.7391	39.12846	0.9902558	11.95353	0.4850833
4974	-75.7033	-113.6708	37.96748	1.595931	16.25213	0.3629747
4980	-77.05831	-119.4438	42.38546	1.340064	0.6600656	0.37458
4986	-77.11737	-119.6955	42.57813	2.329002	0.07539286	0.2407982
4992	-74.17891	-115.6688	41.48991	0.9346702	2.271582	0.3709622
4998	-72.15682	-113.6496	41.49278	0.2683355	2.155478	1.397195
5004	-74.32265	-115.9675	41.64486	0.3668687	1.694729	1.419537
5010	-70.31861	-112.66	42.3414	0.07906902	1.440342	1.236566
5016	-71.79063	-113.5319	41.74131	0.08103779	2.015727	1.411262
5022	-67.01973	-108.4177	41.39796	0.5977693	3.124386	0.7151854
5028	-65.23643	-106.9806	41.7442	0.05917479	2.699881	1.134577
5034	-69.19185	-112.0068	42.81491	0.4628031	0.6391459	1.191381
5040	-72.70777	-113.8252	41.11741	0.4626198	4.33852	0.6806702
5046	-72.27116	-116.1819	43.91073	0.04905991	0.4416789	0.8177516
5052	-71.1548	-114.6503	43.49552	0.1340213	0.4416789	1.155916
5058	-70.68936	-113.05	42.36064	0.19387	1.669722	0.9620251
5064	-66.68556	-108.1785	41.49292	0.2616785	3.431421	0.8769241
5070	-75.53605	-116.1984	40.66235	0.5981982	5.087876	0.8277414
5076	-74.77387	-115.0983	40.32442	1.426125	3.581893	0.2800641
5082	-74.11571	-114.4656	40.34992	1.255713	3.581893	0.2110457
5088	-77.40921	-118.6353	41.22611	0.6541353	3.609129	0.5030777
5094	-71.16426	-111.5519	40.38767	0.9270006	5.42887	0.5542497
5100	-68.44604	-109.6355	41.18946	0.1927054	3.979566	1.059301
5106	-70.05365	-112.08	42.02631	0.4748807	1.52937	1.108662
5112	-74.93379	-116.8679	41.93413	0.208922	2.327932	0.9853994
5118	-78.10864	-119.375	41.26635	0.1463067	2.415521	1.556817
5124	-76.79368	-118.0193	41.22566	0.4698472	2.714999	1.222236
5130	-80.22542	-121.5729	41.3475	1.071372	2.134138	0.787672
5136	-74.83756	-115.9627	41.12516	1.809452	1.174414	0.2161169
5142	-75.95619	-118.4503	42.49411	0.9961562	0.8839818	0.4804477
5148	-70.98446	-114.1729	43.18844	0.2897314	0.712675	0.9040817
5154	-75.68877	-117.3532	41.6644	0.7114564	2.403329	0.609062
5160	-73.94351	-114.8868	40.94329	1.18095	2.976391	0.5566791
5166	-68.60169	-110.0515	41.44985	0.6684886	2.976391	0.5810805
5172	-68.01061	-110.6655	42.65492	0.3647017	1.055461	0.9887598
5178	-74.54618	-115.5688	41.02267	0.7384578	3.643255	0.7678213
5184	-79.12814	-121.4852	42.35704	0.3573481	0.8911621	1.398786
5190	-85.52376	-126.0866	40.56286	0.555853	4.068138	1.264866
5196	-81.22611	-122.5928	41.36664	0.5788739	2.07083	1.28814
5202	-77.2698	-119.2515	41.98172	0.04399518	2.123658	1.196005
5208	-79.69857	-122.2713	42.57277	0.2530138	0.7131248	1.474601
5214	-74.91464	-116.6732	41.75855	0.2770697	1.219048	1.667871
5220	-69.83789	-112.594	42.75609	0.1321743	0.6193848	1.522662
5226	-67.35066	-109.7794	42.42871	0.1190423	1.34044	1.194528
5232	-73.63533	-115.4258	41.79044	0.5292523	1.983698	0.9994865
5238	-75.45348	-118.5506	43.0971	0.2372974	0.7574807	0.996491
5244	-80.78145	-123.9876	43.20619	0.4561615	0.4420006	1.126202
5250	-77.00092	-119.0989	42.09794	0.07847136	2.124341	1.060205
5256	-73.17568	-115.5434	42.36771	0.02290887	1.291821	1.356363
5262	-80.79563	-122.2838	41.48815	0.8211684	1.307779	1.409788
5268	-74.34565	-117.1331	42.78744	0.4001946	1.012052	0.8507647
5274	-73.60408	-116.2238	42.61969	0.1143733	0.6557891	1.598831
5280	-68.8497	-110.658	41.80831	0.5226897	1.201834	1.461635
5286	-70.00431	-112.1433	42.13901	0.8278806	1.134271	0.9673743
5292	-67.91292	-110.6054	42.69246	0.2498738	1.161519	0.9673743
5298	-70.48394	-113.552	43.06804	0.006622815	0.9143773	1.074021
5304	-75.64619	-118.2194	42.5732	0.06589843	1.124928	1.27268
5310	-74.46776	-117.7546	43.28679	0.8874716	0.378322	0.6738215
5316	-75.69876	-115.3116	39.61287	1.305272	6.834658	0.3378292
5322	-75.00678	-117.1905	42.18368	0.8558533	1.289215	0.7077188
5328	-73.62419	-114.4929	40.86872	0.3348794	3.912821	1.237808
5334	-67.57488	-109.4902	41.91535	0.544923	1.778957	0.984888
5340	-76.32291	-116.724	40.40107	1.060043	4.390388	0.270392
5346	-75.22032	-116.7919	41.5716	0.3884852	2.980568	0.8487552
5352	-77.4825	-119.8275	42.34503	0.952236	0.7046786	1.095893
5358	-83.45611	-124.6052	41.14907	0.9235246	2.579475	0.9276124
5364	-75.0997	-117.7172	42.61753	0.5739896	0.9898376	0.8725903
5370	-76.60447	-119.7866	43.18218	0.5213483	0.6502276	0.7167589
5376	-72.4735	-115.1505	42.67695	0.4411473	0.6502276	1.311604
5382	-74.10446	-113.1583	39.05384	1.445916	9.407004	0.4857848
5388	-78.29648	-116.5609	38.26441	1.445916	15.27937	0.4588895
5394	-74.58692	-115.4394	40.85244	0.6051546	3.988892	0.9822574
5400	-68.85532	-110.7276	41.87227	0.2549348	0.8974414	1.820801
5406	-71.0418	-114.3619	43.3201	0.4622257	0.3900101	1.105969
5412	-70.89049	-114.3958	43.50536	0.230805	0.3400977	1.235684
5418	-67.86834	-111.4139	43.54557	0.06484173	0.4020641	1.235684
5424	-68.93162	-111.4319	42.50024	0.8804414	0.855015	0.8164212
5430	-76.76671	-118.567	41.80029	1.270209	1.059945	0.9311609
5436	-77.42294	-117.2695	39.84653	0.9745503	7.509511	0.6183823
5442	-72.50607	-114.2495	41.7434	0.6419999	1.78526	1.054401
5448	-77.40217	-119.2257	41.8235	0.8318857	1.548834	0.9443641
5454	-72.51557	-114.629	42.11339	0.033122	1.749405	1.283903
5460	-75.94063	-117.8857	41.94505	0.597249	1.143863	1.337198
5466	-75.87776	-116.7616	40.88381	0.8292461	3.740666	0.7861475
5472	-76.94262	-118.9826	42.03999	0.7749445	1.570261	0.3276109
5478	-78.11158	-120.7243	42.61272	0.8338413	0.8004143	0.2801991
5484	-74.95319	-118.5208	43.56762	0.2539281	0.2980389	1.243103
5490	-81.61698	-123.6861	42.06911	0.4613187	1.150894	1.341605
5496	-81.5198	-123.8999	42.38012	0.1035621	0.9602811	1.518607
5502	-68.41408	-110.4202	42.00615	0.09795995	2.481132	0.9451815
5508	-70.62055	-112.2381	41.61758	0.07312252	3.52688	0.9086372
5514	-70.15546	-112.0122	41.85678	0.7580123	1.207303	1.231835
5520	-75.53799	-116.0005	40.46249	0.2246407	1.86679	2.258772
5526	-77.85104	-118.9657	41.11471	0.03874094	2.946544	1.565454
5532	-76.5923	-120.3345	43.74217	0.1088154	0.5219301	0.7809875
5538	-69.67819	-110.869	41.19077	0.8163292	3.185707	0.6465286
5544	-72.82975	-115.0707	42.24094	0.1282178	1.579912	1.193495
5550	-71.48258	-114.0659	42.58328	0.1714851	1.152764	1.152735
5556	-74.18998	-115.2594	41.06946	1.095869	2.31192	0.97116
5562	-75.35063	-116.946	41.59533	0.4795341	2.351811	1.040515
5568	-83.33733	-127.1515	43.81419	0.4795341	0.3379931	0.422112
5574	-76.6288	-119.6204	42.99162	0.7097226	0.6599502	0.6978385
5580	-78.09923	-120.4065	42.30729	0.3469246	0.8874701	1.448267
5586	-67.8522	-110.7898	42.93764	0.5708069	0.6495958	0.9617284
5592	-71.73898	-114.1139	42.3749	0.07934726	2.062234	0.7947926
5598	-74.22938	-117.468	43.2386	0.4938309	0.5282185	0.9137232
5604	-76.94495	-119.2767	42.33175	0.6466176	1.244	0.8470839
5610	-68.78612	-111.758	42.9719	0.13727	0.6067158	1.367565
5616	-72.51298	-114.883	42.37005	0.3122309	1.005213	1.330386
5622	-68.82849	-110.6217	41.7932	0.7665172	1.005213	1.426568
5628	-69.66069	-112.5064	42.84568	1.338929	0.3778967	0.6546203
5634	-74.97939	-116.5841	41.60466	0.5451693	2.512435	0.877423
5640	-73.37075	-115.6653	42.29457	0.277999	1.758989	0.877423
5646	-73.91065	-115.6478	41.73716	0.7488145	1.985202	0.8120771
5652	-87.09166	-124.9936	37.90195	1.405261	18.79759	0.3545585
5658	-78.15732	-114.8276	36.67028	1.462126	36.9306	0.4952087
5664	-78.86246	-121.4545	42.592	0.2210133	0.7039322	1.49317
5670	-82.33424	-121.5387	39.20447	0.8930265	9.060809	1.144606
5676	-79.81229	-120.2889	40.47664	0.0970795	7.75325	0.9125433
5682	-85.13393	-126.0707	40.93681	0.4886349	2.166823	1.642897
5688	-83.43611	-122.4425	39.0064	0.5221118	6.839757	1.894057
5694	-67.50598	-110.5307	43.02476	0.6766833	0.6509551	0.7185454
5700	-80.02189	-121.4681	41.44626	0.4246585	3.163276	0.8643561
5706	-76.6208	-119.3683	42.74752	0.8820419	0.7421383	0.6258104
5712	-76.26176	-118.1638	41.90201	0.2213398	1.615565	1.374559
5718	-69.7305	-111.9261	42.19565	0.5198674	0.9188629	1.374559
5724	-69.86798	-110.501	40.63306	0.5082738	3.548098	1.393017
5730	-66.21507	-108.6473	42.43225	1.093173	0.8365005	0.4093068
5736	-65.74096	-107.6799	41.93891	1.093173	1.35936	0.4093068
5742	-68.19158	-109.2034	41.01183	0.1426485	1.780346	1.988691
5748	-67.97754	-109.6128	41.63522	0.0347276	3.071382	1.107878
5754	-72.63743	-113.2759	40.63852	0.6230994	4.704807	0.951606
5760	-74.2988	-115.4107	41.11192	1.177667	2.603249	0.5695708
5766	-76.21976	-118.8447	42.62495	0.4317876	1.342677	0.4416724
5772	-71.53463	-113.6849	42.15022	0.5446778	1.738155	0.7333881
5778	-70.04209	-111.5345	41.49238	1.057706	1.813713	0.8626113
5784	-71.07618	-112.6401	41.56397	1.045553	1.931369	0.6707862
5790	-73.15646	-115.6619	42.50542	1.317079	0.5926408	0.6466367
5796	-75.69349	-118.2786	42.58514	0.06579041	0.5561826	1.760559
5802	-71.46363	-114.0774	42.61378	0.2103173	1.505696	0.7800484
5808	-77.47191	-119.7355	42.26354	0.4371526	0.8388719	1.454189
5814	-72.74679	-113.6028	40.85602	0.3522964	4.167383	1.160837
5820	-75.54145	-117.5966	42.05514	0.04854112	2.706375	0.8214538
5826	-76.4313	-120.2121	43.78083	0.1273398	0.4299202	0.904855
5832	-72.77252	-115.0962	42.32372	0.3285002	1.767242	0.7689282
5838	-72.79787	-114.9148	42.11691	0.6191002	1.403853	0.9727923
5844	-72.1474	-114.7	42.55256	1.140895	0.6406013	0.7532893
5850	-86.20697	-129.0989	42.89193	0.08800932	0.7766722	1.29183
5856	-75.26939	-116.7643	41.49495	0.1678539	2.722723	1.24673
5862	-79.50826	-119.799	40.29076	1.229055	4.58131	0.3741105
5868	-78.2254	-120.11	41.88464	1.247784	1.230057	0.6197576
5874	-74.72034	-116.5241	41.80378	0.5469461	2.09514	0.8985279
5880	-70.51903	-111.5493	41.03028	0.5395749	2.975266	1.23085
5886	-68.73877	-109.3482	40.60945	1.01458	4.223786	0.3640552
5892	-66.89904	-108.6405	41.74145	0.3003629	3.037623	0.6980878
5898	-65.87528	-107.5379	41.66258	0.6192468	2.444534	0.7493281
5904	-70.70969	-113.0013	42.2916	0.9568704	1.022982	0.7557179
5910	-70.25613	-111.8758	41.61971	0.8952217	2.117745	0.6418902
5916	-72.82883	-115.478	42.64921	0.5898424	1.129822	0.444501
5922	-71.11483	-113.6337	42.51884	0.09231755	1.951588	0.6418407
5928	-77.31619	-117.685	40.36879	0.3767267	7.64204	0.7169138
5934	-81.95529	-121.3572	39.40195	1.395369	7.603526	0.6309776
5940	-77.21475	-120.2148	43.00002	0.516274	0.2216509	1.628536
5946	-78.86547	-121.8945	43.02898	0.6292844	0.5158426	1.011636
5952	-78.73381	-121.646	42.91215	0.5334798	0.8075564	0.802721
5958	-73.00119	-116.0313	43.03009	0.2259124	0.5855231	1.274316
5964	-72.09893	-114.7636	42.66468	0.3818388	0.8487602	1.164651
5970	-74.82123	-116.8609	42.03971	0.2552217	1.620433	1.232564
5976	-76.09987	-118.1823	42.08244	0.2992106	1.047075	1.530105
5982	-80.67341	-123.6164	42.943	1.493878	0.2464471	0.7403041
5988	-77.10928	-118.8112	41.70193	1.214147	1.502945	0.3956303
5994	-75.12133	-114.8554	39.73408	1.219469	6.916181	0.4189846
6000	-73.5342	-114.6031	41.06892	1.62228	1.772504	0.3406085
6006	-71.34673	-110.9443	39.59758	1.380928	6.822092	0.4323302
6012	-70.16027	-111.0223	40.86199	1.231846	2.832535	0.3091188
6018	-69.63864	-110.7443	41.10564	0.803577	3.473866	0.6104644
6024	-70.58511	-111.9608	41.3757	0.4163456	2.321275	1.301899
6030	-72.29807	-113.5518	41.25375	0.8232741	2.342964	1.042836
6036	-74.05126	-113.8822	39.83091	1.324662	5.727328	0.3184142
6042	-68.99552	-110.4114	41.41585	1.004626	2.301596	0.6295351
6048	-74.05619	-115.7218	41.66557	0.2214894	2.301596	1.231918
6054	-75.36899	-117.6857	42.31673	0.6070121	1.095979	1.04535
6060	-83.53281	-124.892	41.35921	0.573799	2.213897	1.23259
6066	-86.63143	-127.8191	41.18769	0.6956467	1.37435	1.685421
6072	-80.88159	-122.4088	41.52726	1.319182	1.635622	0.4789029
6078	-74.0657	-115.9754	41.9097	0.1918508	1.635622	1.380809
6084	-80.05433	-120.7152	40.66084	0.0517418	4.922174	1.380809
6090	-75.83882	-116.8489	41.0101	0.4823239	1.86891	1.718904
6096	-75.12147	-117.7193	42.5978	0.1838044	1.079004	1.188595
6102	-83.06431	-124.7831	41.71876	0.978176	1.844666	0.5868469
6108	-81.97917	-123.428	41.44886	1.019795	2.142351	0.7051774
6114	-78.50989	-119.0554	40.54546	0.86021	5.092629	0.4518476
6120	-76.28861	-116.7449	40.45625	0.86021	5.442808	0.5049891
6126	-79.88489	-122.2116	42.32672	0.5300009	1.413685	0.8281823
6132	-79.14723	-121.5364	42.38913	0.5300009	1.378532	0.7817921
6138	-83.34723	-124.6086	41.26132	0.6357737	2.993294	0.9152494
6144	-87.62334	-128.6865	41.06318	0.3202994	5.099598	0.6208562
6150	-82.1636	-122.1003	39.93675	1.340849	5.267447	0.3207871
6156	-77.26986	-119.6967	42.42681	1.340849	0.6487583	0.42863
6162	-77.21464	-118.7354	41.52079	0.1475521	1.634985	1.702282
6168	-74.88945	-116.7688	41.87934	0.4964007	1.634985	1.154384
6174	-73.64933	-116.7795	43.13021	0.4952489	0.4460709	1.152562
6180	-75.52259	-118.303	42.78043	1.668183	0.2018125	0.2460027
6186	-80.15483	-122.1587	42.00386	1.668183	0.5826647	0.2460027
6192	-83.61678	-125.245	41.62823	1.551266	1.01313	0.2583082
6198	-77.07044	-118.9514	41.88095	1.439427	1.019015	0.3866661
6204	-80.18754	-121.2146	41.02703	1.327069	2.440295	0.3984338
6210	-71.8655	-114.6873	42.82175	0.7475623	0.7809563	0.6548799
6216	-70.15782	-111.5721	41.41426	0.9464436	2.47114	0.4694132
6222	-70.73218	-112.9427	42.21049	0.9464436	1.046783	0.8467775
6228	-79.18015	-121.505	42.32487	1.456405	0.6262489	0.630252
6234	-73.5119	-115.4248	41.91292	0.6851584	1.818341	0.7985939
6240	-72.03584	-112.635	40.5992	0.07545104	5.055957	1.381071
6246	-77.09663	-116.3777	39.28108	0.4779004	5.336829	1.981153
6252	-88.92385	-129.462	40.53814	0.9952005	3.926723	0.924798
6258	-76.79388	-118.4357	41.64181	0.9952005	1.902484	0.6502585
6264	-75.21955	-116.7432	41.52361	1.18245	1.592761	0.852003
6270	-77.58108	-120.2877	42.70666	0.1636458	1.483387	0.7362932
6276	-73.03958	-115.7783	42.73876	0.8269948	0.6182678	0.9475384
6282	-72.47812	-114.3929	41.91478	0.1488383	1.5035	1.48198
6288	-72.46873	-114.5604	42.09166	0.6121891	1.760448	0.6941864
6294	-73.27653	-114.7296	41.45306	0.6121891	3.048417	0.6430072
6300	-79.02049	-119.4475	40.42701	0.4918617	6.510055	0.8115146
6306	-75.55089	-116.8549	41.30398	0.2302302	2.373457	1.482173
6312	-72.81819	-116.1839	43.36573	0.05076363	0.6833192	1.008917
6318	-74.98926	-116.5863	41.59703	0.558805	2.259114	1.008917
6324	-76.51664	-119.2287	42.71207	0.1273617	1.48774	0.7770802
6330	-76.05045	-116.9547	40.90427	1.000941	3.517718	0.569497
6336	-71.51179	-113.9441	42.43232	0.5921322	1.253332	0.7767686
6342	-78.74541	-120.0725	41.32713	0.59927	1.752141	1.455942
6348	-73.24801	-114.7716	41.52354	0.59927	2.869993	0.6819895
6354	-73.95362	-113.1968	39.24317	1.36765	8.184376	0.3050981
6360	-66.43966	-109.9798	43.54014	0.2381792	0.4193892	1.05745
6366	-69.00676	-112.1303	43.12352	0.08610924	0.8093854	1.05745
6372	-70.71696	-114.2558	43.53889	0.01201214	0.6546892	0.9086012
6378	-72.63593	-114.1314	41.49549	0.240099	3.744186	0.7521634
6384	-73.98682	-117.074	43.08713	0.607067	0.6639215	0.7009235
6390	-76.0838	-117.5859	41.50212	0.8784003	2.086372	0.8699589
6396	-71.9259	-114.1909	42.26504	0.7098683	1.178845	0.9162385
6402	-71.83762	-114.3896	42.55194	0.03370312	0.9434048	1.454985
6408	-71.52656	-114.782	43.25542	0.1169232	0.9434048	0.6848902
6414	-72.7606	-115.0451	42.28455	0.06490765	1.955096	0.9866153
6420	-76.71373	-117.6616	40.94786	0.2046975	2.231445	1.810258
6426	-69.01863	-111.2232	42.20454	0.1735387	1.283325	1.371799
6432	-69.83076	-112.4316	42.6008	0.2128999	1.366066	0.9217503
6438	-74.71858	-115.8176	41.09905	0.6422158	2.952983	1.08845
6444	-70.52076	-113.7893	43.26857	0.05620363	0.8116033	0.9393946
6450	-75.43979	-117.5823	42.14247	0.4714689	1.623729	0.9323522
6456	-76.20112	-118.0636	41.86244	0.8665507	1.779482	0.6145145
6462	-69.84951	-112.2172	42.36767	0.06080403	1.734636	1.044627
6468	-72.16334	-115.1817	43.01839	0.1539439	0.8581269	1.039758
6474	-71.94506	-113.0033	41.05827	0.6340794	3.203207	1.036231
6480	-69.65948	-112.8617	43.20222	0.07394882	0.6068917	1.231569
6486	-65.12564	-108.0479	42.92227	0.06160835	1.050752	1.028687
6492	-64.59844	-107.296	42.69754	0.5004645	0.971619	0.8864906
6498	-72.48802	-114.7273	42.23929	0.1378659	2.399652	0.6106563
6504	-71.96706	-113.7651	41.79808	0.8671241	1.841536	0.3616563
6510	-65.04174	-107.6276	42.5859	0.6694372	1.034599	0.7277335
6516	-69.97084	-112.5108	42.53999	0.06097864	1.243927	1.216979
6522	-73.2792	-115.77	42.49085	0.6077539	0.7609503	1.20886
6528	-73.49151	-116.1501	42.65863	0.8930421	0.8296375	0.4864231
6534	-69.24528	-112.263	43.01768	0.7826779	0.5498628	0.7901094
6540	-73.70887	-116.1005	42.39165	0.08224116	1.92866	0.8686761
6546	-79.14075	-120.9228	41.78203	0.3419326	1.460571	1.460376
6552	-72.26752	-114.0578	41.79023	0.5672708	2.020442	0.9381352
6558	-71.17758	-113.8663	42.68873	0.7695384	0.6351523	1.032148
6564	-78.49573	-118.2875	39.79175	1.855677	3.654791	0.2389721
6570	-79.03244	-119.6993	40.66684	1.543517	2.567862	0.3044227
6576	-75.21971	-115.6416	40.42186	0.9118958	5.355284	0.4480698
6582	-74.07537	-115.013	40.93765	0.1621981	2.238453	1.843949
6588	-77.37588	-118.0344	40.65853	0.03083795	8.086878	0.6631096
6594	-72.26834	-112.0643	39.79601	0.8933593	8.086878	0.6631096
6600	-79.34191	-120.334	40.99212	0.1614319	4.287874	1.174823
6606	-71.4928	-113.587	42.09417	0.1158017	1.856181	1.173027
6612	-68.78464	-112.59	43.80536	0.1846674	0.505836	0.540348
6618	-73.773	-116.4572	42.68416	0.5447228	1.031198	0.7724109
6624	-74.88022	-116.687	41.80682	0.8736	1.569984	0.9005647
6630	-75.89979	-117.1962	41.2964	0.7833817	2.256637	1.083058
6636	-83.4111	-124.3868	40.97565	1.103778	3.096983	0.4950794
6642	-75.44502	-116.8268	41.3818	0.2931083	1.686727	1.672674
6648	-75.82985	-117.7506	41.92074	0.8738984	0.8467607	1.374587
6654	-77.0413	-120.4112	43.36987	0.7728546	0.4201275	0.5073472
6660	-81.49271	-121.6589	40.16622	1.831832	3.240667	0.4002853
6666	-72.78343	-112.8962	40.11276	1.831832	2.410623	0.1626307
6672	-72.79432	-115.5491	42.7548	0.2489129	1.048057	1.011786
6678	-77.03771	-119.1584	42.12066	1.264698	0.9041281	0.3222415
6684	-76.02415	-118.9631	42.93897	0.64164	0.6856669	0.8241979
6690	-76.75614	-118.9301	42.174	0.849922	1.388191	0.5475935
6696	-79.36996	-119.9974	40.62744	1.129083	3.27251	0.943339
6702	-80.10791	-121.3858	41.27792	1.189357	2.260725	0.5430492
6708	-76.69716	-119.2392	42.54203	1.124422	0.7320805	0.4629513
6714	-72.8748	-116.0046	43.12976	0.8996026	0.4192442	0.7797193
6720	-70.48382	-113.8953	43.41143	0.8113955	0.3523625	0.6826016
6726	-66.46207	-109.6869	43.22479	0.3096112	0.6890917	0.874885
6732	-67.09194	-110.2424	43.15041	0.1870637	0.7561454	0.9950577
6738	-67.85534	-111.7174	43.86208	0.4479788	0.3321624	0.5735767
6744	-73.43519	-116.7169	43.28174	0.5365527	0.5917297	0.6584839
6750	-68.87814	-111.9952	43.11705	0.02613719	0.8778413	1.046705
6756	-70.40986	-114.3724	43.96256	0.5288723	0.2300635	0.7238348
6762	-74.99523	-117.5727	42.57746	0.229001	0.743728	1.45991
6768	-84.58169	-126.5161	41.93439	0.4800396	0.7227688	1.763602
6774	-70.70305	-111.7605	41.0574	0.4437649	1.203926	2.043094
6780	-74.74462	-116.7882	42.04355	0.6587275	1.3491	1.048714
6786	-75.57256	-117.4847	41.91209	0.5382969	2.086779	0.7809337
6792	-71.28063	-114.1013	42.82071	0.9099388	0.6835201	0.474057
6798	-74.65787	-116.8213	42.16339	0.5481883	1.737041	0.7073129
6804	-76.62443	-119.4008	42.77635	1.343723	0.431114	0.535895
6810	-80.88809	-123.1208	42.23274	0.4688826	1.833198	0.5949662
6816	-72.04086	-113.1039	41.06309	0.3737306	2.350473	1.563487
6822	-78.96113	-120.0324	41.07129	1.486752	2.013401	0.3574024
6828	-78.18212	-119.586	41.4039	1.486752	1.54104	0.6154293
6834	-75.90499	-117.8125	41.90749	0.1817108	1.014537	1.763102
6840	-77.26478	-119.084	41.81921	1.035666	1.518502	0.7197887
6846	-76.69536	-118.2186	41.52322	1.344648	1.456414	0.3020426
6852	-73.0372	-115.8562	42.81901	1.055499	0.5657535	0.6181299
6858	-80.47323	-121.3532	40.87996	1.026928	3.472463	0.6181299
6864	-74.51596	-116.0751	41.55911	1.760238	0.5097574	0.1199615
6870	-79.59644	-119.1849	39.5885	2.141072	2.568145	0.1338323
6876	-77.03338	-117.12	40.08659	1.916644	2.420955	0.179195
6882	-82.93037	-125.7274	42.797	1.270462	0.3752	0.2664319
6888	-78.09124	-120.1168	42.02554	1.270462	1.037605	0.376721
6894	-77.96499	-118.8588	40.89378	0.9941808	3.534205	0.6066517
6900	-69.40757	-110.9526	41.54507	0.7315842	2.063379	0.9961929
6906	-71.51405	-112.6289	41.11483	0.09289141	3.870846	1.246454
6912	-84.13583	-125.85	41.71419	1.2557	1.342337	0.7499414
6918	-77.3398	-114.546	37.2062	1.569814	25.35652	0.3531408
6924	-75.87758	-117.1044	41.22683	0.7391779	3.134182	0.7553583
6930	-84.55925	-122.8939	38.33469	3.035188	1.820645	0.0526826
6936	-74.92749	-116.0785	41.15104	1.702807	0.8715682	0.122598
6942	-74.08026	-114.9907	40.91047	0.9834004	2.710668	1.04638
6948	-72.19812	-114.1234	41.92532	1.189282	1.12601	0.8060952
6954	-76.97988	-118.6596	41.6797	0.5782897	1.868912	1.123501
6960	-71.58944	-113.7239	42.13448	0.7217993	1.320455	0.9150408
6966	-66.02988	-108.6439	42.61403	0.3713072	1.078844	1.000841
6972	-75.00419	-117.4424	42.43817	0.9142067	0.9725144	0.6654258
6978	-80.1887	-121.7468	41.55807	0.3389041	2.640147	1.074515
6984	-78.18727	-117.5213	39.334	0.7978741	11.46015	0.351536
6990	-79.11441	-121.5134	42.39896	1.261745	0.7126047	0.6406109
6996	-83.32761	-125.2487	41.92108	0.6275492	1.694263	0.9509156
7002	-76.62705	-116.7908	40.16374	0.6232217	3.73878	1.607029
7008	-71.07426	-112.5556	41.48137	0.2570968	3.34726	0.9312457
7014	-73.45403	-115.6063	42.15229	0.7325021	1.35733	0.8479101
7020	-74.48519	-117.4995	43.01432	0.1561571	1.031877	0.8479101
7026	-75.27926	-117.6902	42.41098	0.510985	1.031877	1.104239
7032	-72.21493	-114.437	42.22207	0.189263	1.450224	1.237969
7038	-70.09268	-111.9559	41.86326	0.2051026	1.600689	1.425384
7044	-70.9451	-112.0261	41.08104	0.3962185	4.120945	0.9149444
7050	-73.5176	-115.4229	41.9053	1.372728	0.8471852	0.9456171
7056	-73.14095	-116.5388	43.39785	0.05976268	0.5630293	1.130513
7062	-74.74922	-117.9138	43.16459	0.0285422	0.7570035	1.130513
7068	-71.57518	-113.3643	41.78916	0.7231156	1.807991	0.9101585
7074	-70.72063	-112.0873	41.3667	1.250011	1.968308	0.6022335
7080	-69.93403	-113.1738	43.2398	0.2901067	0.6717553	0.9062583
7086	-71.7089	-112.2314	40.52245	0.4723779	5.467981	1.008225
7092	-72.23556	-113.268	41.03243	0.256766	1.875023	1.857365
7098	-74.77737	-117.5431	42.76572	0.3199406	0.9630768	1.014461
7104	-74.72973	-116.1572	41.42748	0.2664384	3.254993	1.014461
7110	-70.67418	-113.6567	42.98253	0.3913007	0.959229	0.6490773
7116	-70.43531	-111.9574	41.52212	0.2575316	3.521931	0.8037799
7122	-71.74868	-114.0149	42.26619	0.8166848	1.221571	0.730081
7128	-74.34092	-116.2257	41.88474	1.227542	1.276805	0.4492439
7134	-72.58765	-116.3674	43.77977	0.2555901	0.4707118	0.5973785
7140	-70.88643	-113.8196	42.93317	0.5141229	0.9243458	0.5109525
7146	-74.6774	-117.3783	42.70094	0.7969834	0.8610614	0.6024487
7152	-72.68112	-114.7085	42.02736	0.7969834	1.48738	0.7981007
7158	-72.61813	-115.0783	42.46021	0.05400342	1.81526	0.9028553
7164	-74.00877	-116.1672	42.15845	0.5088311	1.808696	0.7040469
7170	-74.5628	-116.5667	42.00386	0.2013658	1.808696	1.202893
7176	-76.4716	-118.6753	42.20374	0.7731962	1.088863	0.9998036
7182	-72.10848	-112.9847	40.8762	0.802309	4.10582	0.6311536
7188	-75.3497	-118.5857	43.236	0.8304321	0.449874	0.6129801
7194	-71.89393	-114.5181	42.6242	1.206442	0.5965446	0.6129801
7200	-74.81984	-115.6934	40.87356	0.4262308	3.495201	1.282224
7206	-83.32898	-122.7034	39.37443	0.7597967	9.777438	0.998639
7212	-76.33772	-117.6496	41.31184	0.2048613	4.37885	0.7632724
7218	-73.4647	-115.073	41.6083	0.3702511	3.090683	0.7632724
7224	-75.19535	-117.0972	41.90188	1.027463	1.174949	0.9684563
7230	-74.37083	-115.3303	40.95951	0.3961713	3.786307	1.144596
7236	-73.31414	-115.1938	41.87962	0.5799715	1.531626	1.144596
7242	-76.18727	-117.1409	40.95362	0.5117996	4.547936	0.7621453
7248	-69.42143	-112.3542	42.93275	0.107549	0.9411901	1.079625
7254	-71.74095	-113.8793	42.13839	1.291396	0.9411901	0.5008001
7260	-77.27356	-119.8035	42.52991	0.1902288	1.72665	0.7043409
7266	-72.86936	-115.7207	42.85131	0.78178	0.7483201	0.5947501
7272	-75.20775	-117.9101	42.70239	0.5994618	0.7809102	1.000584
7278	-71.3983	-112.7547	41.3564	0.4909677	3.233693	0.8585565
7284	-78.66917	-120.0399	41.37074	0.4213714	2.699196	1.144895
7290	-68.7334	-111.4705	42.73711	0.1941537	0.7575503	1.349721
7296	-66.19329	-108.5871	42.39379	0.8256152	1.002776	0.8227592
7302	-73.44736	-116.0647	42.61733	0.8256152	0.8160049	0.7930963
7308	-72.12112	-114.5335	42.41242	0.8615499	1.065958	0.3851396
7314	-68.97485	-110.2176	41.24272	0.1589891	3.234589	1.281457
7320	-69.04806	-110.5856	41.5375	1.429962	1.414875	0.3714766
7326	-74.27783	-116.2854	42.00758	1.089876	1.045348	0.9170944
7332	-75.63208	-117.9063	42.27419	0.4692198	1.767084	0.5960461
7338	-75.72382	-117.9997	42.27591	0.5585487	1.563424	0.6996718
7344	-80.77364	-122.5573	41.78368	0.5905018	2.323865	0.6996718
7350	-72.11056	-112.9634	40.85289	0.7622729	4.395068	0.5029013
7356	-71.57684	-114.1523	42.57545	0.9762389	0.8287208	0.4739728
7362	-77.86124	-119.6816	41.8204	0.5730677	2.360746	0.6201987
7368	-74.51758	-117.0942	42.57665	0.8838251	0.8794718	0.6453929
7374	-77.77027	-120.7079	42.93767	0.4898417	0.8794718	0.7085616
7380	-66.41235	-108.9898	42.57744	0.1296755	1.222285	1.140833
7386	-74.15542	-114.9444	40.789	0.2986681	3.581333	1.425091
7392	-74.99157	-115.8598	40.86819	0.316142	4.17117	1.180693
7398	-72.1078	-114.8445	42.73667	0.1805258	1.033205	1.107407
7404	-74.0927	-116.8445	42.75176	0.3957718	1.033205	0.8737449
7410	-68.1833	-110.3444	42.16112	0.2570347	1.512734	1.192803
7416	-69.3764	-111.8246	42.4482	0.3217802	1.072491	1.203875
7422	-67.78689	-109.9265	42.13959	0.0890484	1.441286	1.390949
7428	-68.76639	-111.3057	42.53927	0.3823094	1.096732	1.04674
7434	-77.67088	-118.3234	40.65255	1.093046	3.801519	0.7038194
7440	-66.64143	-109.392	42.75056	0.3630375	1.235114	0.6535829
7446	-66.11967	-108.2587	42.13904	0.4273425	1.929036	0.7466008
7452	-73.68256	-116.3268	42.64421	0.05977307	1.832005	0.5897974
7458	-73.86763	-114.2072	40.33956	0.4084244	7.926001	0.5942752
7464	-78.08245	-119.9739	41.89146	0.3789068	1.368146	1.402448
7470	-70.00182	-110.672	40.6702	1.512662	2.571043	0.2857426
7476	-69.19301	-110.68	41.48704	1.512662	1.36079	0.3580869
7482	-69.12957	-111.7122	42.58262	0.9111707	0.8724859	0.5737936
7488	-74.57112	-115.2642	40.6931	0.2666394	4.565367	1.266145
7494	-70.14553	-113.3618	43.21626	0.04458124	0.5329521	1.33555
7500	-67.70329	-109.4366	41.73336	0.1805604	1.630332	1.526648
7506	-69.34092	-111.1049	41.76399	0.06456178	2.713422	1.106199
7512	-69.67709	-113.5854	43.90833	0.2321496	0.2338438	1.106199
7518	-71.2889	-115.2669	43.97803	0.3219477	0.2933801	0.7696503
7524	-68.72154	-112.175	43.45344	0.1214574	0.7839824	0.6343393
7530	-72.61444	-115.47	42.85554	0.05140492	1.442456	0.7268173
7536	-72.33967	-114.8557	42.51601	0.8002658	0.9332895	0.7889498
7542	-69.58504	-112.8546	43.2696	0.3374514	0.6418654	0.864423
7548	-73.71991	-114.9523	41.23238	0.5568619	3.046469	1.004434
7554	-76.86012	-118.1975	41.33734	1.03408	2.452913	0.512434
7560	-76.73715	-117.1484	40.41128	0.6460901	3.899494	1.360442
7566	-70.09325	-113.0945	43.00127	0.7755906	0.6225019	0.652287
7572	-78.93142	-119.5973	40.66585	1.483077	2.490358	0.2445817
7578	-83.34295	-120.7807	37.43771	1.583802	19.58411	0.2175474
7584	-71.88903	-113.2238	41.33473	1.040602	2.33013	0.6918301
7590	-73.15073	-116.1635	43.01275	1.273996	0.3411744	0.4217354
7596	-79.64528	-121.4173	41.77203	0.9893674	1.188165	1.11873
7602	-78.04626	-120.5068	42.46058	0.5862139	1.089662	0.9263462
7608	-77.04865	-119.1446	42.0959	1.219194	0.8488214	0.9032301
7614	-73.75744	-115.4794	41.72194	1.027962	1.770431	0.4403874
7620	-75.93518	-118.176	42.2408	1.027962	1.023225	0.7240466
7626	-68.59422	-111.942	43.3478	0.03618652	0.7638134	0.9370876
7632	-80.38104	-121.4801	41.09911	0.02125273	2.84075	1.623268
7638	-93.87594	-134.9781	41.10215	0.01821103	2.84075	1.623268
7644	-76.05559	-118.0156	41.96005	0.7161538	1.289681	1.117669
7650	-77.67027	-120.6385	42.96821	0.3635033	0.8683404	0.8587141
7656	-74.30323	-117.1318	42.82854	0.6774395	0.8683404	0.4666026
7662	-74.15931	-115.907	41.74766	0.6774395	1.847622	0.9763955
7668	-77.50417	-119.9747	42.47055	0.8817481	0.619946	1.149816
7674	-80.7426	-121.9238	41.1812	1.060012	2.721136	0.4682029
7680	-77.53748	-118.6682	41.13068	1.238378	2.438044	0.4322388
7686	-75.76986	-116.3065	40.53665	1.168356	3.895801	0.7170494
7692	-74.93605	-116.0415	41.10547	1.094701	2.702614	0.3559926
7698	-74.9163	-116.8544	41.93813	0.9769065	1.468801	0.3559926
7704	-70.28255	-111.3903	41.10779	0.9840092	1.944599	1.228026
7710	-68.17626	-109.9853	41.80906	0.2418403	2.031782	1.219153
7716	-71.34953	-113.3419	41.99238	0.246246	2.031782	1.051163
7722	-68.14094	-109.9822	41.84129	0.2706301	1.542204	1.423742
7728	-68.28134	-109.8132	41.53184	0.1476109	2.957964	1.142531
7734	-80.20401	-119.8291	39.62506	1.433321	6.505379	0.4881808
7740	-77.93182	-120.369	42.43716	0.8502113	1.044788	0.6512449
7746	-70.40891	-113.8857	43.47677	0.8502113	0.2931888	0.7297818
7752	-74.75703	-115.8572	41.1002	1.189322	2.464633	0.7216385
7758	-70.57531	-111.7991	41.22374	0.4867656	3.79357	0.7633736
7764	-69.41228	-110.7287	41.31638	0.2790493	4.132694	0.7633736
7770	-65.08325	-106.9968	41.91355	0.268066	2.497083	0.8485947
7776	-69.66808	-111.693	42.02494	0.6058754	1.285902	1.160896
7782	-68.02371	-111.2562	43.23247	0.506756	0.5940254	0.7828075
7788	-72.34343	-114.2712	41.92772	0.437577	1.898382	1.005111
7794	-72.85251	-114.4775	41.62495	0.5498027	2.230938	1.005111
7800	-75.24058	-116.489	41.24841	0.227598	1.656837	1.82609
7806	-78.53687	-121.5467	43.00988	0.3014324	0.7265404	1.056634
7812	-81.44022	-124.1042	42.66401	0.008398048	1.321366	1.097537
7818	-71.53683	-114.1654	42.62862	0.08487104	1.321366	1.059236
7824	-76.46108	-119.8654	43.40434	0.644324	0.40176	0.7985771
7830	-73.05525	-114.2226	41.16737	0.4688948	2.333991	1.419846
7836	-69.64921	-112.828	43.17874	0.4143023	0.6792068	0.8192477
7842	-69.26192	-111.9551	42.69314	0.2070742	1.136457	1.032106
7848	-78.57959	-120.8384	42.2588	0.2028527	1.877261	0.918194
7854	-74.88825	-118.0181	43.12982	0.5827235	0.6628318	0.6697232
7860	-71.71826	-113.7274	42.00919	0.1171429	2.246919	1.044028
7866	-72.53703	-113.6617	41.12467	0.4569872	2.246919	1.496331
7872	-72.40162	-114.4785	42.0769	0.2005667	2.194843	0.9184474
7878	-73.29741	-114.479	41.18155	1.52352	1.639951	0.2803214
7884	-74.40698	-117.6726	43.26561	1.140218	0.280474	0.3822009
7890	-73.78668	-116.5718	42.78514	1.405492	0.3459912	0.3087805
7896	-70.64018	-113.9418	43.30159	0.7477111	0.3034935	1.027777
7902	-66.98406	-110.595	43.61089	0.8517573	0.2700248	0.4693262
7908	-67.63052	-109.2055	41.57495	0.8517573	2.261322	0.6628462
7914	-63.76922	-106.7169	42.94772	0.8517573	0.6020338	0.6661916
7920	-66.48696	-108.7958	42.30882	0.8460413	0.803186	1.114945
7926	-70.57787	-112.9328	42.35493	0.002018193	0.7980135	1.739288
7932	-72.14729	-114.1698	42.02253	0.001132364	1.119002	1.739288
7938	-71.13855	-112.6255	41.48692	0.02092017	1.657275	1.803913
7944	-69.68618	-112.6859	42.99972	0.8335173	0.4912644	0.8675368
7950	-69.93286	-112.8666	42.93374	0.3199789	0.881095	0.9311675
7956	-68.57761	-110.8091	42.23147	0.4439415	1.5381	0.9311675
7962	-69.28044	-111.3048	42.02437	0.4000795	1.443619	1.231137
7968	-76.57126	-118.526	41.95472	1.159309	1.171758	0.7491358
7974	-70.03347	-112.1597	42.12619	0.2586578	2.343041	0.6607289
7980	-70.73898	-112.9249	42.18589	1.286278	0.8964881	0.450493
7986	-71.5139	-112.4202	40.90629	1.291335	2.822074	0.4996389
7992	-74.65217	-113.9166	39.2644	0.9577228	10.48784	0.7680607
7998	-81.98499	-119.3298	37.34485	1.217674	28.49566	0.6841961
8004	-73.16677	-114.095	40.92826	0.6698196	1.435411	1.851442
8010	-74.47749	-115.9243	41.44677	0.311009	2.887482	1.09943
8016	-73.08108	-114.6827	41.60166	0.4686144	2.067223	1.185111
8022	-74.97614	-117.3337	42.35752	0.04797745	1.756176	1.053143
8028	-78.51622	-119.1111	40.59486	1.412838	3.272774	0.4831714
8034	-73.21888	-114.9947	41.77583	1.46171	0.9140914	0.2368348
8040	-80.72621	-121.7582	41.03198	1.527177	1.702179	0.2271899
8046	-77.13563	-117.4243	40.28865	1.242544	4.348606	0.7559446
8052	-77.4328	-116.4064	38.97363	1.353371	10.25966	0.3762733
8058	-78.3477	-116.6962	38.3485	1.673127	10.81401	0.2209326
8064	-77.70279	-117.9606	40.25784	1.352585	4.4103	0.4984168
8070	-71.87042	-112.612	40.74159	1.761121	1.37162	0.1428619
8076	-78.37164	-119.656	41.28435	1.485471	1.711374	0.6239447
8082	-75.95264	-117.912	41.9594	0.8536853	1.511097	0.7897779
8088	-80.0945	-120.4618	40.36733	1.966779	2.512259	0.4383966
8094	-77.73335	-117.7441	40.01073	1.966779	2.159201	0.140905
8100	-72.60048	-114.7076	42.10713	1.966779	0.3079068	0.2054739
8106	-68.0856	-109.6134	41.52777	1.613838	1.118238	0.2971214
8112	-70.75473	-113.1529	42.39816	0.5751625	1.44206	0.5866912
8118	-71.28676	-112.8687	41.58197	0.5751625	2.881848	0.420839
8124	-76.93786	-117.3159	40.37807	1.957324	1.667335	0.1529608
8130	-74.3763	-116.2932	41.91693	1.152413	1.130289	0.8579255
8136	-67.15845	-109.3986	42.24019	1.100582	1.024184	0.5511238
8142	-66.27599	-109.6448	43.36876	0.5375265	0.5513823	0.5896232
8148	-69.78579	-112.5183	42.73249	0.4728563	1.012746	0.8280099
8154	-70.1699	-110.6476	40.47774	0.8629112	5.180183	0.667276
8160	-76.09487	-116.011	39.91609	0.7934032	8.093699	0.4013489
8166	-71.81809	-113.8339	42.01582	0.6646762	1.325068	1.087314
8172	-70.94515	-113.278	42.33289	0.960138	1.04	0.6490347
8178	-71.72072	-113.9806	42.25987	0.1498581	2.147796	0.7897924
8184	-76.272	-116.9929	40.72095	0.6292294	3.643008	1.194162
8190	-68.86775	-109.8658	40.99809	0.6292294	4.065701	0.7489362
8196	-71.65351	-112.336	40.68251	1.010215	4.135577	0.5536051
8202	-70.15561	-111.7709	41.61526	0.9582492	1.52937	1.041036
8208	-65.40509	-107.6224	42.21729	0.6438478	1.539616	0.6822078
8214	-69.50444	-111.4477	41.94323	0.3310612	2.071117	0.9941221
8220	-69.40541	-111.7084	42.30297	0.8818866	0.9358817	0.9418838
8226	-67.73275	-109.9579	42.22517	0.4727771	1.18762	1.175398
8232	-70.11283	-110.2921	40.17931	1.09808	5.587436	0.5297038
8238	-76.10486	-116.239	40.13415	1.138322	5.587436	0.559753
8244	-74.89476	-116.8368	41.94202	0.5072942	2.28874	0.559753
8250	-71.50417	-114.2105	42.70628	0.7233934	0.734785	0.926583
8256	-71.32671	-113.5995	42.27277	0.4671327	1.017508	1.273714
8262	-78.35065	-119.7629	41.41223	0.8266736	2.5549	0.7318503
8268	-79.63612	-121.167	41.53084	1.124582	1.736325	0.2902342
8274	-76.01062	-118.2014	42.19077	1.359601	0.7741654	0.3385378
8280	-77.61577	-118.3658	40.75002	0.1603217	2.399035	1.915932
8286	-75.82181	-117.3381	41.51625	0.386827	1.568737	1.566451
8292	-72.11961	-113.7637	41.64405	0.2746333	2.648153	1.050458
8298	-72.22925	-114.9451	42.71588	0.01877468	0.9763144	1.311665
8304	-75.84575	-117.6777	41.83199	0.4874723	1.453282	1.311665
8310	-79.28844	-120.094	40.80556	0.5183781	4.259985	1.02668
8316	-79.01607	-119.1534	40.13728	0.4615233	4.54909	1.55032
8322	-70.90873	-113.9982	43.0895	0.209993	0.7257253	1.068766
8328	-70.60411	-112.7146	42.11049	0.5943141	1.360903	1.037282
8334	-73.16833	-114.502	41.33367	0.3901652	3.249051	0.986933
8340	-67.34501	-109.6019	42.25688	1.121276	0.9689092	0.4003996
8346	-68.65189	-110.6035	41.95159	0.758836	1.818351	0.5966885
8352	-72.16616	-114.0378	41.87163	0.4402258	1.257314	1.440027
8358	-74.42775	-113.1824	38.75462	1.144414	13.04899	0.7228537
8364	-77.20395	-118.8484	41.64442	1.144414	1.663895	0.6534437
8370	-73.09928	-112.8211	39.72185	1.033785	7.392331	0.7772379
8376	-76.29594	-116.042	39.74609	0.9652332	7.965392	0.6652667
8382	-72.38235	-115.6776	43.29524	0.6315766	0.4839648	0.7620894
8388	-74.70225	-117.908	43.20577	0.8900103	0.3909794	0.7620894
8394	-74.00815	-115.5447	41.53655	0.3163357	1.385009	1.701105
8400	-75.19867	-116.5584	41.35972	0.3909631	3.896657	0.6268416
8406	-67.55081	-110.1785	42.62768	0.09437744	1.11408	1.211582
8412	-70.67376	-111.4054	40.73169	0.4664807	3.05059	1.499438
8418	-68.87725	-110.4738	41.59659	0.3922554	2.07378	1.251011
8424	-70.52139	-110.9758	40.45436	0.2858809	3.073993	1.820531
8430	-74.10082	-117.9114	43.8106	0.1482999	0.3629469	0.9889215
8436	-84.18813	-127.4566	43.26849	0.1874021	0.887554	0.6356412
8442	-80.1718	-121.5395	41.36766	0.3024648	2.898354	1.173464
8448	-78.15207	-119.0944	40.94233	0.01913976	6.567443	0.7326619
8454	-74.72821	-115.9076	41.17935	0.442332	1.984601	1.575888
8460	-71.90953	-113.6448	41.73526	0.1984858	2.265432	1.208552
8466	-69.39796	-110.7728	41.37482	0.5880981	2.265432	1.183488
8472	-76.85324	-119.5269	42.67366	0.420191	1.148374	0.8066875
8478	-74.5045	-115.1881	40.68364	1.393608	2.911702	0.3249148
8484	-78.43824	-119.2903	40.85205	1.198039	2.951381	0.7444405
8490	-73.11348	-115.1232	42.00967	0.140414	1.956675	1.171867
8496	-78.33534	-120.1415	41.80617	0.3439099	1.956675	1.171867
8502	-80.83261	-122.561	41.72839	0.4066268	2.592678	0.8489103
8508	-76.03626	-118.8921	42.85587	0.06695476	0.5465163	1.57703
8514	-80.34754	-121.8413	41.49377	0.3695038	2.688981	1.084653
8520	-72.73204	-114.3501	41.61802	0.6224809	2.688981	0.5999667
8526	-70.26041	-111.9772	41.71678	0.369383	1.936808	1.236705
8532	-73.56343	-114.6792	41.11579	2.122993	0.5806993	0.124807
8538	-71.59521	-113.5211	41.92589	2.036975	0.212625	0.1218739
8544	-70.11229	-111.3415	41.22921	0.4330299	2.932688	1.167318
8550	-71.19467	-111.8161	40.62141	0.2292926	3.605507	1.595661
8556	-73.51791	-114.6627	41.14476	0.6982389	3.605507	0.6520589
8562	-75.78182	-116.6758	40.89394	0.7158047	3.548938	0.9857391
8568	-72.33044	-114.5405	42.21008	0.5015437	1.121211	1.214877
8574	-70.05481	-112.631	42.57616	0.2304801	1.248787	1.027435
8580	-76.15156	-118.4896	42.338	0.09979486	0.9814302	1.536645
8586	-75.37068	-117.8019	42.43121	0.09959571	1.117874	1.36512
8592	-79.61437	-121.5815	41.96715	0.09876592	2.613538	0.91716
8598	-82.86306	-123.9263	41.06327	0.01138542	1.508097	2.164089
8604	-73.95778	-115.4734	41.51563	0.01180571	1.86574	1.695535
8610	-72.61327	-115.2973	42.68406	0.103999	0.9294049	1.307808
8616	-75.01557	-117.2638	42.24826	0.09317915	1.326754	1.372699
8622	-77.64301	-119.7519	42.10886	0.9678147	1.326754	0.5109959
8628	-75.14355	-117.2254	42.08183	0.3371415	0.7173628	1.765238
8634	-74.77442	-116.3798	41.60536	1.3347	1.340614	0.7942547
8640	-72.84497	-115.7418	42.8968	0.020677	1.161944	0.9923703
8646	-66.95229	-108.2136	41.2613	0.3891436	3.42341	0.9923703
8652	-70.26193	-113.1217	42.85974	0.1754122	0.7971465	1.22573
8658	-70.18854	-112.87	42.68145	0.2052237	1.416862	0.7855757
8664	-70.9128	-112.5042	41.5914	0.06363945	3.988003	0.7463668
8670	-81.3905	-121.6038	40.21334	1.357428	3.993725	0.8561502
8676	-75.09001	-115.938	40.84801	1.155096	3.133122	0.3445506
8682	-74.08317	-114.3177	40.23454	1.555465	3.599785	0.3136114
8688	-67.13933	-108.6878	41.54846	1.555465	1.20614	0.3315835
8694	-69.69261	-109.518	39.82541	1.555465	4.582912	0.2584854
8700	-83.88451	-123.4902	39.60569	0.2249079	4.5668	2.078286
