Iteration	Posterior	Likelihood	Prior	rate_log_sd	rate_loss	tree_length
0	-69.8858	-110.5648	40.67896	0.6098531	4.273581	1.056289
6	-79.88633	-120.8533	40.96698	0.08254808	4.21769	1.281542
12	-76.30334	-115.6791	39.37574	1.353496	6.907477	0.9316199
18	-70.9335	-112.4957	41.56218	1.869239	0.8940907	0.3598723
24	-67.86785	-110.2395	42.37168	0.579376	1.050078	1.060793
30	-74.25851	-115.2555	40.99697	0.7355666	2.309131	1.354706
36	-74.49158	-117.2116	42.72002	0.114792	1.238592	1.008243
42	-73.15313	-115.4031	42.24999	0.8567095	0.919335	1.038577
48	-72.01096	-114.9585	42.94756	0.2285685	0.8558386	1.038577
54	-76.46965	-118.8233	42.35363	0.4900506	1.536026	0.7173216
60	-78.08782	-114.9501	36.86228	1.940213	18.09339	0.1271436
66	-73.32391	-114.1548	40.83089	1.940213	0.9766886	0.1274044
72	-80.23176	-121.7029	41.47116	0.8070571	2.416011	0.2990945
78	-73.89978	-115.1696	41.26978	1.20224	2.143867	0.3436277
84	-71.05972	-113.7984	42.73869	0.9556754	0.668643	0.3490068
90	-72.335	-115.3583	43.02334	0.721055	0.668643	0.5637233
96	-84.79194	-125.743	40.95107	0.621015	0.9765966	2.136812
102	-80.29384	-122.7607	42.46689	0.08444799	1.776149	0.8891052
108	-75.68893	-117.8102	42.12124	0.1712499	1.776149	1.145001
114	-81.42851	-122.0641	40.63557	1.176133	3.717897	0.3886589
120	-75.01671	-116.2411	41.22443	1.120996	2.506018	0.4976281
126	-77.4054	-117.805	40.39959	0.9073411	4.914437	0.2714995
132	-73.80351	-114.9023	41.09877	0.5211692	4.25812	0.6518152
138	-68.99687	-110.9238	41.92698	1.075477	1.246938	0.813686
144	-74.75907	-115.9528	41.19372	0.8576419	2.683099	0.896981
150	-73.06738	-114.4855	41.41809	1.108182	1.819983	0.8858016
156	-69.86321	-111.1049	41.24174	1.000811	2.223137	0.9396319
162	-75.44199	-116.7366	41.29457	0.5113215	0.9131238	2.026539
168	-71.64279	-113.524	41.88116	1.009027	1.448609	0.7456833
174	-77.11356	-118.6467	41.53311	0.5899852	2.706211	0.2883693
180	-70.32386	-113.2509	42.92706	0.5473295	0.8248362	0.7325628
186	-72.40025	-113.9188	41.5186	0.6062835	1.948756	1.197762
192	-84.44506	-123.3455	38.90044	0.4945164	2.570281	2.825561
198	-80.74825	-122.4947	41.74643	0.05894478	1.314207	1.774057
204	-75.85664	-116.0894	40.23274	0.719344	6.941454	0.4300877
210	-68.58903	-111.5233	42.93428	0.8064948	0.5603059	0.8461215
216	-67.58419	-110.1312	42.54699	0.2758054	1.27761	0.9874158
222	-63.36954	-104.8916	41.52205	0.3582095	2.968833	0.9447545
228	-64.58971	-107.1617	42.572	0.7570858	1.012881	0.6271796
234	-64.10918	-106.1343	42.02507	0.1499943	1.202357	1.577521
240	-69.24924	-110.3019	41.05264	0.8802023	3.438834	0.5777619
246	-65.86494	-107.6132	41.74827	0.8802023	1.90649	0.6630532
252	-68.81903	-111.3141	42.49502	0.3940905	1.269442	0.9250171
258	-64.62484	-107.589	42.96414	0.08353138	1.113574	0.9008262
264	-66.45045	-109.1676	42.71712	0.004015241	1.669416	0.7627791
270	-71.11066	-113.3737	42.26306	0.0002543035	2.677197	0.4872611
276	-68.5605	-112.3195	43.75896	0.4910143	0.314851	0.7702226
282	-72.17034	-113.9807	41.81037	0.8432247	1.667189	0.8534767
288	-71.01236	-112.5174	41.50507	0.8203493	2.519269	0.4221931
294	-75.80402	-117.6896	41.8856	0.4518346	2.519269	0.5280635
300	-72.39515	-112.9138	40.51865	0.8621727	4.59122	0.8559478
306	-75.01205	-117.1311	42.1191	0.9563074	0.745151	1.24489
312	-79.09558	-120.5391	41.44351	0.03756225	1.725554	1.790814
318	-71.08876	-112.0459	40.95711	0.2610456	2.162597	1.790814
324	-76.42816	-117.711	41.28283	0.2729026	1.350275	1.92527
330	-73.94646	-117.1853	43.23879	0.8504294	0.4475654	0.5433934
336	-74.50153	-116.5995	42.09792	0.7629558	1.514877	0.7142255
342	-75.67348	-118.5132	42.83973	0.7629558	0.761495	0.6330107
348	-76.66995	-120.1535	43.48354	0.7133079	0.3652691	0.6811553
354	-71.48747	-114.0105	42.52301	0.8450213	0.9801433	0.4031306
360	-76.78519	-117.8241	41.03886	0.7252241	3.928431	0.5417461
366	-74.81097	-116.8774	42.06646	0.8607772	1.316821	0.8356647
372	-72.52354	-113.8224	41.29887	1.212297	2.173619	0.4442014
378	-68.15647	-110.4459	42.28944	0.7333752	1.386446	0.4442014
384	-75.27462	-117.2484	41.97378	0.6005622	0.7170865	1.655698
390	-70.37718	-113.6694	43.29222	0.08094655	0.6546205	1.087275
396	-78.50848	-120.3292	41.82071	0.6838785	1.704675	0.9891997
402	-84.38617	-125.9139	41.52771	0.5545336	2.156435	1.130439
408	-81.2061	-122.318	41.11188	0.2355507	2.691694	1.506067
414	-73.26674	-116.7269	43.46017	0.2502599	0.5839385	0.839731
420	-69.14615	-110.7845	41.63836	0.1811141	3.714733	0.6139265
426	-73.9835	-115.6738	41.69029	0.2023696	3.574173	0.5150327
432	-69.76937	-112.7378	42.96847	0.2734615	0.9385055	0.8753351
438	-69.05908	-111.2094	42.15032	0.4889736	1.375853	1.088029
444	-68.16581	-110.018	41.85218	0.03048142	2.695172	1.063829
450	-71.85469	-114.793	42.93829	0.05864962	0.7240295	1.330732
456	-70.71811	-111.4985	40.78041	0.981338	3.697708	0.7376104
462	-73.9894	-116.0267	42.0373	1.12675	0.968687	0.9276766
468	-73.78264	-115.1773	41.39463	0.3270037	4.06417	0.503058
474	-72.12557	-112.6617	40.53614	0.3077169	7.082294	0.7418526
480	-74.73244	-116.5187	41.78628	0.1942152	1.075253	1.797825
486	-78.19318	-118.3391	40.14595	0.0143339	0.9733103	3.016837
492	-79.12514	-119.5979	40.47276	0.4681428	1.130622	2.445802
498	-71.38128	-113.1678	41.7865	0.1989819	2.137081	1.223906
504	-78.60736	-120.133	41.52563	0.9903223	2.084951	0.6779995
510	-80.54198	-120.3957	39.85369	0.9964906	5.191257	1.207599
516	-76.51915	-119.2678	42.74863	0.9312568	0.7032866	0.623481
522	-74.55326	-117.2623	42.70908	0.1217193	0.9563018	1.249631
528	-71.79672	-114.5375	42.74082	0.6003649	0.9747245	0.6827294
534	-74.18283	-115.9807	41.79786	0.2634993	1.711349	1.372254
540	-76.05225	-117.8763	41.82405	1.210082	1.311868	0.3521643
546	-70.07428	-111.702	41.62774	1.210082	1.648761	0.4838239
552	-72.54195	-114.8531	42.31112	0.9403427	1.097576	0.617663
558	-71.6468	-114.6483	43.0015	0.2141797	0.7578199	1.109235
564	-74.00903	-115.276	41.267	0.5578519	1.83187	1.494184
570	-80.0564	-123.3125	43.2561	0.5578519	0.5574032	0.754351
576	-75.94157	-119.0947	43.15313	0.7234784	0.5498278	0.668269
582	-79.01141	-120.1176	41.10623	0.1885298	5.43712	0.6156705
588	-75.99777	-117.3938	41.39599	0.6289642	2.304171	1.110337
594	-74.64337	-117.6848	43.04144	0.9839206	0.4754991	0.6027064
600	-79.53151	-121.3697	41.83819	0.8141034	0.7446428	1.574072
606	-76.09786	-118.0524	41.95453	0.4815897	1.191193	1.3878
612	-69.8495	-111.8152	41.9657	0.4815897	1.644882	1.083555
618	-69.55786	-112.5831	43.02529	0.2373664	0.8195199	0.9941934
624	-69.95819	-112.6931	42.73493	0.7189027	0.8894034	0.6357216
630	-66.56371	-109.7036	43.1399	0.7668319	0.5402145	0.6357216
636	-70.69369	-112.894	42.20026	1.190643	0.9732605	0.5555129
642	-70.75786	-113.0288	42.27098	0.1442767	1.327152	1.313642
648	-72.74708	-115.0252	42.27813	0.6339956	1.222625	0.9429155
654	-64.86726	-107.5999	42.73268	0.1626751	1.123255	1.048377
660	-65.40788	-107.9138	42.50592	0.04492319	1.419295	1.137755
666	-68.75063	-112.0741	43.32345	0.08799629	0.7702892	0.8982531
672	-72.32999	-113.7934	41.46341	0.09479188	3.553368	1.03514
678	-68.37724	-109.8569	41.47962	0.2338033	3.983656	0.644668
684	-72.80371	-116.0692	43.26552	0.7002788	0.5091044	0.6122602
690	-73.40429	-115.9363	42.53196	0.6881099	1.122069	0.6390609
696	-74.19542	-115.7622	41.5668	0.3565317	1.894987	1.388803
702	-77.62958	-119.0238	41.39418	0.4340396	1.929326	1.446164
708	-72.26093	-113.9306	41.66965	0.6889587	2.455046	0.58168
714	-76.65185	-117.2576	40.60571	0.79258	4.259138	0.9517488
720	-71.97821	-113.6438	41.66555	0.1167172	2.525417	1.224811
726	-70.15856	-112.2342	42.07564	0.9077868	1.313371	0.764411
732	-67.87277	-110.1992	42.3264	0.6386102	1.313371	0.7902312
738	-73.3715	-114.6329	41.26139	0.205712	1.141551	2.101993
744	-70.77777	-113.2344	42.45665	0.3906421	1.257347	0.97972
750	-69.45186	-112.4869	43.03506	0.1913074	0.669834	1.199474
756	-70.00921	-113.4959	43.48673	0.1866358	0.669834	0.7225469
762	-70.78736	-111.971	41.18366	0.1496129	3.550464	1.237368
768	-74.4727	-115.2723	40.7996	0.5469144	2.954535	1.417595
774	-65.99432	-109.0443	43.04995	0.9704879	0.4753249	0.3986852
780	-65.0993	-108.0334	42.93411	0.3515241	0.9051706	0.8656111
786	-66.48107	-109.2851	42.80398	0.4859805	0.9839225	0.7519704
792	-76.83647	-118.666	41.82948	0.5058976	1.739163	1.128149
798	-78.44356	-119.9925	41.54896	0.5058976	2.273807	1.097643
804	-75.37233	-116.8796	41.50727	0.9802424	1.977669	0.8158506
810	-76.27191	-116.6199	40.34804	1.009259	5.234275	0.4192589
816	-83.98586	-121.2191	37.23325	1.187801	30.319	0.7303469
822	-79.00097	-119.4239	40.42297	0.7807529	4.97601	0.9300117
828	-79.72385	-119.4549	39.73105	0.8824049	7.431389	0.9387982
834	-76.52711	-117.0683	40.54114	0.52413	4.512065	1.190793
840	-72.82962	-112.7372	39.90754	1.042017	6.999336	0.5225713
846	-80.1857	-117.9147	37.72897	1.982663	13.36612	0.235009
852	-70.60139	-112.44	41.83865	0.09050001	2.232776	1.22726
858	-76.44121	-118.2682	41.82702	0.1465039	2.232776	1.189411
864	-80.0965	-122.1964	42.09988	0.4640878	0.7273671	1.653761
870	-77.19021	-119.0882	41.89794	0.4348433	2.511007	0.5749081
876	-81.39813	-122.3383	40.9402	1.239574	2.66438	0.3168807
882	-77.10594	-120.3928	43.28684	0.9636064	0.3582595	0.5883273
888	-76.00587	-117.0849	41.07904	1.362343	2.313935	0.5262167
894	-72.67384	-113.1799	40.50611	0.7383349	5.703429	0.4506648
900	-71.50755	-113.7746	42.26703	0.5347115	1.686636	0.5778705
906	-82.61212	-123.9668	41.35466	1.121271	2.250789	0.4914023
912	-77.90266	-120.072	42.16937	0.4274073	1.729724	0.8714686
918	-78.92531	-120.6839	41.7586	0.04076697	1.729724	1.56192
924	-69.32199	-110.3223	41.00034	0.8978459	3.465835	0.378513
930	-72.31262	-113.3088	40.99623	1.116515	2.727266	0.2879175
936	-73.32343	-115.8641	42.54064	1.116515	0.695994	0.3479108
942	-75.79631	-117.8533	42.05699	0.5591882	1.630791	0.9246578
948	-73.90298	-116.2838	42.38077	0.4258807	0.7877361	1.41866
954	-70.81548	-113.4759	42.66047	0.6319814	0.7877361	1.001812
960	-76.12192	-117.7586	41.63667	0.0383268	1.801402	1.618803
966	-73.45094	-113.3862	39.93524	0.86709	6.927867	0.8427793
972	-74.81717	-117.2067	42.38955	0.4064421	0.9584817	1.27658
978	-71.02411	-114.0168	42.99269	0.1607017	1.197969	0.6362949
984	-69.50761	-111.7715	42.26384	0.3181598	1.792635	0.8401965
990	-73.94747	-116.0352	42.08771	0.9362915	1.389701	0.5398113
996	-72.63708	-112.6976	40.0605	0.9362915	6.069395	0.8423582
1002	-67.44965	-108.156	40.70636	0.2592482	6.428113	0.773362
1008	-63.83752	-105.5293	41.69175	0.5455272	2.41305	0.8316197
1014	-66.8419	-106.614	39.77215	0.8881922	7.478941	0.8758842
1020	-68.14884	-110.5248	42.37596	0.9277679	1.009105	0.6880252
1026	-71.07643	-113.4648	42.38837	0.7315938	1.21173	0.6809382
1032	-83.04049	-123.959	40.91855	0.08514253	1.866062	2.052944
1038	-83.54911	-125.1573	41.60819	0.02395738	1.866062	1.620425
1044	-77.07227	-120.0228	42.95057	0.07382983	0.4147353	1.666072
1050	-75.44583	-117.3957	41.9499	0.4169841	1.786557	1.071106
1056	-79.72697	-121.3886	41.66159	1.473337	1.216156	0.6424599
1062	-76.5219	-118.2417	41.71976	1.305503	1.23084	0.2855564
1068	-78.72959	-119.3154	40.58582	1.297359	3.595575	0.5327042
1074	-88.66397	-130.5961	41.9321	1.297359	1.055064	0.7373117
1080	-83.03527	-125.4781	42.44284	0.839829	0.8270915	0.9648202
1086	-77.60432	-119.7349	42.13061	0.4038398	1.084142	1.3869
1092	-80.69777	-122.52	41.82228	0.3731737	1.393765	1.444735
1098	-77.23227	-118.9443	41.71202	0.4601599	1.563286	1.36501
1104	-79.06158	-122.4558	43.39424	0.3558047	0.3163531	1.26759
1110	-77.09476	-116.7235	39.62873	1.260138	7.087149	0.3671594
1116	-80.94475	-122.7788	41.83401	1.260138	1.283686	0.6008275
1122	-83.37962	-124.7926	41.41297	0.5302744	0.7015476	2.100155
1128	-77.7207	-119.8823	42.16155	0.6319296	1.559663	0.7682553
1134	-77.34899	-119.0998	41.75081	0.6319296	1.559663	1.194163
1140	-78.28763	-119.9006	41.61299	0.2190338	2.493766	1.195636
1146	-75.33515	-116.4478	41.11269	0.04500135	3.240165	1.47149
1152	-71.96749	-114.6394	42.67192	0.0302881	1.374698	1.029267
1158	-77.00937	-119.5642	42.55485	0.1130116	1.374698	1.06217
1164	-76.45367	-116.9771	40.52345	0.1591108	3.409143	1.767714
1170	-78.30908	-119.3529	41.04383	0.6521104	1.635013	1.682684
1176	-69.74796	-112.8969	43.1489	0.1555991	0.85055	0.9128513
1182	-75.79277	-117.0477	41.25489	0.04697294	4.279048	1.042161
1188	-75.99407	-117.0553	41.06121	0.3277494	2.211959	1.65139
1194	-75.22059	-118.074	42.85343	0.2476407	1.210016	0.7167704
1200	-73.64688	-115.1847	41.53785	1.049821	1.194861	1.26351
1206	-73.07714	-115.3072	42.23009	0.8223575	1.194861	0.8068891
1212	-71.76406	-115.207	43.44295	0.6954452	0.3090374	0.9232003
1218	-79.32656	-120.3774	41.05087	0.6954452	3.523497	0.8453867
1224	-82.65118	-124.0842	41.43303	1.096287	2.08204	0.6545258
1230	-71.50156	-114.0366	42.53499	0.1702035	1.20916	1.152575
1236	-74.96956	-117.064	42.09441	0.9493926	0.9535677	1.064268
1242	-71.81053	-114.7871	42.97655	0.3513958	0.6897751	1.085524
1248	-79.83879	-123.5538	43.71498	0.1290123	0.5870734	0.4006974
1254	-76.50035	-118.0958	41.59541	0.8769469	2.249707	0.5478701
1260	-74.75488	-116.1795	41.42461	0.8769469	2.40273	0.7513184
1266	-72.74478	-114.7787	42.03388	0.9094537	1.487478	0.5721903
1272	-71.98798	-111.6898	39.70186	0.8999364	8.506223	0.6831022
1278	-73.593	-116.4703	42.87728	0.8999364	0.6453553	0.5587334
1284	-69.6572	-111.796	42.13882	0.0941779	1.409961	1.406173
1290	-84.60323	-127.0559	42.45264	0.1261807	1.409961	1.119072
1296	-75.83188	-118.0691	42.23724	0.2563897	1.161609	1.363181
1302	-76.25746	-118.179	41.92156	0.7215411	1.47456	1.012395
1308	-85.15212	-127.4054	42.2533	0.7215411	1.115747	0.9766426
1314	-74.21761	-116.1368	41.91919	0.1683088	1.651664	1.383223
1320	-73.48801	-116.9356	43.44756	0.6200288	0.4517711	0.6001004
1326	-71.74936	-113.5735	41.82412	1.162349	1.429874	0.4338962
1332	-70.77779	-112.6944	41.91659	0.1337156	2.574022	0.9541836
1338	-72.10646	-113.1777	41.07123	0.6547311	2.051551	1.4692
1344	-65.95219	-106.4857	40.53353	1.140894	4.204502	0.5253155
1350	-73.30425	-110.7666	37.46236	1.970101	14.45531	0.1820879
1356	-69.63106	-109.8909	40.25979	1.278023	4.254853	0.2921429
1362	-82.25315	-122.9981	40.74499	1.046177	3.33289	0.8785991
1368	-79.95766	-119.7077	39.75008	0.6454745	4.955879	1.611927
1374	-73.4101	-115.283	41.87288	1.287593	1.20616	0.5989563
1380	-74.42185	-116.5814	42.15957	0.5820084	1.290377	1.056607
1386	-72.99192	-114.4736	41.48167	0.3957585	2.723079	1.056607
1392	-74.26394	-115.0691	40.80515	0.3957585	2.493909	1.681728
1398	-76.62177	-116.8619	40.24013	0.2495695	2.558056	2.142848
1404	-70.33763	-112.0309	41.69327	0.8667737	1.427198	1.124095
1410	-67.62085	-110.3154	42.69451	1.506124	0.3815577	0.5962853
1416	-71.30812	-114.1413	42.83316	1.308675	0.4045052	0.3864768
1422	-74.13022	-117.7491	43.61887	0.369663	0.4761868	0.6832416
1428	-71.46571	-113.9471	42.48139	0.1976011	1.590448	0.885803
1434	-77.25946	-120.3391	43.07968	0.5855287	0.4965588	1.035742
1440	-69.5529	-112.687	43.13405	0.02694967	0.8935365	1.012684
1446	-73.44104	-115.1547	41.71369	0.9163869	1.709656	0.8474986
1452	-74.00267	-115.3592	41.35651	0.4037391	1.137146	1.909355
1458	-73.87869	-114.9548	41.07607	0.3429806	3.078332	1.319154
1464	-73.56862	-115.5482	41.97963	0.6626613	1.606785	0.9142477
1470	-73.16116	-116.3756	43.21446	0.09507367	0.9116296	0.827951
1476	-77.00186	-120.4564	43.45457	0.2903334	0.3391923	1.229971
1482	-87.69589	-129.1469	41.45096	0.7158247	1.853976	1.211401
1488	-87.02	-127.4701	40.45006	1.999684	2.206144	0.6759508
1494	-82.75027	-124.4276	41.67728	1.38997	1.31056	0.6144745
1500	-77.94243	-120.0456	42.10313	1.345395	0.9173815	0.5587807
1506	-73.07423	-116.2817	43.20749	0.8332589	0.3043559	1.034143
1512	-70.19576	-113.0841	42.8883	1.0203	0.4445449	0.8740701
1518	-73.58873	-116.1278	42.53912	1.104508	0.7521172	0.5193717
1524	-74.4631	-117.451	42.98786	0.2467664	0.4976656	1.40123
1530	-72.60552	-114.5036	41.89811	0.7144834	1.721924	0.8588117
1536	-80.9222	-121.8282	40.90599	0.7219367	0.8479257	2.190207
1542	-68.45647	-110.9965	42.53999	0.382604	0.7479408	1.365973
1548	-70.3145	-113.0625	42.74797	0.2474167	0.6908879	1.365973
1554	-77.79833	-119.5225	41.72419	0.2666344	2.594363	1.004999
1560	-71.81015	-112.4814	40.67129	0.01017454	3.348336	1.784807
1566	-67.71033	-109.6392	41.92885	0.0905354	2.904189	0.8157692
1572	-81.11252	-121.0488	39.93623	0.7808709	6.499498	1.035429
1578	-72.42721	-114.519	42.09175	1.507713	0.6591881	0.2648155
1584	-71.35629	-113.3131	41.95686	1.507713	0.7541629	0.258208
1590	-74.12955	-115.632	41.50243	1.507713	1.410744	0.5171186
1596	-74.83043	-117.3274	42.49694	1.658659	0.3550292	0.2965126
1602	-79.00866	-119.7653	40.75664	1.658659	1.451929	0.1378659
1608	-70.4388	-110.8084	40.36962	0.8105424	5.747776	0.3480477
1614	-72.70021	-114.7619	42.06172	0.04890706	2.490691	0.933158
1620	-77.84067	-119.625	41.7843	0.6869623	2.115371	0.7258732
1626	-85.42861	-127.5198	42.09124	1.348362	0.9152698	0.5997517
1632	-79.24284	-120.7848	41.54196	0.7471324	0.9449259	1.671974
1638	-77.25597	-117.7895	40.53356	0.6221303	4.948394	0.9883406
1644	-72.11934	-114.0026	41.88327	0.5417341	1.829048	0.9883406
1650	-73.75584	-116.2046	42.44873	0.1205465	1.365991	1.158146
1656	-78.51499	-120.9971	42.48215	0.08712243	1.365991	1.158146
1662	-71.12439	-113.4849	42.36055	0.03464432	2.141404	0.8138134
1668	-71.04465	-114.3844	43.33979	0.08640344	0.8204028	0.8086004
1674	-71.51397	-114.1483	42.63435	0.4063069	1.114131	0.9080956
1680	-74.31125	-117.5085	43.19723	0.9790988	0.3954291	0.5866851
1686	-72.94848	-116.5342	43.58575	1.088042	0.1938592	0.5023326
1692	-71.1778	-114.7436	43.5658	1.088042	0.1938592	0.6066802
1698	-71.49179	-115.4228	43.93104	0.07840169	0.468014	0.6701323
1704	-75.83791	-117.6291	41.79114	0.7945472	1.513318	1.040533
1710	-73.15528	-115.2276	42.07228	0.8269432	1.513318	0.6434217
1716	-77.60054	-119.1967	41.59614	0.8269432	1.282287	1.336802
1722	-74.44207	-115.2444	40.80237	0.5709921	3.135645	1.336802
1728	-76.26487	-117.4446	41.17976	0.5765004	3.41257	0.8833344
1734	-84.27443	-125.3702	41.09579	1.449058	2.073585	0.6303427
1740	-89.56963	-130.3982	40.82856	0.635077	4.600138	0.7412864
1746	-85.00774	-126.1365	41.12874	1.083558	2.597704	0.7412864
1752	-90.39097	-131.7252	41.33425	0.7902134	2.597704	0.8587508
1758	-83.11154	-124.3463	41.23473	0.1488458	2.660842	1.489717
1764	-73.06076	-115.0606	41.99986	0.2333071	1.748978	1.211826
1770	-74.31464	-115.0512	40.73656	0.2243349	1.374035	2.302829
1776	-76.68044	-117.6293	40.94883	0.3908907	4.029672	1.083293
1782	-83.79509	-123.4782	39.68311	1.505183	5.847975	0.6212295
1788	-85.59862	-125.2656	39.66697	1.546323	5.847975	0.4866255
1794	-83.82827	-125.2984	41.4701	0.8185702	1.082663	1.57365
1800	-82.79154	-124.6269	41.83536	1.564681	0.9507654	0.4070735
1806	-77.56402	-119.2228	41.65878	1.194296	1.576555	0.3784701
1812	-67.39079	-109.8053	42.41455	0.1489136	1.602733	0.9997977
1818	-69.56426	-111.098	41.53373	0.2996802	2.953266	0.9998716
1824	-67.08545	-109.3531	42.26765	0.4461586	1.398039	0.9998716
1830	-70.29919	-113.1659	42.86676	0.7130743	0.7319054	0.7427217
1836	-70.45739	-112.602	42.1446	0.5791252	1.514557	0.8966546
1842	-75.32133	-116.2637	40.94239	0.6502968	4.03705	0.8105643
1848	-80.26754	-121.0983	40.83078	0.6832448	4.444825	0.7365236
1854	-74.4541	-116.2285	41.77444	0.4729083	1.449424	1.371465
1860	-74.98933	-116.777	41.78763	1.244248	1.375427	0.4459826
1866	-69.40275	-112.5246	43.12186	1.105806	0.3191349	0.7879261
1872	-70.08805	-112.9762	42.88812	0.1822204	1.16361	0.8194865
1878	-69.2435	-111.2132	41.96972	0.02339698	2.194423	1.190423
1884	-73.82972	-116.6263	42.79655	0.03847686	1.175835	1.060724
1890	-69.95505	-113.0107	43.0557	0.1114571	0.410883	1.567989
1896	-73.77049	-115.6063	41.8358	0.6878154	1.434097	1.151898
1902	-82.57979	-122.0409	39.46107	1.130963	7.560862	0.9339219
1908	-84.38343	-125.681	41.29757	0.6609013	3.400214	0.5071826
1914	-66.32843	-109.2266	42.8982	0.1177936	1.143908	0.9052871
1920	-72.37846	-115.6784	43.29998	0.7841529	0.4426936	0.5990948
1926	-77.97456	-121.18	43.20546	0.6311604	0.5613865	0.7089118
1932	-82.45658	-124.2369	41.78028	0.5545606	1.634849	1.190126
1938	-82.33325	-123.8821	41.54883	0.4423537	2.101427	1.235937
1944	-80.82275	-122.2029	41.38015	2.012536	0.7592168	0.2273026
1950	-82.37716	-124.3978	42.02065	2.012536	0.4816171	0.5129917
1956	-79.75304	-121.7616	42.00854	2.034145	0.2429202	0.1526656
1962	-83.8673	-122.5091	38.64179	1.573116	10.64552	0.3164373
1968	-79.58606	-120.5692	40.9831	1.517852	2.01466	0.3029758
1974	-85.62838	-122.3923	36.76396	1.517852	33.37935	0.369181
1980	-77.3399	-119.1475	41.80765	0.9688122	1.040726	1.22428
1986	-80.23863	-119.6176	39.37899	1.294238	8.327743	0.4177263
1992	-85.43354	-127.9759	42.54233	0.8626455	0.8829482	0.7388528
1998	-88.55713	-131.4589	42.90179	0.8626455	0.6593613	0.5007458
2004	-79.79758	-119.4187	39.62109	1.449342	5.5087	0.9185677
2010	-76.02875	-116.663	40.63422	1.580153	2.722598	0.390315
2016	-76.10891	-116.9952	40.88629	1.523076	2.24773	0.7083148
2022	-74.97487	-116.747	41.7721	0.2134751	2.672102	0.9732208
2028	-80.40719	-121.1306	40.72341	1.056868	1.511841	1.68471
2034	-72.66651	-115.2554	42.5889	0.5929523	0.9700574	0.9065579
2040	-76.5535	-117.8737	41.32018	0.5809482	1.813096	1.445356
2046	-69.68123	-112.7252	43.04396	0.07850486	0.5901957	1.376037
2052	-71.21168	-114.635	43.42328	0.006135595	0.5612337	1.157982
2058	-73.66806	-115.9082	42.24013	0.7934365	0.8246129	1.199768
2064	-72.4313	-114.0824	41.6511	0.2634598	2.15132	1.276424
2070	-72.27561	-113.9994	41.72379	0.304806	3.109358	0.6668967
2076	-79.51808	-122.2618	42.7437	0.7841156	0.7518939	0.7820891
2082	-75.08891	-116.884	41.79505	0.7981428	1.71619	0.8859814
2088	-75.64802	-116.5744	40.9264	0.7981428	4.042172	0.5485765
2094	-68.79403	-111.3299	42.53585	0.7968748	0.9566973	0.7290001
2100	-75.90252	-116.3829	40.48034	0.5707216	4.882397	1.106503
2106	-71.88353	-114.9339	43.05039	0.2820317	0.8428866	0.891259
2112	-78.03763	-118.8343	40.79668	1.327689	2.984429	0.5356061
2118	-77.78251	-121.4294	43.64689	0.6883515	0.2644659	0.817435
2124	-74.86149	-116.6353	41.77381	0.1225845	2.633547	1.077962
2130	-69.06834	-112.6565	43.58814	0.3290774	0.51787	0.6870873
2136	-68.29009	-110.8023	42.51217	0.3290774	0.7638655	1.414194
2142	-69.63419	-111.6715	42.03734	0.2990777	2.348642	0.7404563
2148	-70.84944	-112.1174	41.26791	0.09925027	3.470829	1.233934
2154	-74.37161	-116.9242	42.55262	0.0378638	1.994862	0.6301888
2160	-72.7297	-114.2361	41.50635	0.2917012	3.34549	0.8647624
2166	-73.95362	-116.0818	42.1282	0.1325142	2.36891	0.8304185
2172	-73.12056	-115.8075	42.68695	0.6604377	0.9677452	0.6844689
2178	-65.48446	-108.2925	42.80807	0.1534308	1.199026	0.9114932
2184	-67.97904	-109.9017	41.92265	0.3536451	2.143469	0.9501184
2190	-69.38575	-111.577	42.19125	1.100829	1.076154	0.459371
2196	-65.19597	-107.096	41.90006	0.2259043	2.760396	0.7572611
2202	-68.6961	-111.9052	43.20913	0.4187267	0.6871258	0.7572611
2208	-71.21546	-113.1164	41.90094	0.2698117	2.264101	0.9913492
2214	-70.12406	-113.875	43.75099	0.3185001	0.4532944	0.4233452
2220	-72.69522	-115.8963	43.20111	1.033618	0.3597636	0.6243096
2226	-74.58755	-117.1696	42.58204	0.8125385	0.5538048	1.198126
2232	-71.90282	-112.6926	40.78975	0.2366034	5.247555	1.034566
2238	-71.55908	-112.7292	41.1701	0.1851222	5.247555	0.5854585
2244	-68.89332	-110.5381	41.64482	0.962399	1.927513	0.679697
2250	-68.55695	-109.6352	41.07823	0.1428387	2.743004	1.582053
2256	-66.60348	-108.0395	41.436	0.6477569	2.743004	0.825411
2262	-73.15907	-113.8506	40.69157	0.1320886	3.063281	1.765791
2268	-69.18755	-111.7405	42.55299	0.01525316	1.892318	0.7764032
2274	-72.97075	-114.3198	41.34904	1.081633	1.93788	0.9116525
2280	-71.24138	-115.0423	43.80092	0.4696303	0.3540863	0.5366567
2286	-75.34338	-117.8217	42.47835	0.5722791	1.359496	0.5071062
2292	-72.09522	-115.291	43.19577	0.04561875	0.643093	1.217751
2298	-74.39783	-116.8253	42.4275	0.07248128	1.878446	0.8739953
2304	-78.05868	-119.4218	41.3631	0.6182371	3.232165	0.6615322
2310	-80.42638	-123.0971	42.67073	0.3490964	1.289836	0.7388237
2316	-83.57212	-126.8464	43.27429	0.343139	0.6839277	0.7782666
2322	-76.88806	-119.6879	42.79987	1.778318	0.1892083	0.3007236
2328	-81.02118	-123.6216	42.60046	1.778318	0.209193	0.2246372
2334	-74.55907	-118.0927	43.53363	0.8323779	0.2989529	0.3893171
2340	-74.26752	-116.5582	42.29072	0.7068985	0.7242903	1.329923
2346	-77.03024	-120.3823	43.3521	0.7068985	0.4590487	0.4223931
2352	-74.60741	-118.1618	43.55442	0.7068985	0.3216321	0.7304076
2358	-73.06638	-114.9637	41.8973	0.2228871	2.121253	1.113873
2364	-67.92256	-110.2451	42.32258	0.952325	0.679132	1.146341
2370	-75.4401	-117.8132	42.37305	0.4765523	0.8323534	1.344093
2376	-72.80612	-116.5977	43.7916	0.02055318	0.56599	0.7372212
2382	-78.84813	-121.3323	42.48415	0.4027707	0.9064763	1.246658
2388	-72.30636	-114.3495	42.04316	0.06653287	1.67424	1.353682
2394	-67.42359	-109.8035	42.37988	0.4974651	1.345892	0.8677519
2400	-73.33025	-114.8378	41.50754	0.4115036	1.374011	1.660149
2406	-72.3478	-113.7854	41.43759	0.4115036	1.564217	1.608199
2412	-74.87637	-115.8804	41.00398	0.6881608	3.69024	0.8368924
2418	-73.10523	-114.3511	41.24585	0.7094909	3.133865	0.7710228
2424	-68.8123	-110.9729	42.16058	1.058849	1.123077	0.6384156
2430	-64.81614	-107.8345	43.01838	0.2666355	0.9158188	0.852695
2436	-66.80115	-108.8674	42.06625	0.06362031	1.333249	1.530167
2442	-71.48228	-114.9215	43.43925	0.7520913	0.2078329	1.126562
2448	-68.89147	-111.0973	42.20585	0.4295661	1.327605	1.126562
2454	-76.98181	-118.9645	41.98274	0.01674461	1.327605	1.62889
2460	-75.20155	-117.6202	42.41869	0.3389575	1.083957	1.205155
2466	-76.70758	-119.2547	42.54713	0.3874908	1.182184	0.9563164
2472	-66.96621	-109.3679	42.4017	0.7706907	1.138334	0.7035664
2478	-81.14164	-123.6086	42.46692	0.9280297	0.7348843	0.9633282
2484	-74.3302	-116.1593	41.82914	1.066186	1.468306	0.7140506
2490	-81.161	-120.9083	39.74727	0.6233491	6.26404	1.378903
2496	-75.51416	-115.4402	39.92602	0.6115092	7.293229	1.043881
2502	-80.14362	-120.3394	40.19582	0.6115092	7.293229	0.7304745
2508	-80.3365	-121.4547	41.11822	0.4104493	4.664297	0.5495228
2514	-77.53584	-118.3353	40.79943	1.287345	3.073474	0.4657059
2520	-71.44236	-114.1176	42.67521	1.502171	0.4017852	0.4911612
2526	-69.03926	-111.9818	42.94258	0.3756178	0.7388822	1.035149
2532	-76.26106	-118.3919	42.13084	0.1303782	1.885265	1.111454
2538	-75.05043	-116.6893	41.63883	0.2978602	1.572198	1.539861
2544	-71.58585	-112.9905	41.40469	1.530367	1.511573	0.5069347
2550	-71.8916	-112.8053	40.91373	0.7037248	3.692532	0.9225448
2556	-68.33111	-109.8709	41.53981	0.3297701	2.03646	1.364932
2562	-71.07186	-111.3566	40.28477	0.4537445	6.706709	0.9679049
2568	-69.35201	-111.4663	42.11424	0.7059668	1.41207	0.873952
2574	-73.74273	-114.9476	41.20483	0.2994582	3.362324	1.151603
2580	-73.28976	-113.8846	40.59483	0.5406126	4.146399	1.229381
2586	-73.61299	-116.9449	43.33195	0.08585199	0.9207038	0.6410362
2592	-74.58868	-116.6821	42.09337	0.005205177	0.9207038	1.823315
2598	-75.74393	-117.6699	41.92594	1.107019	1.132405	0.8979622
2604	-73.9687	-115.7708	41.80207	1.107019	1.475516	0.6801993
2610	-74.16092	-114.4665	40.30553	1.040499	5.309663	0.448666
2616	-78.53843	-120.4131	41.87463	0.4387697	0.9429477	1.656073
2622	-81.05285	-121.7116	40.65873	1.574906	2.523834	0.7626228
2628	-73.92982	-114.5735	40.64367	0.3730015	5.408018	1.00211
2634	-75.76322	-117.7679	42.00473	0.5930877	1.55083	1.00211
2640	-75.96769	-116.6778	40.71011	1.125801	3.713876	0.558987
2646	-72.93828	-114.1086	41.17034	0.1964421	4.125215	1.02748
2652	-72.60068	-114.6712	42.07049	0.1384397	2.366158	0.89379
2658	-76.31159	-119.1626	42.85099	0.4440308	0.8951799	0.8672852
2664	-80.01762	-122.252	42.23435	0.5547872	1.14893	1.125167
2670	-80.27499	-121.4098	41.1348	0.2102072	2.966239	1.414874
2676	-78.85057	-121.6383	42.78775	0.1841515	1.002277	1.085172
2682	-72.62093	-114.3956	41.77469	0.01757968	1.511501	1.676346
2688	-73.82469	-115.1158	41.29108	0.3844799	2.322754	1.393896
2694	-73.66963	-117.2178	43.54813	0.9996073	0.2286704	0.3959018
2700	-73.76477	-114.4127	40.64798	0.5502903	5.768542	0.6443713
2706	-71.91681	-114.3081	42.39126	0.505856	1.478528	0.6979459
2712	-80.68088	-121.2823	40.60142	1.334927	3.404744	0.6081535
2718	-88.64202	-129.4426	40.80061	1.224999	3.223862	0.5336509
2724	-76.53458	-118.4458	41.91125	1.460378	0.9613902	0.6490263
2730	-74.03772	-116.6586	42.62086	0.007023914	1.205973	1.221758
2736	-76.06163	-117.4564	41.3948	0.3184636	1.049515	1.996034
2742	-70.91973	-112.3529	41.43316	1.317045	1.781469	0.487563
2748	-75.62107	-117.9671	42.34606	0.5150566	1.493435	0.7390322
2754	-73.78867	-115.8517	42.06302	0.2536433	1.493435	1.289652
2760	-77.10135	-119.7981	42.69676	0.7353626	0.8180328	0.8044236
2766	-71.04915	-112.8185	41.76931	0.6490948	2.007273	0.8789357
2772	-67.36297	-109.5549	42.19189	0.6490948	1.586338	0.6563323
2778	-67.43384	-108.8269	41.39309	0.4825652	2.340554	1.224395
2784	-67.3452	-109.3104	41.96523	0.6857812	1.176024	1.224395
2790	-87.09623	-128.0529	40.95669	0.05784466	6.433931	0.6943396
2796	-80.121	-121.0846	40.96361	0.1086878	5.866557	0.8089629
2802	-71.48772	-111.0155	39.52776	1.452744	6.856429	0.518272
2808	-69.4743	-109.5528	40.07853	1.452744	4.67101	0.4979809
2814	-70.11913	-112.9757	42.8566	0.5701821	0.6503938	1.042178
2820	-76.49351	-119.4113	42.91778	0.3098147	1.065924	0.7237949
2826	-70.05865	-110.2307	40.17208	1.476118	4.063175	0.3316915
2832	-69.24219	-110.8364	41.59417	1.25981	1.625932	0.4952991
2838	-74.33165	-114.3017	39.97001	1.903258	3.081064	0.2405364
2844	-75.15838	-117.1418	41.98343	0.1343387	1.938734	1.208986
2850	-77.21527	-119.6666	42.45131	0.107686	0.6285736	1.750534
2856	-77.41544	-118.4078	40.99236	1.02739	2.821517	0.860525
2862	-75.3769	-117.4242	42.04728	1.003033	1.330221	0.6171558
2868	-80.30082	-122.1802	41.87937	0.9061689	1.630517	0.7031234
2874	-81.68778	-121.3617	39.67393	0.4452318	4.146835	1.974307
2880	-72.95144	-114.5433	41.59191	1.144445	1.703273	0.7030504
2886	-70.81827	-112.4524	41.63415	1.166833	1.703273	0.5182162
2892	-76.72574	-118.7024	41.9767	0.4092403	2.402714	0.5780193
2898	-78.55325	-119.8178	41.26456	1.365554	1.853218	0.3304783
2904	-71.94423	-114.2186	42.27437	0.8587208	1.235066	0.406879
2910	-71.35623	-113.3346	41.97839	0.7951133	1.74489	0.4814864
2916	-71.83852	-113.6836	41.84508	0.8613783	1.849972	0.4814864
2922	-74.67892	-116.575	41.89611	0.265062	1.599967	1.353272
2928	-68.89497	-111.2998	42.40482	0.4133816	1.389801	0.896072
2934	-77.24159	-116.9281	39.68652	0.936609	4.581094	1.52513
2940	-74.20933	-116.1901	41.9808	0.2313354	2.020591	1.082206
2946	-70.17363	-110.9567	40.78307	1.34899	2.972072	0.5010245
2952	-78.2771	-118.9197	40.64258	1.34899	3.13063	0.3314457
2958	-73.09517	-114.6095	41.51433	1.34899	1.578715	0.6167389
2964	-81.37125	-120.4952	39.124	1.482526	8.767038	0.5394765
2970	-76.46674	-116.8607	40.39397	1.482526	3.318787	0.297895
2976	-75.92092	-117.8309	41.91003	0.4643517	2.130672	0.8474701
2982	-78.8952	-120.2112	41.31595	0.5029696	2.028555	1.408131
2988	-74.95901	-115.9915	41.03252	0.4754255	1.464858	1.897769
2994	-76.12159	-118.6462	42.52459	1.038616	0.8147104	0.4467595
3000	-74.0681	-117.43	43.36191	0.1774566	0.6843052	0.8764613
3006	-66.07894	-108.6107	42.53179	0.2510025	0.9661305	1.28095
3012	-69.73491	-112.027	42.29212	0.06353632	1.622873	1.179249
3018	-73.73558	-116.4337	42.69808	0.5198744	0.9354925	0.906266
3024	-72.46596	-114.0487	41.5827	0.2002389	3.691199	0.7069677
3030	-72.91919	-114.9724	42.0532	0.1729697	2.32871	0.8961879
3036	-75.91285	-118.5222	42.60934	0.92993	0.6714664	0.8961879
3042	-81.53874	-123.0837	41.54493	0.1726318	3.328243	0.9612755
3048	-75.5183	-117.4164	41.8981	0.005776445	2.199869	1.263247
3054	-72.23977	-114.4061	42.16637	0.6093352	1.520057	0.8300995
3060	-72.80545	-112.8552	40.04977	0.8874449	6.571628	0.7676271
3066	-75.9321	-115.331	39.39887	0.8874449	9.858168	0.8137904
3072	-76.65376	-118.1113	41.4575	0.7658878	2.478262	0.807592
3078	-73.67986	-116.199	42.5191	0.2719947	0.6587908	1.554072
3084	-76.28091	-118.8881	42.60722	0.8808573	0.7280075	0.8703382
3090	-81.05941	-122.6889	41.6295	0.973956	1.129883	1.298145
3096	-80.28629	-123.4508	43.16449	0.5949437	0.4522478	1.018004
3102	-76.04739	-118.5625	42.5151	0.6669397	0.9675518	0.9092066
3108	-71.2434	-113.9608	42.71739	0.5770852	0.9502352	0.7944781
3114	-74.83989	-118.1446	43.30476	0.8016018	0.3731112	0.7968724
3120	-77.22978	-116.4785	39.2487	1.61612	6.917476	0.3058624
3126	-78.39446	-117.9745	39.58008	1.61612	5.651465	0.3390244
3132	-76.95156	-116.7707	39.81915	1.61612	5.003457	0.490713
3138	-75.02008	-116.0004	40.98033	1.61612	1.555283	0.2030857
3144	-74.30256	-116.1602	41.8576	0.7406841	1.383031	1.120369
3150	-77.94418	-117.7476	39.8034	1.261359	5.424608	0.2217632
3156	-74.50261	-115.9318	41.4292	1.161363	2.005946	0.4015235
3162	-72.75062	-115.2044	42.45377	0.212782	1.806769	0.7073846
3168	-78.49868	-118.3635	39.86485	1.048498	6.856436	0.7073846
3174	-74.9554	-116.8754	41.91998	0.257415	2.638209	0.7646684
3180	-72.07812	-114.1176	42.03948	0.6848352	1.819347	0.5328642
3186	-70.05276	-111.9756	41.92286	0.4303791	2.021911	0.9417763
3192	-72.81797	-114.4399	41.6219	0.2663122	2.956833	0.9417763
3198	-72.07427	-113.5276	41.45333	0.1386828	1.620557	1.762923
3204	-71.05954	-112.5328	41.47327	0.1079068	2.810176	1.281452
3210	-75.35106	-117.7075	42.35642	0.1664503	1.320746	1.229209
3216	-78.51171	-119.3115	40.79979	0.5151419	3.45276	1.282943
3222	-72.5789	-114.0003	41.42139	1.067688	1.958609	0.8283087
3228	-75.88585	-117.0371	41.15124	1.067688	1.958609	1.109539
3234	-69.73972	-112.2145	42.47475	0.2699213	1.551256	0.8407396
3240	-74.03122	-116.5269	42.49572	0.03717529	1.100597	1.376054
3246	-69.62992	-111.9194	42.28947	0.5258953	0.7029838	1.492325
3252	-64.01846	-107.1375	43.11903	0.19837	0.662531	1.128297
3258	-73.07163	-115.7538	42.68216	0.4013627	0.6478305	1.341993
3264	-74.8043	-116.6133	41.80903	1.015373	1.659513	0.5598413
3270	-70.85258	-113.4632	42.61063	1.106043	0.6910531	0.5539495
3276	-70.25686	-113.9644	43.7075	0.7935794	0.2480487	0.6060249
3282	-74.75171	-117.4334	42.68167	0.325485	1.07853	0.9790961
3288	-74.9628	-116.5113	41.54846	1.230956	1.70106	0.6168644
3294	-67.54277	-110.3888	42.84604	0.9247315	0.6517467	0.5464234
3300	-86.27308	-123.9236	37.65056	1.910352	12.69132	0.1596847
3306	-91.57509	-126.4959	34.92076	1.910352	64.24604	0.2419494
3312	-78.92782	-120.9683	42.04053	0.03702393	2.970129	0.6852968
3318	-73.58735	-116.7543	43.16697	0.003200587	1.15213	0.6852968
3324	-72.15528	-114.4884	42.33317	0.09352328	1.185811	1.398835
3330	-72.8929	-115.6233	42.73037	0.176333	0.8172258	1.312309
3336	-70.26473	-113.3028	43.03809	0.2379369	0.5658467	1.282064
3342	-76.92731	-119.5875	42.66023	1.063761	0.6477505	0.6870871
3348	-70.05939	-112.2616	42.20224	0.6567318	1.583292	0.6196845
3354	-69.70347	-112.9157	43.21226	0.6514006	0.3664491	1.074401
3360	-72.60095	-114.3537	41.75272	0.1340862	1.865448	1.431197
3366	-73.68874	-115.6616	41.97289	0.3954534	2.356511	0.6795307
3372	-80.49645	-121.3884	40.892	0.3202081	3.1016	1.472853
3378	-74.25229	-116.1719	41.91956	0.2163138	2.050817	1.135734
3384	-75.77327	-118.4553	42.68203	0.600255	0.6042754	1.229592
3390	-75.52649	-119.461	43.93447	0.7513723	0.1324795	0.8796676
3396	-74.61983	-116.4067	41.78683	0.6338228	1.61254	1.128207
3402	-77.50582	-120.3605	42.85466	0.7673699	0.7700875	0.5128445
3408	-76.51767	-119.6698	43.15212	1.208661	0.3136306	0.5128445
3414	-71.19947	-113.5335	42.33406	1.208661	0.7971015	0.361605
3420	-76.20905	-120.0962	43.88713	0.6901928	0.226014	0.5398521
3426	-70.11374	-113.9347	43.82093	0.7463536	0.230211	0.4735452
3432	-73.28004	-116.6532	43.37311	0.126465	0.7055697	0.8902533
3438	-76.74827	-118.5057	41.75744	0.4879096	1.99815	1.063388
3444	-78.85139	-121.0037	42.15233	0.7647718	1.184497	0.9723889
3450	-73.24983	-116.7126	43.46281	0.3998573	0.5438882	0.7104669
3456	-76.01825	-116.8243	40.80602	0.6890025	3.645919	1.063066
3462	-68.96321	-111.0221	42.0589	0.3062544	1.109939	1.49807
3468	-71.65642	-114.6977	43.04131	0.2636756	0.6929892	1.102782
3474	-69.22711	-110.3262	41.09914	0.5079971	3.996268	0.8095573
3480	-71.20684	-113.6928	42.48598	0.8808382	0.9007203	0.7668371
3486	-67.67732	-110.6709	42.99356	0.7022942	0.6794845	0.6582915
3492	-80.05518	-121.2559	41.20073	0.594594	2.500727	1.223988
3498	-79.27649	-120.7698	41.49327	0.6036388	2.773682	0.7898395
3504	-73.84518	-115.2259	41.38072	0.9456769	2.302204	0.7898395
3510	-75.76016	-116.5676	40.80745	0.2685782	3.383166	1.490779
3516	-71.90872	-113.8965	41.9878	0.7709102	1.768353	0.5114685
3522	-75.1224	-115.5279	40.40549	1.124939	3.048672	1.237852
3528	-74.46425	-116.5219	42.05762	0.3409284	1.739239	1.070148
3534	-80.41626	-121.1507	40.73445	0.8676859	2.613095	1.337966
3540	-73.73623	-116.4591	42.72283	0.4557371	0.5847606	1.337966
3546	-74.06322	-116.0243	41.96106	0.5376078	1.320691	1.249524
3552	-75.08277	-117.6528	42.57004	0.6382125	0.7527251	1.121653
3558	-71.78454	-114.9857	43.20114	0.3324894	0.5206979	1.121653
3564	-69.6632	-111.5824	41.91919	1.137736	1.178185	0.8200887
3570	-75.3715	-119.4968	44.12528	0.4978729	0.1342436	0.9419173
3576	-71.53745	-114.5143	42.97681	0.4908888	0.9018597	0.5454546
3582	-71.91683	-113.5432	41.62636	1.266117	1.562582	0.5563935
3588	-72.88524	-114.0178	41.13259	0.5371671	2.658332	1.265758
3594	-75.53587	-117.3602	41.82434	0.1436608	2.079169	1.265758
3600	-78.3716	-119.7054	41.33381	0.6365211	3.366116	0.526907
3606	-79.52276	-120.5636	41.04085	0.07107705	3.528497	1.421482
3612	-75.86005	-117.9184	42.05838	0.5068068	1.604161	0.9970784
3618	-68.36217	-110.7142	42.35202	0.4657548	1.604161	0.6777762
3624	-79.31481	-121.4604	42.14558	0.5393896	1.604161	0.8676824
3630	-78.58828	-120.7661	42.17786	1.172013	1.017916	0.5320331
3636	-76.26503	-118.2685	42.00344	1.227575	1.144053	0.4707527
3642	-72.06231	-114.09	42.02766	1.300479	1.003235	0.3741244
3648	-74.89314	-118.4024	43.50926	1.391061	0.1173011	0.3741244
3654	-76.56049	-120.0107	43.45025	1.524225	0.04990555	0.2166732
3660	-80.94451	-121.8688	40.92431	1.605149	2.115142	0.6093326
3666	-86.91267	-129.6906	42.77795	1.63988	0.2892093	0.4965839
3672	-79.47045	-121.4898	42.01933	1.63988	0.722947	0.4029567
3678	-78.95881	-121.3736	42.41477	0.9865866	0.9616164	0.5625626
3684	-80.71314	-123.6322	42.91905	0.1875847	0.6823667	1.285688
3690	-70.87621	-113.6337	42.75746	0.03239422	1.280348	1.018005
3696	-72.28453	-113.8066	41.52207	0.9903717	2.169208	0.5654192
3702	-68.46109	-111.111	42.64988	0.639416	0.9958712	0.7345899
3708	-67.1639	-110.5006	43.3367	0.3462304	0.6247042	0.7993517
3714	-74.59666	-117.5337	42.93701	0.6079596	0.4341861	1.240169
3720	-69.21852	-113.1983	43.97977	0.07674677	0.4341861	0.6944632
3726	-65.88497	-108.7601	42.87508	0.6081735	0.7991817	0.7643305
3732	-65.56404	-107.374	41.80997	0.646976	1.919385	0.8947361
3738	-72.74915	-114.783	42.03381	0.2064368	2.530267	0.7482001
3744	-71.76708	-114.9179	43.15086	0.1026347	0.5244336	1.352188
3750	-69.16739	-111.9619	42.79451	0.01612243	1.56421	0.7379006
3756	-66.18533	-107.5439	41.35857	0.3716574	2.802432	1.158024
3762	-68.30874	-111.1032	42.7945	0.02983707	0.8955104	1.307823
3768	-67.43851	-109.2152	41.77667	0.2256242	2.567947	1.006184
3774	-71.04358	-114.6066	43.56302	0.08398038	0.6954424	0.7100189
3780	-67.555	-109.191	41.63599	0.6961342	2.233261	0.830218
3786	-72.32788	-114.9623	42.63447	0.3591381	1.266671	0.8035303
3792	-76.50637	-115.8921	39.38574	1.024548	8.409923	0.955247
3798	-82.46173	-124.754	42.29223	0.8910848	1.199751	0.4944053
3804	-79.7452	-122.1258	42.38063	0.8023337	1.199751	0.514547
3810	-77.69486	-117.5812	39.88638	1.002221	7.2005	0.4071422
3816	-73.63559	-115.5922	41.95664	0.8319973	1.695655	0.6011904
3822	-69.22715	-112.0444	42.81728	0.987144	0.5977245	0.6688303
3828	-68.3506	-111.5075	43.15688	0.987144	0.4009503	0.6444856
3834	-64.84433	-106.9715	42.12721	0.7008192	0.8650576	1.331815
3840	-75.18248	-116.6581	41.47566	0.1785855	2.035548	1.529922
3846	-77.75798	-119.2988	41.54087	0.6227163	2.835525	0.6279482
3852	-72.40638	-114.8725	42.46609	0.3992332	1.431658	0.7991882
3858	-73.55741	-115.5423	41.98486	0.02820044	2.286736	1.129368
3864	-71.24804	-113.89	42.64193	0.1120507	0.9067163	1.354471
3870	-78.30511	-120.3802	42.07513	0.03987461	1.461526	1.466638
3876	-80.07666	-122.8127	42.73607	0.2841409	0.8699079	1.166956
3882	-77.72237	-120.1095	42.38715	0.4608577	0.679724	1.490748
3888	-77.85963	-120.2652	42.40555	0.1400964	1.502292	1.085946
3894	-74.52528	-117.5153	42.99005	0.1552522	1.133938	0.7531841
3900	-73.74775	-116.4553	42.70758	1.150965	0.5548863	0.6878236
3906	-73.46746	-116.2785	42.811	1.150965	0.5169768	0.5850653
3912	-77.20838	-120.5838	43.37545	1.16892	0.2307315	0.6148633
3918	-75.10756	-118.2917	43.18414	1.113801	0.3031124	0.7389061
3924	-73.15376	-115.5191	42.36536	1.008385	0.9679233	0.6287093
3930	-72.76535	-111.2271	38.46171	1.60354	12.31642	0.5535626
3936	-71.09823	-110.5691	39.47087	1.60354	6.416693	0.548263
3942	-75.39579	-117.0633	41.66752	0.8998271	1.141388	1.318902
3948	-79.47379	-121.8978	42.42403	0.3752802	0.7338983	1.474662
3954	-79.16675	-121.3582	42.19144	0.3318303	1.731118	0.9519103
3960	-76.75605	-117.7614	41.00535	0.5691435	2.696695	1.328741
3966	-74.8093	-116.7015	41.89218	1.011319	1.533267	0.4160603
3972	-76.26746	-116.3498	40.08236	1.101337	5.11006	0.9110627
3978	-77.8821	-118.0571	40.17495	1.64237	3.542758	0.3190044
3984	-75.42063	-117.7544	42.33373	0.9461253	0.9174508	0.8568078
3990	-80.70712	-122.8776	42.1705	0.7720096	1.285714	0.8482343
3996	-77.03803	-119.5626	42.52461	0.09637378	1.285714	1.169645
4002	-75.59282	-117.6989	42.10605	0.9608902	1.333097	0.5509085
4008	-78.3946	-120.7015	42.30687	0.9608902	1.09796	0.5630082
4014	-80.42825	-121.6775	41.24924	0.3839607	4.22709	0.6445931
4020	-76.99557	-119.9342	42.9386	0.3976321	0.8205927	0.9156205
4026	-83.7413	-124.9977	41.25637	1.346979	2.017275	0.5396556
4032	-71.96768	-113.1087	41.14101	0.8283907	3.358188	0.5537792
4038	-69.81213	-111.4704	41.65827	0.7280211	2.161538	0.8108951
4044	-76.69765	-118.9135	42.21587	0.1821082	1.893219	0.9752903
4050	-74.12089	-115.7924	41.67154	1.066	1.700151	0.7045841
4056	-78.65557	-118.715	40.05941	0.6345233	7.961134	0.6993455
4062	-75.09491	-117.4998	42.40491	0.6345233	1.178198	0.8420337
4068	-75.13604	-116.0674	40.93133	1.159436	2.924622	0.3442429
4074	-70.1885	-111.7609	41.57239	0.6718555	2.551998	0.725589
4080	-72.66073	-114.4345	41.77373	0.10475	1.87084	1.435025
4086	-74.28189	-115.7906	41.5087	0.3031012	2.46457	1.225173
4092	-85.68166	-126.2158	40.53412	0.2841494	3.186556	1.734077
4098	-82.30745	-123.0412	40.73375	0.6121004	3.158625	1.351228
4104	-78.61543	-119.6005	40.98507	0.5229374	3.203901	1.202788
4110	-73.89413	-116.9107	43.01653	0.8896277	0.4960556	0.7626563
4116	-78.64439	-120.6664	42.02205	0.6729186	1.047673	1.286417
4122	-70.96299	-111.6521	40.68911	0.9446068	4.247175	0.6283524
4128	-78.93908	-121.1062	42.16716	0.6545354	1.461145	0.8269214
4134	-75.82667	-118.0462	42.21956	1.009681	1.14785	0.4921791
4140	-74.40958	-116.7731	42.36351	0.3933827	1.50386	0.8673839
4146	-71.61868	-114.746	43.12732	0.3148494	0.6442194	1.035544
4152	-75.91442	-117.3689	41.45443	0.6301639	2.947535	0.690171
4158	-77.11091	-118.2005	41.08963	0.6415031	3.764107	0.7482534
4164	-71.7754	-113.0666	41.29124	0.5072782	1.495758	1.680117
4170	-66.7098	-108.6825	41.97274	0.2963307	2.013388	1.032174
4176	-66.70638	-108.3107	41.60436	0.3732821	3.009441	0.8112191
4182	-69.6893	-112.2724	42.58306	0.5506136	1.105814	0.8054643
4188	-75.77328	-117.4582	41.68494	0.4279243	2.149555	1.106187
4194	-73.52483	-115.8042	42.27938	0.1040301	1.462667	1.253479
4200	-80.09731	-122.8939	42.79661	0.04213138	1.172193	1.060261
4206	-77.16685	-118.7291	41.56225	0.04213138	2.274071	1.468269
4212	-69.58638	-112.4089	42.82252	0.2844938	1.092016	0.855146
4218	-72.01746	-113.1838	41.16632	0.05668463	5.810143	0.500195
4224	-65.85541	-107.5404	41.68495	0.3458508	2.798447	0.8596729
4230	-72.89139	-113.3326	40.44121	1.266082	2.917003	1.133484
4236	-76.44532	-117.2386	40.79331	1.291233	3.06946	0.4456804
4242	-77.4133	-120.6592	43.24588	0.4118819	0.5798191	0.9084608
4248	-77.25883	-118.0781	40.81922	0.3230815	4.813017	1.039752
4254	-74.15452	-116.8776	42.72309	0.3230685	0.9132482	1.101518
4260	-71.35042	-113.8662	42.51578	0.1773219	1.140493	1.215687
4266	-77.24111	-118.0195	40.77841	0.4316091	1.766986	1.957265
4272	-65.7366	-107.3715	41.63494	0.3703667	1.766986	1.387656
4278	-69.92149	-111.2487	41.32723	0.8520474	2.098588	1.071139
4284	-68.63808	-111.9604	43.32231	0.05900154	0.9366502	0.6813616
4290	-73.07918	-115.6978	42.61865	0.07908634	1.381216	1.02864
4296	-68.69428	-111.2866	42.59233	0.537144	1.185653	0.7047105
4302	-73.18921	-113.8731	40.68387	0.5861009	5.367926	0.7047105
4308	-70.6419	-113.0718	42.42987	0.1559659	0.7185679	1.646097
4314	-72.27047	-114.4472	42.17668	1.001655	0.9572873	0.9248874
4320	-73.07413	-113.9446	40.87043	1.15255	3.004503	0.7510918
4326	-70.94869	-113.1204	42.17176	0.03691824	1.888557	1.156642
4332	-83.91944	-125.6699	41.75046	1.238614	0.8405718	1.222086
4338	-79.84828	-120.7403	40.892	1.357359	2.556429	0.3339228
4344	-77.22543	-119.4176	42.19213	1.150896	0.9601817	0.7060815
4350	-74.73804	-117.0977	42.35964	1.19544	0.7702854	0.7060815
4356	-72.57168	-113.9742	41.40253	0.1881408	3.334905	1.08306
4362	-77.74841	-119.3856	41.63714	0.5249921	1.464974	1.428663
4368	-76.82353	-118.2408	41.41731	0.5242915	3.434788	0.4579527
4374	-67.11977	-109.4061	42.28632	0.2873486	1.669089	0.942307
4380	-79.35553	-120.8095	41.45397	0.3178769	1.478025	1.708334
4386	-81.79837	-123.4461	41.64778	0.2149321	1.736114	1.511864
4392	-83.32091	-124.5102	41.18932	0.1644458	2.19524	1.683017
4398	-78.17935	-120.0854	41.90608	0.3856157	2.421428	0.7519315
4404	-74.29358	-116.0929	41.79936	1.335802	1.196948	0.3572692
4410	-77.43073	-117.823	40.39226	2.009377	2.042952	0.2516815
4416	-73.3052	-114.206	40.90084	2.009377	0.6986691	0.1009443
4422	-80.93982	-121.5099	40.57004	2.295273	0.332985	0.04729334
4428	-86.67164	-124.5799	37.90824	2.295273	4.489355	0.0511283
4434	-83.04299	-124.5187	41.47576	0.03391168	2.004842	1.648457
4440	-78.84076	-121.266	42.42523	1.813767	0.3324561	0.3254521
4446	-79.49057	-122.0045	42.51391	0.5533263	0.483346	1.546125
4452	-77.15097	-118.7672	41.61619	0.80474	2.252883	0.6828531
4458	-81.25996	-122.5707	41.31077	1.368822	1.848577	0.6289191
4464	-74.26178	-115.8418	41.58001	0.6847347	1.848577	1.12879
4470	-74.6582	-116.9402	42.28198	0.5333661	1.115725	1.12879
4476	-72.82716	-115.318	42.49081	0.04159796	0.891949	1.536202
4482	-82.00815	-122.8889	40.88076	0.2077202	1.208545	2.308503
4488	-77.43981	-120.1977	42.75792	0.1751393	0.6746575	1.431219
4494	-71.95183	-114.4026	42.45078	0.1656231	0.6646231	1.674903
4500	-77.71221	-118.0433	40.33105	0.1171885	2.568351	2.166618
4506	-76.15841	-117.1574	40.99897	0.04761933	1.585843	2.146069
4512	-74.83075	-116.1348	41.30408	1.027659	2.533484	0.5119597
4518	-73.60472	-115.8055	42.20075	0.1693571	1.336032	1.344102
4524	-72.94614	-116.1943	43.2482	0.02826208	0.5164745	1.344102
4530	-80.68969	-122.0519	41.36217	0.8440344	2.602024	0.7474428
4536	-76.10417	-117.8956	41.79144	0.8440344	1.649477	0.8888668
4542	-78.39822	-121.0109	42.61271	0.6523018	0.8627519	0.9408571
4548	-81.66586	-122.461	40.79518	0.697669	3.48532	1.119853
4554	-83.96258	-125.9149	41.95229	0.04584666	1.070622	1.788641
4560	-79.27383	-119.6855	40.41167	0.5433094	3.312394	1.600604
4566	-82.34692	-123.4034	41.05644	0.8378371	3.295572	0.7653918
4572	-74.15198	-113.3342	39.18221	0.908445	11.97095	0.6232492
4578	-74.95498	-114.16	39.20498	1.157365	10.18979	0.4256172
4584	-72.63237	-112.4725	39.84017	0.5339191	6.877698	1.265573
4590	-80.4472	-120.6559	40.20869	1.353093	4.569085	0.4996293
4596	-84.64914	-125.5664	40.91728	0.917363	2.928339	1.00936
4602	-78.59798	-115.268	36.67006	1.485709	31.48352	0.2138416
4608	-77.08578	-115.5338	38.44807	1.485709	13.2906	0.4259203
4614	-77.13479	-112.7858	35.651	1.485709	48.42992	0.157337
4620	-72.79891	-109.7044	36.90547	2.010754	17.76348	0.1422498
4626	-69.57159	-110.1916	40.61999	1.18027	3.819454	0.5505299
4632	-72.85157	-114.4754	41.62379	1.18027	1.608421	0.6974731
4638	-74.9779	-115.3335	40.3556	0.8558098	5.609336	0.6974731
4644	-74.05619	-115.6996	41.64342	0.247959	1.368757	1.682834
4650	-72.67929	-115.0552	42.37596	0.5512294	0.9289471	1.19222
4656	-73.98479	-116.5374	42.55264	0.461711	0.9220253	1.121914
4662	-74.04852	-114.8393	40.79081	0.1227817	2.866908	1.76182
4668	-68.48547	-110.7183	42.23287	0.4971155	1.424083	0.9629407
4674	-72.86057	-115.4327	42.57216	0.1044046	1.424083	1.016926
4680	-79.35943	-121.6842	42.3248	0.5041941	1.068931	1.155599
4686	-83.83059	-124.2104	40.37981	0.2330746	6.53481	1.12507
4692	-73.72871	-114.9158	41.1871	0.2470217	3.275796	1.241021
4698	-74.86542	-117.4442	42.57877	0.02707588	1.438297	1.074336
4704	-80.96121	-121.9169	40.95568	0.3383198	5.227046	0.7273314
4710	-73.84889	-115.3916	41.5427	0.2093266	1.532763	1.693983
4716	-74.13705	-115.4693	41.33224	0.08180254	1.964047	1.733446
4722	-74.55348	-115.725	41.17147	0.009442689	4.051738	1.217351
4728	-77.17101	-118.4058	41.23476	0.01289968	2.76598	1.554869
4734	-72.71463	-115.1347	42.42005	0.2835078	1.471409	0.9532356
4740	-80.81139	-124.0193	43.2079	0.4725317	0.6671685	0.7168556
4746	-76.4153	-119.9423	43.52705	0.7768845	0.3121106	0.6948761
4752	-74.34389	-115.9548	41.61093	1.541425	1.160697	0.3401848
4758	-74.37968	-116.5963	42.21662	0.9430989	1.160697	0.6903691
4764	-75.6401	-118.367	42.7269	0.5381191	0.6206578	1.224356
4770	-75.62901	-117.9907	42.36174	0.4256244	0.6206578	1.595608
4776	-78.67355	-120.5453	41.8718	0.1128385	0.9206852	1.901211
4782	-77.3554	-118.2794	40.92402	0.6352906	3.063943	1.208018
4788	-73.7588	-116.1054	42.34663	1.144703	0.8690944	0.4154436
4794	-74.62708	-115.4682	40.84109	1.144703	3.329344	0.4891776
4800	-73.19592	-114.1436	40.94769	0.7167755	4.232014	0.5349258
4806	-77.12284	-119.0152	41.89241	1.16664	1.344897	0.4605218
4812	-79.80223	-122.0133	42.21104	0.6850913	1.474273	0.705168
4818	-78.76382	-121.5744	42.81054	0.5409301	0.9771306	0.6576516
4824	-70.57454	-113.1282	42.55371	0.07574554	1.510824	0.9993927
4830	-76.61423	-119.3081	42.69387	0.1127148	0.6827508	1.518757
4836	-83.00908	-124.5687	41.5596	0.2408872	2.960753	1.029166
4842	-81.80174	-122.8467	41.04496	0.07583622	2.50849	1.733306
4848	-78.39642	-119.6841	41.2877	0.1559192	3.30703	1.222662
4854	-72.91243	-115.2418	42.32932	0.7434174	1.133624	0.8501761
4860	-70.15546	-112.4445	42.28903	0.5779357	1.089736	1.10391
4866	-73.83348	-116.351	42.51752	0.2750694	1.089736	1.170299
4872	-66.71352	-108.6932	41.97969	0.6783104	1.891184	0.6168523
4878	-73.45941	-115.3924	41.93295	0.8579341	1.50153	0.8280243
4884	-73.78967	-115.2274	41.43769	0.2550832	2.357386	1.36633
4890	-81.30421	-122.4593	41.15512	0.1559505	4.261535	1.038678
4896	-82.05398	-122.1492	40.09518	1.608021	3.608075	0.2581077
4902	-72.62287	-114.6214	41.99851	0.9678966	1.29961	0.2846919
4908	-77.49933	-119.372	41.87268	0.9678966	1.092436	1.125546
4914	-82.95587	-125.0831	42.12727	0.2707557	1.322763	1.33035
4920	-78.39735	-120.4156	42.01828	0.04997277	0.5529898	2.155567
4926	-74.21739	-116.5022	42.28481	0.8544383	1.249054	0.4704696
4932	-79.66321	-123.1629	43.49966	0.6150415	0.3758224	0.7779694
4938	-82.33531	-124.23	41.89469	0.2522585	1.905893	1.201035
4944	-72.99952	-115.6551	42.65559	0.4156749	0.8957405	1.095795
4950	-78.00601	-119.2288	41.22276	0.3678238	4.146393	0.7638951
4956	-81.26421	-122.1991	40.93485	0.9267162	2.809465	1.034261
4962	-73.60499	-116.1341	42.52914	0.9750713	0.8716342	0.4851853
4968	-72.55	-115.4928	42.94285	1.0272	0.5177027	0.5446363
4974	-77.16748	-117.7421	40.5746	0.7966569	1.241855	2.10721
4980	-70.75533	-113.4355	42.68022	0.1058298	0.7589885	1.461091
4986	-70.20428	-112.2691	42.06478	0.2933164	1.189659	1.449093
4992	-68.98545	-111.4613	42.47585	0.009536569	1.011444	1.478521
4998	-69.29993	-110.5555	41.2556	0.01589654	2.837711	1.513304
5004	-69.31534	-110.6277	41.31231	0.1546132	2.856291	1.356943
5010	-65.53114	-107.8109	42.2798	0.04940935	1.991887	0.9850203
5016	-72.48409	-116.2008	43.71672	0.2827569	0.4463468	0.7514243
5022	-70.13381	-114.0309	43.89707	0.330926	0.2861935	0.8827667
5028	-69.10799	-111.9669	42.85893	0.105498	1.155096	0.9502991
5034	-71.68907	-114.7616	43.07258	0.3863835	0.4273471	1.321019
5040	-74.8246	-117.3623	42.53773	0.3554156	0.7875579	1.351135
5046	-83.12164	-123.5476	40.42591	0.3554156	5.653778	1.162136
5052	-80.20759	-118.0603	37.85268	2.861062	5.323065	0.1253206
5058	-85.45318	-119.9343	34.48107	2.861062	42.31258	0.1447272
5064	-78.56966	-121.6813	43.1116	0.4137952	0.7093508	0.8542796
5070	-74.19157	-115.1135	40.92194	0.4781561	3.691266	1.135141
5076	-74.69853	-118.2063	43.50776	0.04569025	0.3587809	1.352497
5082	-77.99257	-120.415	42.42247	0.773234	1.067493	0.769816
5088	-77.38629	-119.7229	42.33665	0.773234	1.067493	0.8790981
5094	-74.24866	-115.9941	41.74547	0.8831188	1.970209	0.4497151
5100	-66.97217	-110.5585	43.58629	0.1266716	0.6334606	0.7387968
5106	-71.92318	-113.2392	41.31598	0.6707771	1.659189	1.457023
5112	-73.14145	-115.7002	42.55877	0.2083647	0.878773	1.368113
5118	-76.20915	-118.0517	41.84257	0.2964828	0.8302999	1.864073
5124	-71.43824	-114.0939	42.65568	0.300454	1.210938	0.9059594
5130	-70.45138	-112.9893	42.53793	0.1792485	1.031156	1.281368
5136	-70.32213	-112.339	42.01683	0.2094932	2.436806	0.830346
5142	-72.58861	-114.9659	42.37728	0.4280471	1.361042	0.9351333
5148	-73.88969	-117.038	43.14831	0.7105023	0.4570106	0.9056143
5154	-74.13781	-116.7147	42.57686	0.0696754	1.381073	1.077504
5160	-79.31495	-121.1368	41.82181	1.313191	0.9085971	1.02224
5166	-76.20745	-118.1598	41.95238	1.074138	1.375761	0.5793289
5172	-71.94202	-113.0488	41.10675	0.5597579	3.19694	1.063319
5178	-74.35163	-115.232	40.88036	0.8573105	3.312078	0.9467987
5184	-77.50909	-119.1054	41.59635	1.747889	0.7672973	0.2121891
5190	-70.08502	-112.028	41.94295	1.581225	0.6092405	0.2020089
5196	-69.05919	-112.0314	42.97225	0.9553044	0.5467071	0.5132015
5202	-74.07715	-116.737	42.65983	0.1197781	1.645956	0.6949508
5208	-73.92199	-115.6428	41.72085	0.862511	1.953392	0.6949508
5214	-76.23952	-119.6453	43.40576	0.965598	0.2254423	0.8981559
5220	-64.89457	-108.5964	43.70187	0.965598	0.1880445	0.6181659
5226	-68.08697	-110.6048	42.51785	0.8861035	0.9491799	0.5994756
5232	-66.59045	-109.5798	42.98936	0.007899358	1.122906	0.9464418
5238	-67.00561	-109.5276	42.52196	0.4745791	0.8603373	1.196714
5244	-67.26549	-109.5614	42.29586	0.3710995	1.500517	0.9689345
5250	-71.36437	-113.659	42.29468	0.2422055	1.791509	0.8943392
5256	-69.3556	-111.4006	42.04496	0.248296	0.9811903	1.642282
5262	-66.95345	-109.1531	42.19961	1.266757	0.906715	0.4991269
5268	-63.6314	-105.76	42.12865	1.473057	0.7159754	0.3184143
5274	-73.55147	-115.167	41.61549	0.1118702	2.50061	1.280614
5280	-70.28231	-112.3326	42.05031	1.219122	0.9324224	0.2623889
5286	-68.55181	-111.096	42.54416	0.8924163	0.9324224	0.5355659
5292	-80.24858	-121.9881	41.73953	0.438212	2.309861	0.9593989
5298	-73.67407	-115.5794	41.90532	0.529379	2.309861	0.5746362
5304	-84.48688	-126.6055	42.11864	0.8039507	1.447922	0.693388
5310	-75.47536	-117.1366	41.6612	0.05887204	1.24441	1.872738
5316	-75.8487	-117.9434	42.09473	0.2517394	0.9541268	1.623923
5322	-75.75196	-118.3741	42.62216	0.2680746	1.108447	1.066171
5328	-80.23091	-121.0236	40.79267	0.8660279	2.278011	1.425176
5334	-66.84073	-108.8242	41.98349	0.1775901	1.585199	1.361541
5340	-69.57367	-112.274	42.70035	0.4666981	1.030468	0.853742
5346	-72.84132	-112.7874	39.94608	1.287927	5.732583	0.5673213
5352	-68.7689	-110.9033	42.1344	1.254285	0.9807978	0.4880045
5358	-69.6229	-112.6294	43.00646	0.4111511	0.4960665	1.256597
5364	-71.054	-111.6505	40.59648	1.306094	3.546287	0.5208594
5370	-66.24597	-109.4732	43.22725	0.3682683	0.7916468	0.5219224
5376	-64.5106	-105.8462	41.3356	0.5150917	2.568169	1.14775
5382	-73.41318	-113.274	39.86079	1.445696	5.458881	0.5559391
5388	-75.39965	-114.3294	38.92978	1.386053	10.53525	0.4472797
5394	-66.93051	-109.0271	42.09659	0.9359808	1.002474	1.027374
5400	-69.65743	-111.0242	41.3668	0.2446969	4.0097	0.7978045
5406	-69.36649	-110.4298	41.06336	0.1300624	4.0097	1.218666
5412	-67.18583	-109.9552	42.76942	0.5646213	0.8572963	0.8705753
5418	-69.48777	-112.2729	42.78515	0.3841846	0.8572963	1.043539
5424	-77.80111	-117.8473	40.04619	0.3013076	1.640697	2.56592
5430	-75.25333	-117.9808	42.7275	0.05075748	0.630214	1.592412
5436	-74.61152	-116.4897	41.87819	1.044276	1.528805	0.4910169
5442	-75.95801	-117.5459	41.58784	0.6550732	2.286931	0.9019797
5448	-73.19433	-114.532	41.33764	0.5453956	1.901067	1.417224
5454	-79.24381	-121.7412	42.49743	0.1175005	1.205213	1.233243
5460	-71.67563	-111.7923	40.11669	1.015604	6.155488	0.5622139
5466	-71.90245	-113.9184	42.01596	1.490854	0.8490517	0.4000547
5472	-70.56657	-112.7774	42.21082	1.267379	0.8490517	0.3559357
5478	-72.97385	-115.2004	42.22659	1.297127	0.8490517	0.4463512
5484	-79.8363	-119.1688	39.33253	1.297127	8.51819	0.6180681
5490	-80.72599	-120.7114	39.98538	1.272864	5.545433	0.6365198
5496	-76.41769	-117.7937	41.37597	0.2987991	3.419733	0.9689861
5502	-77.70711	-118.2085	40.50144	0.124761	2.128167	2.199013
5508	-84.20777	-124.9404	40.73267	0.4951425	1.244786	2.199013
5514	-75.66766	-116.8087	41.14109	0.2535939	4.737132	0.7824824
5520	-74.40879	-117.2847	42.87592	0.1957281	0.9855191	1.005677
5526	-78.06185	-119.5747	41.51282	0.661286	2.051883	1.100599
5532	-77.60773	-119.0923	41.48454	0.6503941	2.202289	1.058776
5538	-78.48362	-120.2583	41.77468	0.1036685	1.977954	1.384942
5544	-75.56978	-117.5415	41.97176	0.6016343	1.976721	0.6878909
5550	-67.34417	-109.5709	42.22677	0.5099485	1.453619	0.9320998
5556	-74.77756	-117.481	42.70342	0.05508432	1.237792	1.082071
5562	-80.08235	-121.759	41.67665	0.3964879	1.482146	1.486669
5568	-74.57164	-116.3358	41.76417	0.07182863	2.237211	1.30233
5574	-75.06911	-117.7542	42.68508	0.3448985	1.036274	0.9970092
5580	-75.88225	-118.3149	42.43262	0.6959836	1.177686	0.7180003
5586	-74.11034	-115.6909	41.58057	0.5842218	2.557584	0.8329718
5592	-73.85535	-114.7298	40.87445	0.9723375	2.628747	1.125458
5598	-75.4816	-117.4382	41.95662	0.171836	1.773788	1.285748
5604	-71.25098	-114.3839	43.1329	0.5829137	0.6946824	0.4727991
5610	-71.15991	-113.8215	42.66164	0.6066218	0.7631996	1.054213
5616	-76.81567	-120.1172	43.30157	0.3703143	0.3733326	1.231557
5622	-78.4677	-119.5444	41.07672	0.3941855	2.316521	1.551365
5628	-75.41877	-117.907	42.48822	0.1997742	0.8415905	1.461501
5634	-72.73504	-115.614	42.87893	0.2911753	0.4886527	1.462369
5640	-76.56957	-118.41	41.84045	0.2911753	2.116066	1.106109
5646	-83.87309	-127.372	43.49895	0.512006	0.453526	0.7131808
5652	-79.48189	-121.872	42.39014	0.1686972	1.314444	1.203005
5658	-76.43036	-119.2042	42.77385	0.4628284	0.7025917	1.152893
5664	-73.20155	-115.7087	42.50714	1.086772	0.7025917	0.7769415
5670	-75.5332	-116.919	41.38585	1.144089	2.094022	0.6381298
5676	-86.0086	-127.223	41.21443	1.144089	2.463563	0.56548
5682	-79.47307	-121.9536	42.48058	0.1122959	1.863276	0.7668452
5688	-74.06776	-116.2277	42.15993	0.6482925	1.584809	0.7185055
5694	-74.54302	-115.8569	41.31391	1.27037	2.053687	0.522494
5700	-84.02359	-125.8159	41.79236	0.8370984	1.784102	0.7856204
5706	-81.70859	-123.8891	42.18049	1.436532	0.6579531	0.825129
5712	-78.65821	-121.0397	42.38151	0.2258603	1.33162	1.148697
5718	-80.52039	-122.1867	41.66628	0.02051311	1.904052	1.563572
5724	-75.90959	-119.4443	43.53467	0.2607053	0.3901151	1.093816
5730	-73.8602	-116.2802	42.41996	0.6686814	1.21598	0.7285725
5736	-71.97134	-114.7696	42.79824	0.9396216	0.6325026	0.7001491
5742	-70.8941	-115.0238	44.12966	0.2815591	0.236119	0.8149806
5748	-75.38372	-118.8628	43.47904	0.5501528	0.3903178	0.8514915
5754	-76.42585	-118.4937	42.06781	1.433401	0.8534854	0.6169349
5760	-72.44541	-113.4687	41.02329	0.53328	3.575228	1.028886
5766	-74.91738	-116.611	41.69361	0.3325662	1.65758	1.427693
5772	-78.70213	-120.6553	41.9532	1.114047	1.338251	0.5145932
5778	-75.74659	-117.3618	41.61525	0.3606247	2.627151	1.004377
5784	-80.78193	-120.7109	39.92893	1.771836	4.124285	0.4776271
5790	-74.64972	-116.2539	41.60416	0.7370747	2.362942	0.7211624
5796	-75.65519	-117.4663	41.81107	1.687183	0.6688265	0.2230166
5802	-81.3237	-119.8543	38.53064	1.687183	9.591755	0.2235988
5808	-77.10682	-119.2061	42.09924	1.940567	0.3539121	0.2312209
5814	-75.06582	-118.4118	43.34599	1.664736	0.07105767	0.2869804
5820	-77.60946	-119.1683	41.55884	0.8207548	2.123791	0.8457971
5826	-75.11019	-117.1388	42.02862	0.8312606	1.175298	1.037439
5832	-69.21744	-112.5019	43.28447	1.532723	0.1370368	0.3630307
5838	-69.83128	-110.8735	41.04218	1.256942	2.236143	0.8684623
5844	-68.82532	-111.1869	42.36153	1.192973	0.8240269	0.5460917
5850	-70.80283	-111.3178	40.51493	1.194326	3.558067	0.2516852
5856	-77.78137	-117.2265	39.44511	1.348221	6.582527	0.2252037
5862	-78.43165	-118.1597	39.72809	1.348221	6.395057	0.441494
5868	-73.87117	-116.1433	42.2721	0.3347481	1.768927	0.828193
5874	-69.22926	-111.4864	42.25718	0.5205997	1.171925	1.116867
5880	-73.19646	-115.6868	42.49031	0.01550527	1.524168	1.107882
5886	-74.05161	-117.2044	43.15281	0.1642249	0.679627	1.107882
5892	-80.13751	-121.1896	41.05212	0.6740851	2.404734	1.320428
5898	-75.02426	-115.8762	40.85196	1.234672	3.079523	0.5067515
5904	-72.842	-115.8511	43.00908	1.046525	0.4544761	0.6200427
5910	-71.83308	-115.4289	43.5958	0.02041052	0.5045601	1.069823
5916	-71.16861	-113.6057	42.43705	0.1133886	0.8558123	1.552417
5922	-84.50902	-125.3946	40.88557	0.06642364	1.429848	2.28091
5928	-77.00551	-119.1905	42.18502	0.6248597	0.9401934	1.28079
5934	-72.82141	-114.7207	41.89934	0.6022527	2.133409	0.6519821
5940	-71.26644	-113.2126	41.94613	1.038231	1.380585	0.674756
5946	-76.79435	-118.9698	42.17547	1.092899	1.033429	0.7081449
5952	-80.47272	-122.5693	42.09653	1.092899	1.033429	0.8224185
5958	-77.55067	-119.2387	41.688	1.666019	0.9883269	0.3920053
5964	-82.54232	-124.7278	42.18543	1.567222	0.5450896	0.2579382
5970	-78.2937	-120.4834	42.18972	1.567222	0.6648352	0.4937466
5976	-72.30465	-113.5171	41.21245	1.428852	1.931368	0.4159454
5982	-70.86965	-112.8714	42.0018	1.428852	0.9403385	0.5036309
5988	-81.48837	-120.0808	38.59239	1.705971	10.69158	0.5036309
5994	-84.16763	-124.331	40.16336	1.249463	4.096076	0.2061647
6000	-86.00827	-123.496	37.48776	2.126951	13.65133	0.2101574
6006	-76.25186	-113.6096	37.35778	2.126951	13.55133	0.1673544
6012	-74.54666	-111.5575	37.01085	1.860497	18.42101	0.1458466
6018	-72.6512	-113.0204	40.36915	1.644794	2.725696	0.233999
6024	-70.64959	-113.2192	42.56958	0.8687431	0.6988441	0.966156
6030	-69.08718	-111.5681	42.48093	0.8687431	0.9811503	0.6528155
6036	-73.43732	-116.2327	42.79542	0.8687431	0.688791	0.695394
6042	-70.16283	-112.0974	41.93454	0.8687431	1.373934	0.9263572
6048	-74.40957	-115.4481	41.03852	0.5929182	3.644129	0.9263572
6054	-77.23847	-118.1539	40.91548	1.372172	2.62366	0.4767469
6060	-77.84119	-118.3145	40.47335	0.8083168	3.985681	1.149276
6066	-79.95942	-120.6634	40.70398	0.1343098	7.4354	0.612233
6072	-82.15509	-122.3032	40.1481	0.1992938	9.402805	0.8303666
6078	-74.79835	-116.1154	41.31707	0.08973965	4.192339	0.9653263
6084	-72.76699	-113.7507	40.98366	0.4068211	4.194605	0.981352
6090	-70.19423	-111.46	41.26575	1.845955	0.7232442	0.1369641
6096	-77.22475	-119.6531	42.42834	0.3516128	1.678837	0.3744812
6102	-74.93266	-117.3955	42.46286	0.0542992	1.926303	0.8172314
6108	-78.28065	-118.715	40.43434	0.7867017	4.261737	1.12244
6114	-70.30496	-112.7409	42.43592	0.1286597	0.9533047	1.463177
6120	-73.19207	-114.4727	41.28061	0.5303794	1.573123	1.631194
6126	-74.9976	-115.9347	40.93712	0.3744566	4.891819	0.8328517
6132	-73.62798	-115.859	42.23103	0.5459603	0.8132197	1.418349
6138	-73.13818	-115.4643	42.3261	0.03064973	1.743783	1.10607
6144	-71.17525	-114.9084	43.73313	0.01669331	0.6044875	0.7454458
6150	-69.45663	-111.1469	41.69032	0.3064749	2.765319	0.9157466
6156	-72.26501	-113.4732	41.2082	0.2713037	2.176006	1.600167
6162	-74.48544	-116.2238	41.73835	0.008661168	1.773449	1.579443
6168	-70.61077	-113.219	42.60821	0.1706702	1.686303	0.6421549
6174	-76.41451	-117.2119	40.7974	0.1152282	3.413435	1.60293
6180	-77.73519	-119.0329	41.29767	0.3662936	3.839673	0.8053496
6186	-78.03186	-119.4822	41.4503	0.6018962	1.286022	1.615332
6192	-73.12863	-115.6611	42.53246	0.4575152	1.130691	0.9466117
6198	-72.93131	-115.3262	42.39486	1.136988	0.8269468	0.6158154
6204	-75.53721	-116.3451	40.80785	1.278118	3.074856	0.5375997
6210	-71.47765	-113.396	41.91839	0.9035802	1.097875	1.137665
6216	-72.98605	-115.0948	42.10871	0.868817	1.45436	0.501294
6222	-83.78098	-124.2831	40.50209	0.8379671	1.837156	1.838646
6228	-71.60644	-115.2563	43.64984	0.3820619	0.3953399	0.8361402
6234	-73.48064	-115.4124	41.93173	0.1041797	1.982463	1.255939
6240	-77.37234	-119.5058	42.1335	0.05255479	1.740765	1.255939
6246	-71.83337	-113.7277	41.89431	0.1229661	2.013383	1.256337
6252	-73.4153	-115.4041	41.98878	0.05375279	0.9591298	1.834178
6258	-74.05394	-116.9742	42.92027	0.3837621	0.9761123	0.7426968
6264	-72.8623	-115.7927	42.93035	0.07479197	0.9761123	1.078793
6270	-68.71973	-111.3729	42.65319	0.7984211	0.9199317	0.5177003
6276	-68.85268	-110.8399	41.98719	0.07798238	2.480796	0.9857413
6282	-73.33805	-115.1726	41.83452	1.16943	1.404198	0.5808432
6288	-71.03619	-113.44	42.40385	1.019493	0.9367945	0.4292995
6294	-67.98547	-109.9635	41.97799	0.168117	1.637827	1.344426
6300	-72.09226	-113.4549	41.36268	0.9711625	2.499299	0.591356
6306	-69.0685	-110.0692	41.00074	0.515325	3.072672	1.24148
6312	-70.02405	-112.619	42.59497	0.4475619	0.775304	1.24148
6318	-80.81359	-122.9863	42.17268	0.6378741	1.331107	0.9549432
6324	-73.47159	-116.0813	42.60968	0.3690822	0.8972019	1.176994
6330	-71.35188	-113.8331	42.48126	0.869285	0.9245644	0.7533227
6336	-69.79928	-112.4808	42.68155	0.7850309	0.9042098	0.5360497
6342	-73.898	-114.9602	41.06216	1.272062	2.323266	0.3055335
6348	-75.75864	-118.4517	42.69308	0.7840886	0.7864197	0.7939855
6354	-74.76599	-117.2665	42.50054	0.8514444	0.8835788	0.8125253
6360	-72.81903	-115.8035	42.98446	0.6714187	0.7345648	0.575376
6366	-74.20818	-116.7265	42.51837	1.183489	0.7065335	0.5063173
6372	-69.37125	-111.7679	42.39665	0.3147693	1.323907	1.059248
6378	-74.09132	-115.7943	41.70294	0.007212278	2.923783	1.12828
6384	-79.43073	-120.7751	41.34436	0.001317124	2.643423	1.524186
6390	-76.60374	-117.3043	40.70057	1.018251	3.831321	0.7308129
6396	-68.68137	-110.2607	41.57936	1.018251	2.029968	0.4745133
6402	-83.82525	-126.9547	43.12949	0.4435147	0.7103896	0.7918769
6408	-82.67753	-124.8139	42.13639	0.4781987	1.823977	0.7709423
6414	-67.97466	-111.447	43.47235	0.04030786	0.7583064	0.7920482
6420	-77.50846	-120.3833	42.87484	0.003271091	0.4573491	1.714922
6426	-73.90385	-116.4247	42.52087	0.06996934	1.923266	0.7133013
6432	-74.22727	-115.9182	41.69091	0.2648267	1.47326	1.578701
6438	-70.33286	-112.2711	41.93824	0.6145818	1.851283	0.8304248
6444	-75.57299	-117.6277	42.05472	0.09270854	1.851283	1.229226
6450	-71.51172	-112.8548	41.34306	0.08101736	2.224056	1.6214
6456	-69.69982	-113.0769	43.3771	0.3866559	0.4972224	0.934478
6462	-73.79298	-115.1804	41.38741	0.4411927	3.335514	0.832297
6468	-71.31915	-113.6636	42.3445	0.7113903	0.9936812	1.013139
6474	-67.08197	-109.6975	42.61553	0.5544132	1.092194	0.7732834
6480	-65.46623	-107.0992	41.63296	0.07303896	3.014051	1.096931
6486	-65.41827	-107.1899	41.77166	0.2772651	1.899694	1.286188
6492	-70.35214	-112.6388	42.28671	0.5096164	0.9819401	1.256476
6498	-73.79605	-115.0469	41.25082	0.891064	2.489682	0.899302
6504	-67.70273	-109.5597	41.85699	0.7812754	1.368231	1.09451
6510	-66.96346	-109.1162	42.1527	0.3531745	1.368231	1.211468
6516	-71.64598	-113.8824	42.23639	0.2623562	1.176333	1.348766
6522	-77.58515	-118.2661	40.68092	0.7155708	4.058148	1.02011
6528	-78.00203	-118.9689	40.96683	0.2985534	3.504846	1.307308
6534	-74.9124	-115.8103	40.89793	0.8446709	3.504846	0.8583291
6540	-75.44839	-116.7345	41.28607	0.1768048	2.080611	1.650661
6546	-69.50827	-110.8394	41.3311	0.6775957	3.043475	0.7478319
6552	-71.39816	-112.9348	41.53661	0.4818357	1.889135	1.31619
6558	-73.32914	-115.7419	42.41281	0.08911628	1.930336	0.8334705
6564	-78.29094	-119.3007	41.00981	0.05019882	5.518933	0.9270582
6570	-71.05887	-113.2701	42.21118	0.8914728	1.288306	0.5549724
6576	-69.22555	-112.1643	42.93878	0.382073	0.9180413	0.8044964
6582	-72.4435	-114.7315	42.28802	0.7772285	1.23425	0.7406559
6588	-77.94112	-120.651	42.70989	0.7772285	0.8735641	0.5929849
6594	-75.66938	-118.199	42.52963	0.7130151	1.045947	0.7304005
6600	-79.65595	-112.9332	33.27728	2.316216	88.29758	0.1030067
6606	-83.37163	-118.3498	34.97816	2.316216	51.97253	0.2602152
6612	-78.71316	-122.0664	43.35325	0.5164084	0.4838589	0.838585
6618	-79.51969	-121.0472	41.52751	0.6804748	2.208927	0.9836521
6624	-76.43059	-117.8418	41.41124	0.8107816	2.186233	0.9819426
6630	-72.98237	-114.5713	41.58893	0.2913293	2.592632	1.110695
6636	-75.6996	-120.0804	44.3808	0.003955417	0.2596298	0.7669329
6642	-69.72659	-112.3066	42.58004	0.2498834	1.552796	0.7201574
6648	-71.67741	-114.8329	43.15551	0.2498834	0.7440795	0.9402157
6654	-77.80744	-119.7255	41.91802	0.1208302	2.155913	1.169082
6660	-77.74628	-119.4027	41.65638	0.8425942	2.206054	0.5250008
6666	-79.02545	-122.2188	43.19338	1.037399	0.3637044	0.6134305
6672	-70.9013	-112.7452	41.84393	0.6495506	1.877846	0.8819851
6678	-74.75882	-116.3472	41.58835	0.3989743	3.132306	0.7236346
6684	-78.24552	-118.1063	39.86074	0.9782365	7.025243	0.7669396
6690	-77.78654	-118.9193	41.13279	1.618228	1.77003	0.443661
6696	-67.98319	-110.4746	42.49144	0.4694233	1.147378	0.96131
6702	-70.14458	-111.0252	40.88065	0.9772614	3.629821	0.5910071
6708	-73.99559	-113.1092	39.11357	0.8351185	12.84477	0.6815182
6714	-70.64472	-109.4233	38.77854	1.222833	12.84477	0.5180853
6720	-78.4956	-116.735	38.2394	1.222833	15.04109	0.9707813
6726	-79.50391	-120.2766	40.77273	0.3767637	5.653616	0.7763989
6732	-71.1982	-112.5088	41.31055	1.192914	1.838508	0.8984779
6738	-75.32494	-116.219	40.89406	1.169371	2.379383	1.037887
6744	-76.14314	-118.4821	42.33896	0.922148	0.801997	1.016109
6750	-76.27516	-119.7709	43.49574	0.5695498	0.3666568	0.8649628
6756	-77.30584	-119.2154	41.90952	0.9395155	1.605403	0.6045385
6762	-76.79579	-119.9304	43.13458	0.3646494	0.60893	1.028453
6768	-75.5778	-118.811	43.23319	0.5266152	0.60893	0.7196283
6774	-84.50156	-125.1459	40.64434	1.445679	2.861303	0.7434331
6780	-78.47359	-120.6814	42.20783	1.174281	0.9817068	0.5565106
6786	-79.99337	-121.6951	41.70171	1.411048	1.282851	0.4954525
6792	-82.11908	-122.7935	40.6744	0.3852127	2.490176	1.782352
6798	-80.04737	-120.8851	40.83768	0.0890253	2.83101	1.763766
6804	-80.18346	-121.7206	41.53719	0.06883684	1.299766	1.918855
6810	-79.70163	-118.5299	38.82828	1.210509	4.669868	1.918855
6816	-69.19804	-110.9874	41.78935	0.8703953	1.694108	0.8234391
6822	-75.41408	-116.1977	40.78364	0.5531173	2.325778	1.645475
6828	-72.45781	-114.0167	41.55885	0.4902201	1.856891	1.307541
6834	-72.8458	-115.1545	42.30866	0.423743	1.354443	1.015372
6840	-74.93887	-117.5807	42.64182	1.04526	0.7150401	0.5455109
6846	-69.0077	-110.0811	41.07342	1.21002	2.471936	0.3268424
6852	-81.48634	-122.2246	40.73827	1.192907	3.123791	0.8095506
6858	-75.16845	-117.8645	42.69609	0.8388368	0.8163106	0.6385897
6864	-80.35795	-122.7039	42.34595	0.8388368	0.7220734	1.176428
6870	-72.12944	-115.4082	43.2788	0.4968548	0.4540861	0.9986885
6876	-73.91905	-116.0577	42.13861	0.09025571	2.14372	0.9986885
6882	-72.81805	-115.7404	42.92233	0.2548911	0.5498732	1.380786
6888	-72.61643	-115.2829	42.66645	0.2264844	0.9038618	1.243985
6894	-73.49269	-115.9813	42.48863	0.2239924	0.792213	1.486294
6900	-73.34402	-115.7808	42.43679	1.080704	0.7998177	0.3362215
6906	-72.17099	-115.3858	43.21483	0.2199901	0.7959507	0.8341883
6912	-83.40748	-124.2095	40.80207	0.002202648	1.447419	2.366531
6918	-76.24598	-118.1188	41.87284	0.5025247	1.350874	1.330434
6924	-76.88555	-118.9498	42.06429	0.5895186	0.7141355	1.601082
6930	-77.15148	-119.4885	42.33702	0.2000862	1.665892	0.9826005
6936	-75.3359	-117.7086	42.37267	0.09403352	1.841312	0.9369365
6942	-75.70773	-116.9284	41.22067	0.03329697	1.841312	1.895661
6948	-74.25101	-115.8522	41.60115	0.05338775	1.841312	1.615374
6954	-79.3238	-120.9619	41.63814	0.6020135	2.396225	0.8386703
6960	-81.24556	-121.8123	40.56672	0.779913	4.559907	0.9064011
6966	-75.83	-118.2514	42.42145	0.3122017	1.357685	1.011601
6972	-71.43568	-112.8742	41.43854	1.306057	1.357685	1.000719
6978	-70.24159	-111.9479	41.70627	1.1295	1.629743	0.416743
6984	-68.39181	-110.3604	41.96857	0.925953	1.5554	0.5700583
6990	-70.29335	-111.4375	41.14418	0.925953	3.042076	0.3835312
6996	-68.92505	-110.8633	41.93825	0.8323449	1.679728	0.6689287
7002	-70.96223	-113.5631	42.60088	0.1101477	1.362451	1.030073
7008	-69.87394	-112.0066	42.13267	0.1448475	1.488206	1.324474
7014	-70.78641	-112.6691	41.88269	0.2287843	2.872323	0.7006173
7020	-77.96074	-119.5502	41.58942	0.9930028	1.77367	0.8545276
7026	-69.41774	-112.5366	43.11889	0.4038712	0.7112361	0.8545276
7032	-80.48315	-122.194	41.71089	0.1821244	3.474753	0.6490107
7038	-75.49819	-116.5969	41.09866	0.7017078	1.322704	1.772741
7044	-76.89348	-119.2018	42.30827	1.102391	0.7103625	0.9792635
7050	-71.8271	-113.6859	41.85885	0.5012199	1.731692	1.110263
7056	-75.99691	-117.6602	41.6633	0.1609811	1.899629	1.462901
7062	-84.18762	-125.275	41.08735	1.213725	2.392608	0.7596451
7068	-78.78936	-120.8471	42.05777	1.213725	1.064084	0.6454064
7074	-77.23912	-117.8765	40.63742	1.226187	3.578265	0.3908461
7080	-78.6815	-119.5755	40.89403	0.03433171	2.991942	1.713433
7086	-75.59586	-118.6743	43.07846	0.1177765	0.6525904	1.244762
7092	-76.57119	-118.3379	41.76674	0.04463468	1.751115	1.542742
7098	-68.58239	-111.4315	42.84912	0.2134827	0.981094	1.019043
7104	-70.60834	-113.5055	42.89717	0.3694374	0.8540349	0.949531
7110	-69.91689	-112.909	42.99211	0.2176994	0.8367998	1.026828
7116	-68.98379	-111.5068	42.523	1.075253	0.728066	0.3293773
7122	-82.89068	-125.8498	42.95908	1.165752	0.2091008	1.181972
7128	-71.56492	-115.4543	43.88942	0.8578904	0.1565272	0.6692447
7134	-71.63592	-113.6125	41.97656	0.9620544	1.498969	0.5556217
7140	-70.55327	-113.1668	42.61348	0.2833937	0.89789	1.246085
7146	-68.48639	-111.0427	42.55636	0.329863	0.9642318	1.195829
7152	-65.97707	-106.801	40.82393	0.5655836	4.826285	0.7526881
7158	-68.9302	-110.2579	41.32774	0.2350368	4.462726	0.6360589
7164	-67.25082	-107.6978	40.447	1.053176	4.482104	0.7401997
7170	-67.07977	-105.8836	38.80385	1.144768	13.03895	0.3894196
7176	-63.37771	-104.9799	41.60223	0.673962	2.471854	0.7371275
7182	-72.22817	-112.238	40.00986	0.3197596	7.462077	1.200624
7188	-70.69669	-112.4365	41.73985	0.3273765	1.907895	1.26704
7194	-77.24689	-117.6595	40.41259	0.3509256	2.648292	1.93291
7200	-76.22303	-117.2443	41.02131	0.2314046	3.468973	1.328387
7206	-78.86409	-120.1651	41.30103	0.2584939	2.592025	1.379615
7212	-78.14432	-119.6615	41.5172	1.079273	1.730019	0.8715989
7218	-82.38832	-122.7447	40.35638	0.2917781	1.453712	2.461988
7224	-76.91322	-119.3722	42.45899	0.6139473	1.330767	0.5194914
7230	-71.83061	-115.0821	43.2515	0.9171403	0.4057529	0.4749173
7236	-76.71643	-118.7963	42.0799	0.6936163	0.9839851	1.273624
7242	-74.36569	-117.1222	42.75653	0.7951035	0.7240717	0.797114
7248	-83.82601	-124.2023	40.37631	0.9104354	4.608727	0.9552203
7254	-71.19871	-114.5348	43.3361	0.184064	0.6284623	0.9799288
7260	-74.58938	-116.2513	41.66189	0.2236142	2.653481	1.079374
7266	-74.30958	-117.3342	43.02464	0.3554615	0.7028686	1.019537
7272	-77.58698	-119.2955	41.70857	1.033582	1.779444	0.5727807
7278	-72.97984	-115.5661	42.58624	0.8990903	0.8868592	0.5367539
7284	-80.52582	-122.2354	41.70958	0.8990903	2.005956	0.4551779
7290	-82.48363	-124.054	41.5704	0.86151	1.903676	0.9329246
7296	-77.8452	-118.9672	41.12205	0.6434047	3.274534	0.9329246
7302	-74.42754	-116.5574	42.12991	0.6434047	1.009331	1.252761
7308	-70.46273	-111.7217	41.25897	0.6434047	2.817633	0.990334
7314	-71.33516	-113.5645	42.22933	0.1946957	1.604432	1.130237
7320	-72.9814	-113.0245	40.04312	0.9713378	4.519427	1.232153
7326	-72.70374	-114.6183	41.91458	0.7464892	1.640567	0.8662006
7332	-69.06548	-111.558	42.49254	0.8538924	0.849585	0.8662006
7338	-70.49718	-112.9644	42.46719	0.307623	0.7131734	1.512862
7344	-69.14622	-111.6556	42.50933	1.532458	0.476345	0.5190531
7350	-67.498	-111.0642	43.56619	0.4523352	0.3980788	0.8460869
7356	-76.19514	-119.5086	43.31341	0.8330899	0.3980788	0.6511827
7362	-76.63945	-118.7169	42.07747	0.3029531	2.360408	0.6511827
7368	-76.76309	-118.4802	41.7171	1.262893	1.442305	0.5598442
7374	-83.18144	-125.3758	42.19433	1.089775	1.032529	0.6816521
7380	-75.79259	-119.7945	44.00195	0.4987658	0.2465294	0.6179413
7386	-75.79437	-117.2291	41.43468	1.34287	1.727943	0.5649149
7392	-67.20734	-111.2311	44.02378	0.101005	0.3747802	0.7666407
7398	-69.134	-111.2964	42.1624	1.240499	0.9429891	0.6203062
7404	-73.03818	-114.7862	41.74799	1.202627	1.306808	0.816373
7410	-73.93314	-115.9274	41.99428	1.178692	1.071688	0.7957569
7416	-68.35882	-110.7873	42.42846	1.242933	0.7278113	0.4602541
7422	-78.65972	-121.4557	42.79597	0.2797049	0.9167449	1.070707
7428	-72.52108	-114.0971	41.57599	0.6556054	1.119487	1.590336
7434	-73.48118	-115.9918	42.51058	1.300292	0.4200184	0.1948241
7440	-73.547	-117.2992	43.75218	0.7279288	0.2558248	0.4055181
7446	-71.08508	-113.0571	41.97201	1.071486	1.342862	0.4055181
7452	-74.31641	-116.7011	42.38469	0.5501873	0.7939922	1.311583
7458	-74.4474	-117.3734	42.92599	0.5501873	0.7344327	0.8747995
7464	-74.83793	-117.3628	42.5249	0.3702677	1.15501	1.020702
7470	-71.89456	-113.4648	41.57025	0.5676703	2.805305	0.7063662
7476	-72.71931	-115.0237	42.3044	0.310826	1.383671	1.104527
7482	-82.40604	-124.6553	42.2493	0.2129345	0.7668945	1.691333
7488	-80.33812	-123.2791	42.94097	0.4962378	0.5682323	1.141686
7494	-75.27453	-117.748	42.47346	0.6603841	0.8554769	1.079025
7500	-82.00237	-124.609	42.60665	0.3242807	1.136272	1.002054
7506	-79.95282	-122.4064	42.45357	0.2928535	1.678322	0.7142957
7512	-80.85566	-123.4995	42.64379	0.7000343	1.016473	0.5718776
7518	-81.96779	-123.276	41.30818	0.8527999	2.88356	0.5718776
7524	-76.40562	-118.0768	41.67118	0.1547233	2.290708	1.28737
7530	-81.80125	-124.0259	42.22469	1.136127	0.9861186	0.4007437
7536	-80.06193	-122.6669	42.60495	1.447698	0.3956587	0.2819825
7542	-83.56317	-124.468	40.90483	0.04742728	1.715749	2.149812
7548	-77.45327	-119.3453	41.89204	0.5834781	1.56127	1.1112
7554	-77.55083	-119.6886	42.13775	1.005138	1.131448	0.7600788
7560	-78.217	-119.595	41.37804	0.4712027	3.171191	0.8858826
7566	-70.44138	-111.9907	41.5493	0.02923499	2.30193	1.476716
7572	-72.93175	-114.8364	41.90466	0.1038144	1.560965	1.492253
7578	-73.64346	-116.0005	42.35702	0.3121809	1.036945	1.315787
7584	-73.86761	-115.9872	42.11959	0.9213194	1.257137	0.7482121
7590	-74.15618	-116.3669	42.21071	0.5628869	1.668726	0.6775101
7596	-72.73056	-114.7248	41.9942	0.410303	1.37387	1.292187
7602	-71.40942	-113.5236	42.11415	0.4509943	1.465729	1.092948
7608	-76.67809	-119.2706	42.59248	0.5258386	0.5693392	1.403543
7614	-81.68422	-122.7996	41.11539	0.9064746	0.6700292	2.075838
7620	-77.17413	-119.7567	42.58257	0.1911371	0.9706335	1.284617
7626	-69.87232	-112.7436	42.87128	0.1602952	0.9706335	1.059216
7632	-80.71562	-124.7236	44.00801	0.3345461	0.3196925	0.5512449
7638	-73.77551	-116.485	42.70945	0.6721915	0.6781039	1.049547
7644	-71.22335	-114.0951	42.87172	1.30328	0.4029154	0.5137618
7650	-74.98713	-117.3403	42.35312	1.527259	0.5723903	0.4383919
7656	-80.50857	-122.7121	42.20357	1.527259	0.6118571	0.3084908
7662	-76.42076	-119.0065	42.58577	1.626641	0.3642712	0.3721556
7668	-77.89911	-119.792	41.89291	1.626641	0.7676956	0.3038979
7674	-71.6031	-114.9178	43.31474	1.485716	0.1097581	0.2630096
7680	-72.69534	-115.0876	42.39225	0.3367295	0.9483686	1.339309
7686	-75.43845	-118.0895	42.65107	0.01811099	0.9483686	1.386539
7692	-74.76751	-116.2169	41.44939	0.05361256	1.927731	1.685964
7698	-71.27075	-114.1593	42.88856	0.009522043	1.209395	0.9695958
7704	-66.58746	-110.1745	43.58706	0.3287855	0.388041	0.9813915
7710	-75.6276	-118.643	43.01536	0.8870672	0.4466287	0.8769153
7716	-78.93491	-121.1122	42.17724	0.6405652	1.059404	1.173363
7722	-72.64253	-114.1481	41.50558	0.6154132	1.839315	1.257582
7728	-69.76318	-111.6048	41.84157	0.02157814	3.102663	0.9019771
7734	-72.89268	-113.8748	40.98208	0.3308549	4.468911	0.9721265
7740	-66.79968	-109.9116	43.11197	0.6242897	0.6714982	0.5807977
7746	-67.3349	-110.3259	42.99096	0.08567833	1.04605	0.9389237
7752	-71.13719	-112.7034	41.56622	0.7638793	2.526861	0.4509634
7758	-65.77188	-108.0314	42.25952	0.08759521	1.76624	1.10154
7764	-69.5663	-112.5869	43.0206	0.6988899	0.6299012	0.73641
7770	-80.08035	-121.2303	41.14991	0.6462206	2.555766	1.200484
7776	-79.9244	-122.2349	42.31047	0.6462206	0.9071625	1.186804
7782	-86.2016	-126.4605	40.25892	2.38251	1.07749	0.1222767
7788	-84.83801	-125.1919	40.35387	2.38251	1.694611	0.3344454
7794	-74.48781	-117.3272	42.83934	1.403484	0.3614434	0.4183012
7800	-77.02524	-119.2008	42.17554	0.1250783	2.262633	0.8497352
7806	-69.2365	-112.3257	43.08921	0.5027391	0.661819	0.8497352
7812	-72.92708	-114.4981	41.57103	0.2559347	2.235976	1.310188
7818	-68.03017	-111.1443	43.11415	0.1105126	0.8231296	1.027653
7824	-68.09481	-110.8556	42.76077	0.08499664	1.088118	1.124511
7830	-68.70948	-112.186	43.4765	0.04112973	0.6545303	0.9449675
7836	-69.11336	-112.215	43.10166	0.2452763	1.00158	0.6099107
7842	-70.2282	-113.2237	42.99552	0.319264	1.008962	0.6672077
7848	-74.48073	-115.7128	41.23205	0.8376159	3.091823	0.4266471
7854	-81.34233	-123.2749	41.93257	0.9146927	1.564218	0.6751482
7860	-77.38886	-118.4426	41.05378	1.424429	2.244886	0.5230234
7866	-78.44085	-121.4873	43.04644	1.424429	0.2675207	0.4997967
7872	-78.11379	-120.0978	41.98401	1.593142	0.7949904	0.4174881
7878	-74.93457	-116.5732	41.63867	1.211067	1.516827	0.3242567
7884	-74.62856	-116.3432	41.71467	1.211067	1.516827	0.5547007
7890	-72.9428	-116.0752	43.13237	0.9810014	0.3804686	0.7666679
7896	-80.79917	-124.5079	43.70869	0.8664845	0.1796901	0.8166311
7902	-81.75735	-124.6269	42.86952	0.4857573	1.001026	0.5861511
7908	-73.8956	-116.6085	42.71288	0.2827772	0.4047911	1.699928
7914	-76.41863	-120.0366	43.61799	0.3175102	0.4460156	0.8385706
7920	-81.66027	-123.449	41.78873	0.8556168	1.007344	1.358889
7926	-72.53516	-115.4304	42.89527	0.8871773	0.5471406	0.8193275
7932	-73.86198	-116.6015	42.7395	1.133766	0.581635	0.4724416
7938	-72.69105	-114.7739	42.08286	1.245946	0.968768	0.7151778
7944	-73.73195	-114.8443	41.11234	0.7956886	2.737261	1.020838
7950	-76.59451	-118.4249	41.83044	0.3220731	2.13492	1.077113
7956	-71.65099	-114.6903	43.03933	0.1048741	0.7128317	1.221371
7962	-70.43414	-113.3161	42.88196	0.3023788	0.769936	1.124217
7968	-68.19169	-110.8843	42.69264	0.7256989	0.9443561	0.5665307
7974	-70.58212	-113.0191	42.43695	0.5989646	1.053514	0.9740603
7980	-75.45747	-116.8833	41.42588	0.03176611	2.579959	1.462674
7986	-75.68453	-117.497	41.81251	0.6657774	2.0751	0.7502918
7992	-73.57356	-117.2092	43.63561	0.07429866	0.3009229	1.32895
7998	-70.77941	-114.4687	43.68932	0.4628354	0.353376	0.7898245
8004	-74.99352	-118.5976	43.60406	1.264206	0.1183511	0.3394574
8010	-74.71199	-118.2052	43.49318	1.264206	0.1648376	0.569232
8016	-75.52208	-119.1018	43.57973	1.264206	0.1397355	0.4339595
8022	-77.39174	-120.845	43.45329	1.268404	0.1776009	0.5384694
8028	-80.98406	-124.4262	43.44215	1.752577	0.05931762	0.4669339
8034	-78.29453	-120.8235	42.52895	1.752577	0.341735	0.4116851
8040	-79.23182	-121.2823	42.05049	0.2465561	0.7994939	1.77991
8046	-77.28586	-119.4362	42.15035	0.7761054	1.185646	0.9616668
8052	-72.88176	-116.1717	43.28994	0.2369945	0.6233688	0.9803536
8058	-74.96417	-117.4919	42.52778	0.07394407	1.077534	1.338693
8064	-80.38063	-122.5275	42.14689	0.1923399	0.6046464	1.92497
8070	-77.3634	-119.8761	42.51274	0.07157702	0.8223256	1.555572
8076	-70.02452	-112.3812	42.35671	0.1899671	1.430446	1.133868
8082	-74.93113	-118.6575	43.72641	0.02581946	0.3178261	1.26305
8088	-75.44432	-116.439	40.99468	0.1460351	1.900952	1.947286
8094	-71.11364	-113.6596	42.54591	0.5121128	0.7010919	1.305254
8100	-75.53681	-118.5264	42.98958	0.1248241	0.5816409	1.392248
8106	-77.68538	-120.6984	43.01307	0.4737083	0.6087983	1.040687
8112	-74.55962	-116.3921	41.83246	0.3568724	1.474452	1.402168
8118	-72.84313	-114.8623	42.01921	0.2616039	1.371041	1.392542
8124	-66.27933	-107.9182	41.63885	0.09824951	2.345589	1.335979
8130	-64.27478	-106.4889	42.21414	0.7477315	1.468209	0.5531725
8136	-73.85401	-115.6303	41.77626	0.3488056	2.976877	0.4519284
8142	-74.65419	-118.0985	43.44434	0.03828912	0.5155712	1.174168
8148	-75.82039	-116.91	41.08958	0.4677721	4.003844	0.8680657
8154	-78.21327	-119.0901	40.87679	0.8385177	4.072369	0.5437628
8160	-70.3155	-112.6892	42.37368	0.2099077	0.9121749	1.48159
8166	-69.77181	-112.4423	42.67053	0.5833203	0.7696265	1.060452
8172	-68.0975	-110.0276	41.93013	0.615689	2.007719	0.704461
8178	-68.41219	-111.0742	42.66199	0.1399123	0.8252303	1.388177
8184	-69.10102	-111.2819	42.18089	0.7523768	1.040803	1.08584
8190	-66.51256	-107.9433	41.4307	0.384982	3.466829	0.7830455
8196	-72.69919	-114.8712	42.17202	0.5652737	1.447305	0.9366021
8202	-74.39274	-115.36	40.96728	1.069693	3.010739	0.7253074
8208	-76.99792	-120.4967	43.49877	1.069693	0.219374	0.6338483
8214	-77.31585	-118.3158	40.99994	1.06128	2.627252	0.2346338
8220	-80.69517	-120.6251	39.92991	2.264846	2.359603	0.2353396
8226	-74.73712	-115.5825	40.84533	1.629313	1.591416	0.1740459
8232	-75.02092	-112.8686	37.84764	1.629313	16.65302	0.3156602
8238	-74.33892	-112.9539	38.61501	1.394795	12.78199	0.4892945
8244	-70.31069	-110.3809	40.0702	0.5362656	8.700632	0.4189857
8250	-70.52883	-112.3835	41.85465	0.4875112	2.498134	0.4425369
8256	-72.58502	-114.3504	41.76543	0.07998582	3.502273	0.3310554
8262	-71.40197	-113.6353	42.23336	0.4559003	1.761046	0.3310554
8268	-67.40179	-110.5536	43.15179	0.8549715	0.4859819	0.407928
8274	-69.05583	-112.9607	43.90484	0.3427012	0.3235922	0.7450294
8280	-72.55248	-114.761	42.20856	0.1805163	1.473005	1.24231
8286	-69.74058	-111.8013	42.06072	0.2214936	1.995843	1.02938
8292	-69.25351	-109.9969	40.74337	0.9625702	4.102515	0.4621457
8298	-76.42502	-116.2312	39.80617	0.9141835	8.063444	0.4126184
8304	-75.90094	-118.959	43.05811	0.6961375	0.6606866	0.5676171
8310	-74.44265	-117.1859	42.74321	0.942394	0.7164323	0.5436432
8316	-68.97595	-112.707	43.73106	0.9339307	0.174142	0.334837
8322	-69.39236	-112.5779	43.18553	0.9280116	0.3983416	0.334837
8328	-70.45641	-114.6062	44.14982	0.1183965	0.3557696	0.5267972
8334	-71.10129	-114.4765	43.37518	0.5297464	0.5603223	0.5323929
8340	-68.12551	-110.6428	42.51726	0.3613245	1.286159	0.921363
8346	-72.60906	-115.3569	42.74784	0.5647414	1.055347	0.4633352
8352	-74.94359	-117.6969	42.75332	0.2009581	1.482156	0.4653998
8358	-77.78441	-120.8942	43.10978	0.5990759	0.6923058	0.5800881
8364	-74.33403	-117.5006	43.16655	1.181056	0.3194877	0.5128121
8370	-78.13434	-121.4268	43.29251	0.4697635	0.517385	0.8998175
8376	-74.72596	-117.9527	43.22677	0.6416995	0.517385	0.7666173
8382	-80.88996	-122.9228	42.03282	1.62492	0.7293443	0.5918488
8388	-78.57042	-120.8149	42.24452	0.8557701	1.250846	0.6534951
8394	-78.77912	-121.8613	43.08214	0.8591203	0.4692368	0.7774161
8400	-76.04542	-118.2219	42.17652	0.1389873	1.254929	1.438768
8406	-71.2588	-113.7748	42.51601	0.3296971	0.899322	1.287081
8412	-83.85091	-125.8574	42.00654	0.4456218	1.574464	1.123864
8418	-83.7556	-126.034	42.27841	1.204853	0.8015774	0.7602038
8424	-88.00155	-126.9147	38.91314	0.6189946	16.23661	0.7261086
8430	-69.57312	-111.4762	41.90304	0.6768994	1.365361	1.149172
8436	-69.76877	-110.3464	40.57758	0.7120356	5.223142	0.7359185
8442	-69.94251	-111.8634	41.92087	0.5456693	2.147949	0.7034758
8448	-72.77392	-115.2706	42.49671	0.4179342	1.424284	0.7364848
8454	-84.54849	-125.8847	41.33621	0.2136829	0.8898261	2.210589
8460	-75.36558	-118.3497	42.98409	0.1436858	0.9959502	0.9369951
8466	-67.0111	-109.668	42.65692	0.08731264	0.9959502	1.287756
8472	-77.85155	-119.0205	41.16891	0.3074655	2.711729	1.400697
8478	-76.50933	-118.26	41.75067	0.05883703	2.430332	1.241493
8484	-76.68156	-118.8144	42.13283	0.2784851	1.444669	1.241493
8490	-78.34752	-120.1582	41.81064	0.2082389	2.041293	1.241493
8496	-78.41441	-121.2227	42.80827	0.5709726	0.5187224	1.257663
8502	-81.36371	-123.8802	42.51649	0.2361332	0.9992196	1.278194
8508	-73.40104	-115.6054	42.20433	0.02021611	1.116728	1.597318
8514	-74.92793	-117.9062	42.97824	0.02590787	0.6936686	1.356172
8520	-75.04433	-115.8613	40.817	0.3668824	3.559813	1.356172
8526	-75.17358	-116.3325	41.15888	1.031262	2.222237	0.9944072
8532	-73.30921	-114.4495	41.14025	0.1746915	2.682009	1.533619
8538	-71.78451	-112.8152	41.0307	0.09470491	3.115407	1.533619
8544	-72.19578	-113.9489	41.75314	0.1351527	1.654053	1.533619
8550	-70.15632	-111.9234	41.76712	0.3085203	2.763925	0.8236344
8556	-72.18021	-113.3458	41.16562	0.09410701	3.915282	1.189363
8562	-72.96096	-113.5826	40.62164	0.04490128	4.218796	1.576397
8568	-78.60549	-119.2168	40.6113	0.4605835	4.218796	1.262835
8574	-76.14715	-116.8476	40.70049	0.5695698	4.063716	1.136365
8580	-79.91103	-120.5974	40.68638	0.8353282	4.683168	0.5566421
8586	-74.28515	-114.3889	40.10379	0.8353282	4.97376	1.182889
8592	-71.446	-112.0309	40.58489	0.8295861	3.886153	1.058898
8598	-69.31549	-111.9529	42.6374	0.1818063	1.161562	1.087393
8604	-74.14061	-115.8954	41.75482	0.6112845	1.416873	1.296268
8610	-70.45551	-111.9842	41.52865	0.1324227	2.597961	1.296268
8616	-74.41918	-115.6664	41.24724	1.076266	2.346852	0.7611678
8622	-74.0532	-115.5884	41.53523	0.7905111	2.515046	0.417624
8628	-78.85804	-119.0539	40.19583	1.783284	2.589844	0.1968921
8634	-75.02334	-116.5637	41.54036	1.239331	1.664753	0.3609109
8640	-80.91891	-121.7495	40.83063	1.239331	3.102187	0.5631633
8646	-76.19792	-118.5232	42.32527	0.8916917	1.097057	0.6919028
8652	-74.18821	-116.5527	42.36453	0.8916917	0.8868356	0.9216089
8658	-75.62124	-116.9241	41.30288	0.1976003	3.317229	1.17038
8664	-76.42444	-117.9929	41.56846	0.3016093	1.013124	1.914578
8670	-71.73514	-113.2648	41.52964	0.04753091	2.601985	1.361986
8676	-71.16198	-113.2653	42.10329	0.5660321	1.597081	0.8915355
8682	-79.87455	-120.7842	40.90967	0.4574528	4.291373	0.9734845
8688	-76.05834	-117.1193	41.06098	1.062554	2.991703	0.4913519
8694	-76.21065	-116.06	39.84931	1.197621	6.005802	0.2875966
8700	-64.86682	-106.5215	41.65472	1.387069	1.038338	0.2090793
8706	-70.07471	-110.1169	40.0422	1.552765	4.451887	0.4648998
8712	-75.64099	-116.0358	40.39485	1.431901	3.361069	0.2755561
8718	-73.59373	-113.8026	40.2089	1.624495	3.361069	0.2797019
8724	-76.46125	-117.3419	40.88062	1.038968	3.335053	0.7011976
8730	-76.37336	-118.9934	42.62006	0.6024488	0.7740465	1.084795
8736	-69.01875	-111.8916	42.87289	0.149234	0.9460038	1.091812
8742	-70.92615	-113.7551	42.82899	0.3062611	0.9460038	0.9825065
8748	-71.16629	-113.5864	42.42009	0.4934854	1.177289	0.9825065
8754	-78.34836	-121.37	43.02163	0.09304958	0.6210167	1.34701
8760	-87.04056	-126.8276	39.78707	0.9837301	7.240597	0.2869293
8766	-77.34962	-117.3616	40.01195	0.7123888	7.801817	0.3424375
8772	-79.05113	-119.202	40.15083	1.587792	3.042729	0.1852268
8778	-73.94901	-116.0863	42.13729	0.9493179	1.285258	0.618199
8784	-72.75684	-114.6799	41.92308	0.8672779	1.681874	0.6217913
8790	-72.32079	-113.3687	41.04794	0.2314136	3.928526	1.168382
8796	-72.14257	-113.3464	41.20387	0.3077814	3.294629	1.168382
8802	-71.24562	-113.6856	42.43994	0.2442761	1.52239	0.9339223
8808	-70.78414	-112.9215	42.13731	0.5469049	1.52239	0.9339223
8814	-67.37832	-110.1966	42.81829	0.4012967	1.025292	0.7932787
8820	-75.99467	-115.9829	39.98825	0.8026881	6.317161	1.003858
8826	-78.01419	-116.9309	38.9167	1.479185	9.594004	0.3319562
8832	-75.00634	-115.6685	40.66219	1.325872	3.251717	0.3897778
8838	-78.54737	-117.12	38.57263	1.325872	13.48102	0.3982653
8844	-74.94092	-116.3139	41.37298	0.7250914	2.236687	1.075971
8850	-75.90444	-117.2353	41.33088	0.4783355	1.778624	1.53115
8856	-79.72559	-121.9032	42.17758	0.3104179	0.9308812	1.538189
8862	-76.19672	-117.3191	41.12233	0.9954571	2.153338	1.099766
8868	-72.08376	-113.0425	40.9587	0.7494092	3.42244	0.9327347
8874	-66.2679	-107.4325	41.16457	0.806055	3.367024	0.5195537
8880	-71.40982	-113.2918	41.88194	0.2313516	2.819548	0.736121
8886	-71.82527	-115.0334	43.20817	0.08176744	1.048594	0.6372982
8892	-74.18429	-116.7535	42.56925	0.8212093	0.9380201	0.6605794
8898	-68.81681	-111.2399	42.42313	0.4679786	1.471015	0.7176983
8904	-69.66857	-112.6618	42.99322	1.015591	0.4797583	0.6275166
8910	-73.62125	-115.0696	41.4484	0.5020778	3.420118	0.4848182
8916	-71.2947	-113.1159	41.82115	0.08501195	3.049314	0.8782474
8922	-70.818	-112.8957	42.07772	0.6260408	1.517957	0.9161636
8928	-70.91968	-114.6339	43.71421	0.0740526	0.5432784	0.8195792
8934	-71.90949	-114.3707	42.46123	0.1032618	0.9258932	1.484973
8940	-81.05379	-123.2253	42.17154	0.1861485	0.6422849	1.876315
8946	-72.81834	-116.5738	43.7555	0.8624206	0.2126664	0.5099708
8952	-70.63937	-113.4392	42.79982	1.13167	0.512247	0.6774309
8958	-76.96653	-119.5572	42.59066	0.6554006	1.007997	0.780399
8964	-76.05004	-118.2919	42.24185	0.8759618	1.246776	0.6207587
8970	-73.12781	-113.1019	39.97407	0.3678383	3.734344	1.919076
8976	-69.20818	-111.0144	41.8062	0.9288407	1.471444	0.9194201
8982	-65.40383	-106.138	40.7342	1.427773	2.711217	0.3203283
8988	-70.8699	-112.5939	41.72402	0.52332	2.711217	0.516813
8994	-73.35688	-113.6398	40.2829	0.8600657	4.082994	1.240592
9000	-73.14391	-114.5511	41.40717	0.05815007	4.291533	0.8656742
